<?xml version="1.0" encoding="UTF-8"?>
<testsuite xmlns:xsi="http://www.w3.org/2001/XMLSchema-instance" xsi:noNamespaceSchemaLocation="https://maven.apache.org/surefire/maven-surefire-plugin/xsd/surefire-test-report.xsd" version="3.0.2" name="A3.projeto.A3Back.DTO.GolpeDTOPropertyTest" time="1.738" tests="7" errors="0" skipped="0" failures="0">
  <properties>
[...]
</properties>
  <testcase name="golpeDTOShouldNotHaveCPFField" classname="GolpeDTOPropertyTest" time="0.088">
    <system-out><![CDATA[2025-11-25T19:43:38.668-03:00  WARN 2472 --- [A3Back] [           main] n.j.engine.execution.CheckedProperty     : Running Property [GolpeDTOPropertyTest:golpeDTOShouldNotHaveCPFField] in container [A3.projeto.A3Back.DTO.GolpeDTOPropertyTest] without any @ForAll parameters for 100 tries.
    Maybe you want to change it into an @Example?
timestamp = 2025-11-25T19:43:38.735397100, GolpeDTOPropertyTest:golpeDTOShouldNotHaveCPFField = 
                              |-----------------------jqwik-----------------------
tries = 100                   | # of calls to property
checks = 100                  | # of not rejected calls
generation = RANDOMIZED       | parameters are randomly generated
after-failure = SAMPLE_FIRST  | try previously failed sample, then previous seed
when-fixed-seed = ALLOW       | fixing the random seed is allowed
edge-cases#mode = MIXIN       | edge cases are mixed in
edge-cases#total = 0          | # of all combined edge cases
edge-cases#tried = 0          | # of edge cases tried in current run
seed = 322805659235630262     | random seed to reproduce generated values


]]></system-out>
  </testcase>
  <testcase name="golpeDTOShouldHaveExactlyExpectedFields" classname="GolpeDTOPropertyTest" time="0.056">
    <system-out><![CDATA[2025-11-25T19:43:38.737-03:00  WARN 2472 --- [A3Back] [           main] n.j.engine.execution.CheckedProperty     : Running Property [GolpeDTOPropertyTest:golpeDTOShouldHaveExactlyExpectedFields] in container [A3.projeto.A3Back.DTO.GolpeDTOPropertyTest] without any @ForAll parameters for 100 tries.
    Maybe you want to change it into an @Example?
timestamp = 2025-11-25T19:43:38.793247400, GolpeDTOPropertyTest:golpeDTOShouldHaveExactlyExpectedFields = 
                              |-----------------------jqwik-----------------------
tries = 100                   | # of calls to property
checks = 100                  | # of not rejected calls
generation = RANDOMIZED       | parameters are randomly generated
after-failure = SAMPLE_FIRST  | try previously failed sample, then previous seed
when-fixed-seed = ALLOW       | fixing the random seed is allowed
edge-cases#mode = MIXIN       | edge cases are mixed in
edge-cases#total = 0          | # of all combined edge cases
edge-cases#tried = 0          | # of edge cases tried in current run
seed = 3176520015444049553    | random seed to reproduce generated values


]]></system-out>
  </testcase>
  <testcase name="golpeDTOShouldContainAllNonCPFFields" classname="GolpeDTOPropertyTest" time="0.479">
    <system-out><![CDATA[2025-11-25T19:43:39.012-03:00  INFO 2472 --- [A3Back] [           main] n.j.e.p.RandomizedShrinkablesGenerator   : Edge case generation exceeds number of tries. Stopped after 128 generated cases.
timestamp = 2025-11-25T19:43:39.330395700, GolpeDTOPropertyTest:golpeDTOShouldContainAllNonCPFFields = 
                              |-----------------------jqwik-----------------------
tries = 100                   | # of calls to property
checks = 100                  | # of not rejected calls
generation = RANDOMIZED       | parameters are randomly generated
after-failure = SAMPLE_FIRST  | try previously failed sample, then previous seed
when-fixed-seed = ALLOW       | fixing the random seed is allowed
edge-cases#mode = MIXIN       | edge cases are mixed in
edge-cases#total = 128        | # of all combined edge cases
edge-cases#tried = 15         | # of edge cases tried in current run
seed = 3008502883156496062    | random seed to reproduce generated values


]]></system-out>
  </testcase>
  <testcase name="golpeDTOShouldNotHaveCPFGetter" classname="GolpeDTOPropertyTest" time="0.027">
    <system-out><![CDATA[2025-11-25T19:43:39.334-03:00  WARN 2472 --- [A3Back] [           main] n.j.engine.execution.CheckedProperty     : Running Property [GolpeDTOPropertyTest:golpeDTOShouldNotHaveCPFGetter] in container [A3.projeto.A3Back.DTO.GolpeDTOPropertyTest] without any @ForAll parameters for 100 tries.
    Maybe you want to change it into an @Example?
timestamp = 2025-11-25T19:43:39.356580800, GolpeDTOPropertyTest:golpeDTOShouldNotHaveCPFGetter = 
                              |-----------------------jqwik-----------------------
tries = 100                   | # of calls to property
checks = 100                  | # of not rejected calls
generation = RANDOMIZED       | parameters are randomly generated
after-failure = SAMPLE_FIRST  | try previously failed sample, then previous seed
when-fixed-seed = ALLOW       | fixing the random seed is allowed
edge-cases#mode = MIXIN       | edge cases are mixed in
edge-cases#total = 0          | # of all combined edge cases
edge-cases#tried = 0          | # of edge cases tried in current run
seed = 3011405034885326374    | random seed to reproduce generated values


]]></system-out>
  </testcase>
  <testcase name="golpeDTOJsonShouldUseCamelCaseFieldNames" classname="GolpeDTOPropertyTest" time="0.446">
    <system-out><![CDATA[2025-11-25T19:43:39.499-03:00  INFO 2472 --- [A3Back] [           main] n.j.e.p.RandomizedShrinkablesGenerator   : Edge case generation exceeds number of tries. Stopped after 128 generated cases.
timestamp = 2025-11-25T19:43:39.812059, GolpeDTOPropertyTest:golpeDTOJsonShouldUseCamelCaseFieldNames = 
                              |-----------------------jqwik-----------------------
tries = 100                   | # of calls to property
checks = 100                  | # of not rejected calls
generation = RANDOMIZED       | parameters are randomly generated
after-failure = SAMPLE_FIRST  | try previously failed sample, then previous seed
when-fixed-seed = ALLOW       | fixing the random seed is allowed
edge-cases#mode = MIXIN       | edge cases are mixed in
edge-cases#total = 128        | # of all combined edge cases
edge-cases#tried = 18         | # of edge cases tried in current run
seed = -3869950997628572719   | random seed to reproduce generated values


]]></system-out>
  </testcase>
  <testcase name="golpeDTOShouldNotHaveCPFSetter" classname="GolpeDTOPropertyTest" time="0.033">
    <system-out><![CDATA[2025-11-25T19:43:39.819-03:00  WARN 2472 --- [A3Back] [           main] n.j.engine.execution.CheckedProperty     : Running Property [GolpeDTOPropertyTest:golpeDTOShouldNotHaveCPFSetter] in container [A3.projeto.A3Back.DTO.GolpeDTOPropertyTest] without any @ForAll parameters for 100 tries.
    Maybe you want to change it into an @Example?
timestamp = 2025-11-25T19:43:39.827090900, GolpeDTOPropertyTest:golpeDTOShouldNotHaveCPFSetter = 
                              |-----------------------jqwik-----------------------
tries = 100                   | # of calls to property
checks = 100                  | # of not rejected calls
generation = RANDOMIZED       | parameters are randomly generated
after-failure = SAMPLE_FIRST  | try previously failed sample, then previous seed
when-fixed-seed = ALLOW       | fixing the random seed is allowed
edge-cases#mode = MIXIN       | edge cases are mixed in
edge-cases#total = 0          | # of all combined edge cases
edge-cases#tried = 0          | # of edge cases tried in current run
seed = -549884966572229417    | random seed to reproduce generated values


]]></system-out>
  </testcase>
  <testcase name="golpeDTOJsonShouldNotContainCPF" classname="GolpeDTOPropertyTest" time="0.402">
    <system-out><![CDATA[2025-11-25T19:43:39.975-03:00  INFO 2472 --- [A3Back] [           main] n.j.e.p.RandomizedShrinkablesGenerator   : Edge case generation exceeds number of tries. Stopped after 128 generated cases.
timestamp = 2025-11-25T19:43:40.252978200, GolpeDTOPropertyTest:golpeDTOJsonShouldNotContainCPF = 
                              |-----------------------jqwik-----------------------
tries = 100                   | # of calls to property
checks = 100                  | # of not rejected calls
generation = RANDOMIZED       | parameters are randomly generated
after-failure = SAMPLE_FIRST  | try previously failed sample, then previous seed
when-fixed-seed = ALLOW       | fixing the random seed is allowed
edge-cases#mode = MIXIN       | edge cases are mixed in
edge-cases#total = 128        | # of all combined edge cases
edge-cases#tried = 14         | # of edge cases tried in current run
seed = -1119300985806865537   | random seed to reproduce generated values


]]></system-out>
  </testcase>
</testsuite>