<?xml version="1.0" encoding="UTF-8"?>
<testsuite xmlns:xsi="http://www.w3.org/2001/XMLSchema-instance" xsi:noNamespaceSchemaLocation="https://maven.apache.org/surefire/maven-surefire-plugin/xsd/surefire-test-report.xsd" version="3.0.2" name="A3.projeto.A3Back.service.ScamRetrievalServicePropertyTest" time="6.121" tests="6" errors="0" skipped="0" failures="0">
  <properties>
[...]
</properties>
  <testcase name="usernameLoggingShouldOccurAtInfoLevel" classname="ScamRetrievalServicePropertyTest" time="0.703">
    <system-out><![CDATA[2025-11-25T19:43:40.332-03:00  INFO 2472 --- [A3Back] [           main] A.p.A3Back.service.ScamRetrievalService  : Retrieving scam reports for company: NLaEwFpAmtLncsTADUdYSHdVdOZu
2025-11-25T19:43:40.344-03:00  INFO 2472 --- [A3Back] [           main] A.p.A3Back.service.ScamRetrievalService  : Successfully retrieved 1 scam report(s) for company: NLaEwFpAmtLncsTADUdYSHdVdOZu
2025-11-25T19:43:40.353-03:00  INFO 2472 --- [A3Back] [           main] A.p.A3Back.service.ScamRetrievalService  : Retrieving scam reports for company: AVPa
2025-11-25T19:43:40.353-03:00  INFO 2472 --- [A3Back] [           main] A.p.A3Back.service.ScamRetrievalService  : Successfully retrieved 1 scam report(s) for company: AVPa
2025-11-25T19:43:40.361-03:00  INFO 2472 --- [A3Back] [           main] A.p.A3Back.service.ScamRetrievalService  : Retrieving scam reports for company: GReksVA
2025-11-25T19:43:40.361-03:00  INFO 2472 --- [A3Back] [           main] A.p.A3Back.service.ScamRetrievalService  : Successfully retrieved 1 scam report(s) for company: GReksVA
2025-11-25T19:43:40.365-03:00  INFO 2472 --- [A3Back] [           main] A.p.A3Back.service.ScamRetrievalService  : Retrieving scam reports for company: SrXpAhfBqYqjF
2025-11-25T19:43:40.365-03:00  INFO 2472 --- [A3Back] [           main] A.p.A3Back.service.ScamRetrievalService  : Successfully retrieved 1 scam report(s) for company: SrXpAhfBqYqjF
2025-11-25T19:43:40.368-03:00  INFO 2472 --- [A3Back] [           main] A.p.A3Back.service.ScamRetrievalService  : Retrieving scam reports for company: XFwsrPCGgeddE
2025-11-25T19:43:40.368-03:00  INFO 2472 --- [A3Back] [           main] A.p.A3Back.service.ScamRetrievalService  : Successfully retrieved 1 scam report(s) for company: XFwsrPCGgeddE
2025-11-25T19:43:40.370-03:00  INFO 2472 --- [A3Back] [           main] A.p.A3Back.service.ScamRetrievalService  : Retrieving scam reports for company: lTaKrmFTQU
2025-11-25T19:43:40.370-03:00  INFO 2472 --- [A3Back] [           main] A.p.A3Back.service.ScamRetrievalService  : Successfully retrieved 1 scam report(s) for company: lTaKrmFTQU
2025-11-25T19:43:40.372-03:00  INFO 2472 --- [A3Back] [           main] A.p.A3Back.service.ScamRetrievalService  : Retrieving scam reports for company: ByQaAp
2025-11-25T19:43:40.372-03:00  INFO 2472 --- [A3Back] [           main] A.p.A3Back.service.ScamRetrievalService  : Successfully retrieved 1 scam report(s) for company: ByQaAp
2025-11-25T19:43:40.374-03:00  INFO 2472 --- [A3Back] [           main] A.p.A3Back.service.ScamRetrievalService  : Retrieving scam reports for company: DUynjpVRNfxYA
2025-11-25T19:43:40.374-03:00  INFO 2472 --- [A3Back] [           main] A.p.A3Back.service.ScamRetrievalService  : Successfully retrieved 1 scam report(s) for company: DUynjpVRNfxYA
2025-11-25T19:43:40.374-03:00  INFO 2472 --- [A3Back] [           main] A.p.A3Back.service.ScamRetrievalService  : Retrieving scam reports for company: cLJYasFxfkmVX
2025-11-25T19:43:40.374-03:00  INFO 2472 --- [A3Back] [           main] A.p.A3Back.service.ScamRetrievalService  : Successfully retrieved 1 scam report(s) for company: cLJYasFxfkmVX
2025-11-25T19:43:40.377-03:00  INFO 2472 --- [A3Back] [           main] A.p.A3Back.service.ScamRetrievalService  : Retrieving scam reports for company: KREgoxNSE
2025-11-25T19:43:40.379-03:00  INFO 2472 --- [A3Back] [           main] A.p.A3Back.service.ScamRetrievalService  : Successfully retrieved 1 scam report(s) for company: KREgoxNSE
2025-11-25T19:43:40.381-03:00  INFO 2472 --- [A3Back] [           main] A.p.A3Back.service.ScamRetrievalService  : Retrieving scam reports for company: TRZuikQkgjN
2025-11-25T19:43:40.386-03:00  INFO 2472 --- [A3Back] [           main] A.p.A3Back.service.ScamRetrievalService  : Successfully retrieved 1 scam report(s) for company: TRZuikQkgjN
2025-11-25T19:43:40.389-03:00  INFO 2472 --- [A3Back] [           main] A.p.A3Back.service.ScamRetrievalService  : Retrieving scam reports for company: xENsU
2025-11-25T19:43:40.392-03:00  INFO 2472 --- [A3Back] [           main] A.p.A3Back.service.ScamRetrievalService  : Successfully retrieved 1 scam report(s) for company: xENsU
2025-11-25T19:43:40.394-03:00  INFO 2472 --- [A3Back] [           main] A.p.A3Back.service.ScamRetrievalService  : Retrieving scam reports for company: mucEZDy
2025-11-25T19:43:40.394-03:00  INFO 2472 --- [A3Back] [           main] A.p.A3Back.service.ScamRetrievalService  : Successfully retrieved 1 scam report(s) for company: mucEZDy
2025-11-25T19:43:40.396-03:00  INFO 2472 --- [A3Back] [           main] A.p.A3Back.service.ScamRetrievalService  : Retrieving scam reports for company: MjWcJJjNHH
2025-11-25T19:43:40.396-03:00  INFO 2472 --- [A3Back] [           main] A.p.A3Back.service.ScamRetrievalService  : Successfully retrieved 1 scam report(s) for company: MjWcJJjNHH
2025-11-25T19:43:40.406-03:00  INFO 2472 --- [A3Back] [           main] A.p.A3Back.service.ScamRetrievalService  : Retrieving scam reports for company: mZDfA
2025-11-25T19:43:40.408-03:00  INFO 2472 --- [A3Back] [           main] A.p.A3Back.service.ScamRetrievalService  : Successfully retrieved 1 scam report(s) for company: mZDfA
2025-11-25T19:43:40.414-03:00  INFO 2472 --- [A3Back] [           main] A.p.A3Back.service.ScamRetrievalService  : Retrieving scam reports for company: tgvZCYvmg
2025-11-25T19:43:40.414-03:00  INFO 2472 --- [A3Back] [           main] A.p.A3Back.service.ScamRetrievalService  : Successfully retrieved 1 scam report(s) for company: tgvZCYvmg
2025-11-25T19:43:40.424-03:00  INFO 2472 --- [A3Back] [           main] A.p.A3Back.service.ScamRetrievalService  : Retrieving scam reports for company: XJHhUQ
2025-11-25T19:43:40.424-03:00  INFO 2472 --- [A3Back] [           main] A.p.A3Back.service.ScamRetrievalService  : Successfully retrieved 1 scam report(s) for company: XJHhUQ
2025-11-25T19:43:40.481-03:00  INFO 2472 --- [A3Back] [           main] A.p.A3Back.service.ScamRetrievalService  : Retrieving scam reports for company: nsfGNjFmE
2025-11-25T19:43:40.481-03:00  INFO 2472 --- [A3Back] [           main] A.p.A3Back.service.ScamRetrievalService  : Successfully retrieved 1 scam report(s) for company: nsfGNjFmE
2025-11-25T19:43:40.483-03:00  INFO 2472 --- [A3Back] [           main] A.p.A3Back.service.ScamRetrievalService  : Retrieving scam reports for company: iGLrbWlQY
2025-11-25T19:43:40.483-03:00  INFO 2472 --- [A3Back] [           main] A.p.A3Back.service.ScamRetrievalService  : Successfully retrieved 1 scam report(s) for company: iGLrbWlQY
2025-11-25T19:43:40.502-03:00  INFO 2472 --- [A3Back] [           main] A.p.A3Back.service.ScamRetrievalService  : Retrieving scam reports for company: nVzABNjB
2025-11-25T19:43:40.533-03:00  INFO 2472 --- [A3Back] [           main] A.p.A3Back.service.ScamRetrievalService  : Successfully retrieved 1 scam report(s) for company: nVzABNjB
2025-11-25T19:43:40.558-03:00  INFO 2472 --- [A3Back] [           main] A.p.A3Back.service.ScamRetrievalService  : Retrieving scam reports for company: KUvEfhjeTUM
2025-11-25T19:43:40.558-03:00  INFO 2472 --- [A3Back] [           main] A.p.A3Back.service.ScamRetrievalService  : Successfully retrieved 1 scam report(s) for company: KUvEfhjeTUM
2025-11-25T19:43:40.560-03:00  INFO 2472 --- [A3Back] [           main] A.p.A3Back.service.ScamRetrievalService  : Retrieving scam reports for company: sNtJumjF
2025-11-25T19:43:40.560-03:00  INFO 2472 --- [A3Back] [           main] A.p.A3Back.service.ScamRetrievalService  : Successfully retrieved 1 scam report(s) for company: sNtJumjF
2025-11-25T19:43:40.565-03:00  INFO 2472 --- [A3Back] [           main] A.p.A3Back.service.ScamRetrievalService  : Retrieving scam reports for company: jFSENWUgmLdwuzaQBnsoAkcqfXCvtIRKTHYhPi
2025-11-25T19:43:40.565-03:00  INFO 2472 --- [A3Back] [           main] A.p.A3Back.service.ScamRetrievalService  : Successfully retrieved 1 scam report(s) for company: jFSENWUgmLdwuzaQBnsoAkcqfXCvtIRKTHYhPi
2025-11-25T19:43:40.567-03:00  INFO 2472 --- [A3Back] [           main] A.p.A3Back.service.ScamRetrievalService  : Retrieving scam reports for company: AAA
2025-11-25T19:43:40.567-03:00  INFO 2472 --- [A3Back] [           main] A.p.A3Back.service.ScamRetrievalService  : Successfully retrieved 1 scam report(s) for company: AAA
2025-11-25T19:43:40.567-03:00  INFO 2472 --- [A3Back] [           main] A.p.A3Back.service.ScamRetrievalService  : Retrieving scam reports for company: KiEyv
2025-11-25T19:43:40.567-03:00  INFO 2472 --- [A3Back] [           main] A.p.A3Back.service.ScamRetrievalService  : Successfully retrieved 1 scam report(s) for company: KiEyv
2025-11-25T19:43:40.569-03:00  INFO 2472 --- [A3Back] [           main] A.p.A3Back.service.ScamRetrievalService  : Retrieving scam reports for company: AAA
2025-11-25T19:43:40.569-03:00  INFO 2472 --- [A3Back] [           main] A.p.A3Back.service.ScamRetrievalService  : Successfully retrieved 1 scam report(s) for company: AAA
2025-11-25T19:43:40.572-03:00  INFO 2472 --- [A3Back] [           main] A.p.A3Back.service.ScamRetrievalService  : Retrieving scam reports for company: fDauzyObUMcXT
2025-11-25T19:43:40.572-03:00  INFO 2472 --- [A3Back] [           main] A.p.A3Back.service.ScamRetrievalService  : Successfully retrieved 1 scam report(s) for company: fDauzyObUMcXT
2025-11-25T19:43:40.576-03:00  INFO 2472 --- [A3Back] [           main] A.p.A3Back.service.ScamRetrievalService  : Retrieving scam reports for company: pprENqOVqfbUHIKDKVgkJAzyVaUuUNlvNMqANUjoT
2025-11-25T19:43:40.576-03:00  INFO 2472 --- [A3Back] [           main] A.p.A3Back.service.ScamRetrievalService  : Successfully retrieved 1 scam report(s) for company: pprENqOVqfbUHIKDKVgkJAzyVaUuUNlvNMqANUjoT
2025-11-25T19:43:40.598-03:00  INFO 2472 --- [A3Back] [           main] A.p.A3Back.service.ScamRetrievalService  : Retrieving scam reports for company: Elbz
2025-11-25T19:43:40.601-03:00  INFO 2472 --- [A3Back] [           main] A.p.A3Back.service.ScamRetrievalService  : Successfully retrieved 1 scam report(s) for company: Elbz
2025-11-25T19:43:40.608-03:00  INFO 2472 --- [A3Back] [           main] A.p.A3Back.service.ScamRetrievalService  : Retrieving scam reports for company: nNdHpN
2025-11-25T19:43:40.608-03:00  INFO 2472 --- [A3Back] [           main] A.p.A3Back.service.ScamRetrievalService  : Successfully retrieved 1 scam report(s) for company: nNdHpN
2025-11-25T19:43:40.608-03:00  INFO 2472 --- [A3Back] [           main] A.p.A3Back.service.ScamRetrievalService  : Retrieving scam reports for company: cLuEBVKZKboP
2025-11-25T19:43:40.610-03:00  INFO 2472 --- [A3Back] [           main] A.p.A3Back.service.ScamRetrievalService  : Successfully retrieved 1 scam report(s) for company: cLuEBVKZKboP
2025-11-25T19:43:40.611-03:00  INFO 2472 --- [A3Back] [           main] A.p.A3Back.service.ScamRetrievalService  : Retrieving scam reports for company: mVwnJj
2025-11-25T19:43:40.611-03:00  INFO 2472 --- [A3Back] [           main] A.p.A3Back.service.ScamRetrievalService  : Successfully retrieved 1 scam report(s) for company: mVwnJj
2025-11-25T19:43:40.613-03:00  INFO 2472 --- [A3Back] [           main] A.p.A3Back.service.ScamRetrievalService  : Retrieving scam reports for company: VMzaoSLenO
2025-11-25T19:43:40.615-03:00  INFO 2472 --- [A3Back] [           main] A.p.A3Back.service.ScamRetrievalService  : Successfully retrieved 1 scam report(s) for company: VMzaoSLenO
2025-11-25T19:43:40.615-03:00  INFO 2472 --- [A3Back] [           main] A.p.A3Back.service.ScamRetrievalService  : Retrieving scam reports for company: lHfAI
2025-11-25T19:43:40.615-03:00  INFO 2472 --- [A3Back] [           main] A.p.A3Back.service.ScamRetrievalService  : Successfully retrieved 1 scam report(s) for company: lHfAI
2025-11-25T19:43:40.617-03:00  INFO 2472 --- [A3Back] [           main] A.p.A3Back.service.ScamRetrievalService  : Retrieving scam reports for company: vWzM
2025-11-25T19:43:40.617-03:00  INFO 2472 --- [A3Back] [           main] A.p.A3Back.service.ScamRetrievalService  : Successfully retrieved 1 scam report(s) for company: vWzM
2025-11-25T19:43:40.622-03:00  INFO 2472 --- [A3Back] [           main] A.p.A3Back.service.ScamRetrievalService  : Retrieving scam reports for company: IlgiLBW
2025-11-25T19:43:40.742-03:00  INFO 2472 --- [A3Back] [           main] A.p.A3Back.service.ScamRetrievalService  : Successfully retrieved 1 scam report(s) for company: IlgiLBW
2025-11-25T19:43:40.744-03:00  INFO 2472 --- [A3Back] [           main] A.p.A3Back.service.ScamRetrievalService  : Retrieving scam reports for company: wFW
2025-11-25T19:43:40.744-03:00  INFO 2472 --- [A3Back] [           main] A.p.A3Back.service.ScamRetrievalService  : Successfully retrieved 1 scam report(s) for company: wFW
2025-11-25T19:43:40.744-03:00  INFO 2472 --- [A3Back] [           main] A.p.A3Back.service.ScamRetrievalService  : Retrieving scam reports for company: XHFdySuaLM
2025-11-25T19:43:40.744-03:00  INFO 2472 --- [A3Back] [           main] A.p.A3Back.service.ScamRetrievalService  : Successfully retrieved 1 scam report(s) for company: XHFdySuaLM
2025-11-25T19:43:40.747-03:00  INFO 2472 --- [A3Back] [           main] A.p.A3Back.service.ScamRetrievalService  : Retrieving scam reports for company: NOyTtsl
2025-11-25T19:43:40.747-03:00  INFO 2472 --- [A3Back] [           main] A.p.A3Back.service.ScamRetrievalService  : Successfully retrieved 1 scam report(s) for company: NOyTtsl
2025-11-25T19:43:40.749-03:00  INFO 2472 --- [A3Back] [           main] A.p.A3Back.service.ScamRetrievalService  : Retrieving scam reports for company: roDDSG
2025-11-25T19:43:40.749-03:00  INFO 2472 --- [A3Back] [           main] A.p.A3Back.service.ScamRetrievalService  : Successfully retrieved 1 scam report(s) for company: roDDSG
2025-11-25T19:43:40.754-03:00  INFO 2472 --- [A3Back] [           main] A.p.A3Back.service.ScamRetrievalService  : Retrieving scam reports for company: GaHqRjCEGfUqL
2025-11-25T19:43:40.754-03:00  INFO 2472 --- [A3Back] [           main] A.p.A3Back.service.ScamRetrievalService  : Successfully retrieved 1 scam report(s) for company: GaHqRjCEGfUqL
2025-11-25T19:43:40.756-03:00  INFO 2472 --- [A3Back] [           main] A.p.A3Back.service.ScamRetrievalService  : Retrieving scam reports for company: nGgdO
2025-11-25T19:43:40.756-03:00  INFO 2472 --- [A3Back] [           main] A.p.A3Back.service.ScamRetrievalService  : Successfully retrieved 1 scam report(s) for company: nGgdO
2025-11-25T19:43:40.760-03:00  INFO 2472 --- [A3Back] [           main] A.p.A3Back.service.ScamRetrievalService  : Retrieving scam reports for company: qTacnCnevTS
2025-11-25T19:43:40.760-03:00  INFO 2472 --- [A3Back] [           main] A.p.A3Back.service.ScamRetrievalService  : Successfully retrieved 1 scam report(s) for company: qTacnCnevTS
2025-11-25T19:43:40.765-03:00  INFO 2472 --- [A3Back] [           main] A.p.A3Back.service.ScamRetrievalService  : Retrieving scam reports for company: ZfGncjoMjiKFnddfdkTXDceQbkvIgSxegbTJLahFlFWR
2025-11-25T19:43:40.765-03:00  INFO 2472 --- [A3Back] [           main] A.p.A3Back.service.ScamRetrievalService  : Successfully retrieved 1 scam report(s) for company: ZfGncjoMjiKFnddfdkTXDceQbkvIgSxegbTJLahFlFWR
2025-11-25T19:43:40.767-03:00  INFO 2472 --- [A3Back] [           main] A.p.A3Back.service.ScamRetrievalService  : Retrieving scam reports for company: SCFTAs
2025-11-25T19:43:40.767-03:00  INFO 2472 --- [A3Back] [           main] A.p.A3Back.service.ScamRetrievalService  : Successfully retrieved 1 scam report(s) for company: SCFTAs
2025-11-25T19:43:40.769-03:00  INFO 2472 --- [A3Back] [           main] A.p.A3Back.service.ScamRetrievalService  : Retrieving scam reports for company: caiYM
2025-11-25T19:43:40.769-03:00  INFO 2472 --- [A3Back] [           main] A.p.A3Back.service.ScamRetrievalService  : Successfully retrieved 1 scam report(s) for company: caiYM
2025-11-25T19:43:40.771-03:00  INFO 2472 --- [A3Back] [           main] A.p.A3Back.service.ScamRetrievalService  : Retrieving scam reports for company: Lst
2025-11-25T19:43:40.771-03:00  INFO 2472 --- [A3Back] [           main] A.p.A3Back.service.ScamRetrievalService  : Successfully retrieved 1 scam report(s) for company: Lst
2025-11-25T19:43:40.773-03:00  INFO 2472 --- [A3Back] [           main] A.p.A3Back.service.ScamRetrievalService  : Retrieving scam reports for company: AAA
2025-11-25T19:43:40.773-03:00  INFO 2472 --- [A3Back] [           main] A.p.A3Back.service.ScamRetrievalService  : Successfully retrieved 1 scam report(s) for company: AAA
2025-11-25T19:43:40.775-03:00  INFO 2472 --- [A3Back] [           main] A.p.A3Back.service.ScamRetrievalService  : Retrieving scam reports for company: dNQCBCKXdlmsY
2025-11-25T19:43:40.775-03:00  INFO 2472 --- [A3Back] [           main] A.p.A3Back.service.ScamRetrievalService  : Successfully retrieved 1 scam report(s) for company: dNQCBCKXdlmsY
2025-11-25T19:43:40.777-03:00  INFO 2472 --- [A3Back] [           main] A.p.A3Back.service.ScamRetrievalService  : Retrieving scam reports for company: pzFBZYnFBKrLzKnNEAXpcktB
2025-11-25T19:43:40.777-03:00  INFO 2472 --- [A3Back] [           main] A.p.A3Back.service.ScamRetrievalService  : Successfully retrieved 1 scam report(s) for company: pzFBZYnFBKrLzKnNEAXpcktB
2025-11-25T19:43:40.782-03:00  INFO 2472 --- [A3Back] [           main] A.p.A3Back.service.ScamRetrievalService  : Retrieving scam reports for company: shcsUw
2025-11-25T19:43:40.784-03:00  INFO 2472 --- [A3Back] [           main] A.p.A3Back.service.ScamRetrievalService  : Successfully retrieved 1 scam report(s) for company: shcsUw
2025-11-25T19:43:40.784-03:00  INFO 2472 --- [A3Back] [           main] A.p.A3Back.service.ScamRetrievalService  : Retrieving scam reports for company: tPz
2025-11-25T19:43:40.784-03:00  INFO 2472 --- [A3Back] [           main] A.p.A3Back.service.ScamRetrievalService  : Successfully retrieved 1 scam report(s) for company: tPz
2025-11-25T19:43:40.786-03:00  INFO 2472 --- [A3Back] [           main] A.p.A3Back.service.ScamRetrievalService  : Retrieving scam reports for company: OQiGrtv
2025-11-25T19:43:40.786-03:00  INFO 2472 --- [A3Back] [           main] A.p.A3Back.service.ScamRetrievalService  : Successfully retrieved 1 scam report(s) for company: OQiGrtv
2025-11-25T19:43:40.792-03:00  INFO 2472 --- [A3Back] [           main] A.p.A3Back.service.ScamRetrievalService  : Retrieving scam reports for company: XHIoVZYVSmkjeLquzeYvCxHg
2025-11-25T19:43:40.792-03:00  INFO 2472 --- [A3Back] [           main] A.p.A3Back.service.ScamRetrievalService  : Successfully retrieved 1 scam report(s) for company: XHIoVZYVSmkjeLquzeYvCxHg
2025-11-25T19:43:40.792-03:00  INFO 2472 --- [A3Back] [           main] A.p.A3Back.service.ScamRetrievalService  : Retrieving scam reports for company: UPkSxsDBSo
2025-11-25T19:43:40.792-03:00  INFO 2472 --- [A3Back] [           main] A.p.A3Back.service.ScamRetrievalService  : Successfully retrieved 1 scam report(s) for company: UPkSxsDBSo
2025-11-25T19:43:40.805-03:00  INFO 2472 --- [A3Back] [           main] A.p.A3Back.service.ScamRetrievalService  : Retrieving scam reports for company: VKThHMyDmdmP
2025-11-25T19:43:40.805-03:00  INFO 2472 --- [A3Back] [           main] A.p.A3Back.service.ScamRetrievalService  : Successfully retrieved 1 scam report(s) for company: VKThHMyDmdmP
2025-11-25T19:43:40.809-03:00  INFO 2472 --- [A3Back] [           main] A.p.A3Back.service.ScamRetrievalService  : Retrieving scam reports for company: UBwTeknoONZZcQBqCwnKXCEVczXpjXkYMkOFXy
2025-11-25T19:43:40.809-03:00  INFO 2472 --- [A3Back] [           main] A.p.A3Back.service.ScamRetrievalService  : Successfully retrieved 1 scam report(s) for company: UBwTeknoONZZcQBqCwnKXCEVczXpjXkYMkOFXy
2025-11-25T19:43:40.809-03:00  INFO 2472 --- [A3Back] [           main] A.p.A3Back.service.ScamRetrievalService  : Retrieving scam reports for company: IVZLmBzr
2025-11-25T19:43:40.809-03:00  INFO 2472 --- [A3Back] [           main] A.p.A3Back.service.ScamRetrievalService  : Successfully retrieved 1 scam report(s) for company: IVZLmBzr
2025-11-25T19:43:40.813-03:00  INFO 2472 --- [A3Back] [           main] A.p.A3Back.service.ScamRetrievalService  : Retrieving scam reports for company: NDVuEvxvqVU
2025-11-25T19:43:40.813-03:00  INFO 2472 --- [A3Back] [           main] A.p.A3Back.service.ScamRetrievalService  : Successfully retrieved 1 scam report(s) for company: NDVuEvxvqVU
2025-11-25T19:43:40.815-03:00  INFO 2472 --- [A3Back] [           main] A.p.A3Back.service.ScamRetrievalService  : Retrieving scam reports for company: TqpvLGwF
2025-11-25T19:43:40.815-03:00  INFO 2472 --- [A3Back] [           main] A.p.A3Back.service.ScamRetrievalService  : Successfully retrieved 1 scam report(s) for company: TqpvLGwF
2025-11-25T19:43:40.815-03:00  INFO 2472 --- [A3Back] [           main] A.p.A3Back.service.ScamRetrievalService  : Retrieving scam reports for company: lmWiMwlNL
2025-11-25T19:43:40.817-03:00  INFO 2472 --- [A3Back] [           main] A.p.A3Back.service.ScamRetrievalService  : Successfully retrieved 1 scam report(s) for company: lmWiMwlNL
2025-11-25T19:43:40.824-03:00  INFO 2472 --- [A3Back] [           main] A.p.A3Back.service.ScamRetrievalService  : Retrieving scam reports for company: RROvXdLoiTOo
2025-11-25T19:43:40.824-03:00  INFO 2472 --- [A3Back] [           main] A.p.A3Back.service.ScamRetrievalService  : Successfully retrieved 1 scam report(s) for company: RROvXdLoiTOo
2025-11-25T19:43:40.863-03:00  INFO 2472 --- [A3Back] [           main] A.p.A3Back.service.ScamRetrievalService  : Retrieving scam reports for company: pyEfdTtMr
2025-11-25T19:43:40.865-03:00  INFO 2472 --- [A3Back] [           main] A.p.A3Back.service.ScamRetrievalService  : Successfully retrieved 1 scam report(s) for company: pyEfdTtMr
2025-11-25T19:43:40.865-03:00  INFO 2472 --- [A3Back] [           main] A.p.A3Back.service.ScamRetrievalService  : Retrieving scam reports for company: IUZZ
2025-11-25T19:43:40.865-03:00  INFO 2472 --- [A3Back] [           main] A.p.A3Back.service.ScamRetrievalService  : Successfully retrieved 1 scam report(s) for company: IUZZ
2025-11-25T19:43:40.867-03:00  INFO 2472 --- [A3Back] [           main] A.p.A3Back.service.ScamRetrievalService  : Retrieving scam reports for company: HuwwB
2025-11-25T19:43:40.867-03:00  INFO 2472 --- [A3Back] [           main] A.p.A3Back.service.ScamRetrievalService  : Successfully retrieved 1 scam report(s) for company: HuwwB
2025-11-25T19:43:40.871-03:00  INFO 2472 --- [A3Back] [           main] A.p.A3Back.service.ScamRetrievalService  : Retrieving scam reports for company: mhLkgeV
2025-11-25T19:43:40.871-03:00  INFO 2472 --- [A3Back] [           main] A.p.A3Back.service.ScamRetrievalService  : Successfully retrieved 1 scam report(s) for company: mhLkgeV
2025-11-25T19:43:40.873-03:00  INFO 2472 --- [A3Back] [           main] A.p.A3Back.service.ScamRetrievalService  : Retrieving scam reports for company: nnkwVP
2025-11-25T19:43:40.873-03:00  INFO 2472 --- [A3Back] [           main] A.p.A3Back.service.ScamRetrievalService  : Successfully retrieved 1 scam report(s) for company: nnkwVP
2025-11-25T19:43:40.873-03:00  INFO 2472 --- [A3Back] [           main] A.p.A3Back.service.ScamRetrievalService  : Retrieving scam reports for company: lNpdakrLn
2025-11-25T19:43:40.875-03:00  INFO 2472 --- [A3Back] [           main] A.p.A3Back.service.ScamRetrievalService  : Successfully retrieved 1 scam report(s) for company: lNpdakrLn
2025-11-25T19:43:40.877-03:00  INFO 2472 --- [A3Back] [           main] A.p.A3Back.service.ScamRetrievalService  : Retrieving scam reports for company: DaN
2025-11-25T19:43:40.877-03:00  INFO 2472 --- [A3Back] [           main] A.p.A3Back.service.ScamRetrievalService  : Successfully retrieved 1 scam report(s) for company: DaN
2025-11-25T19:43:40.888-03:00  INFO 2472 --- [A3Back] [           main] A.p.A3Back.service.ScamRetrievalService  : Retrieving scam reports for company: ZZZ
2025-11-25T19:43:40.888-03:00  INFO 2472 --- [A3Back] [           main] A.p.A3Back.service.ScamRetrievalService  : Successfully retrieved 1 scam report(s) for company: ZZZ
2025-11-25T19:43:40.892-03:00  INFO 2472 --- [A3Back] [           main] A.p.A3Back.service.ScamRetrievalService  : Retrieving scam reports for company: vTceoGLVgX
2025-11-25T19:43:40.892-03:00  INFO 2472 --- [A3Back] [           main] A.p.A3Back.service.ScamRetrievalService  : Successfully retrieved 1 scam report(s) for company: vTceoGLVgX
2025-11-25T19:43:40.894-03:00  INFO 2472 --- [A3Back] [           main] A.p.A3Back.service.ScamRetrievalService  : Retrieving scam reports for company: aaa
2025-11-25T19:43:40.894-03:00  INFO 2472 --- [A3Back] [           main] A.p.A3Back.service.ScamRetrievalService  : Successfully retrieved 1 scam report(s) for company: aaa
2025-11-25T19:43:40.896-03:00  INFO 2472 --- [A3Back] [           main] A.p.A3Back.service.ScamRetrievalService  : Retrieving scam reports for company: bODrEsZLGdNld
2025-11-25T19:43:40.896-03:00  INFO 2472 --- [A3Back] [           main] A.p.A3Back.service.ScamRetrievalService  : Successfully retrieved 1 scam report(s) for company: bODrEsZLGdNld
2025-11-25T19:43:40.898-03:00  INFO 2472 --- [A3Back] [           main] A.p.A3Back.service.ScamRetrievalService  : Retrieving scam reports for company: qHWB
2025-11-25T19:43:40.898-03:00  INFO 2472 --- [A3Back] [           main] A.p.A3Back.service.ScamRetrievalService  : Successfully retrieved 1 scam report(s) for company: qHWB
2025-11-25T19:43:40.900-03:00  INFO 2472 --- [A3Back] [           main] A.p.A3Back.service.ScamRetrievalService  : Retrieving scam reports for company: NElig
2025-11-25T19:43:40.900-03:00  INFO 2472 --- [A3Back] [           main] A.p.A3Back.service.ScamRetrievalService  : Successfully retrieved 1 scam report(s) for company: NElig
2025-11-25T19:43:40.906-03:00  INFO 2472 --- [A3Back] [           main] A.p.A3Back.service.ScamRetrievalService  : Retrieving scam reports for company: FWY
2025-11-25T19:43:40.910-03:00  INFO 2472 --- [A3Back] [           main] A.p.A3Back.service.ScamRetrievalService  : Successfully retrieved 1 scam report(s) for company: FWY
2025-11-25T19:43:40.912-03:00  INFO 2472 --- [A3Back] [           main] A.p.A3Back.service.ScamRetrievalService  : Retrieving scam reports for company: jYUSowQXTK
2025-11-25T19:43:40.912-03:00  INFO 2472 --- [A3Back] [           main] A.p.A3Back.service.ScamRetrievalService  : Successfully retrieved 1 scam report(s) for company: jYUSowQXTK
2025-11-25T19:43:40.914-03:00  INFO 2472 --- [A3Back] [           main] A.p.A3Back.service.ScamRetrievalService  : Retrieving scam reports for company: hvfNca
2025-11-25T19:43:40.914-03:00  INFO 2472 --- [A3Back] [           main] A.p.A3Back.service.ScamRetrievalService  : Successfully retrieved 1 scam report(s) for company: hvfNca
2025-11-25T19:43:40.914-03:00  INFO 2472 --- [A3Back] [           main] A.p.A3Back.service.ScamRetrievalService  : Retrieving scam reports for company: zzz
2025-11-25T19:43:40.916-03:00  INFO 2472 --- [A3Back] [           main] A.p.A3Back.service.ScamRetrievalService  : Successfully retrieved 1 scam report(s) for company: zzz
2025-11-25T19:43:40.917-03:00  INFO 2472 --- [A3Back] [           main] A.p.A3Back.service.ScamRetrievalService  : Retrieving scam reports for company: szEDvLGeSEMUqvLegdkcBDaOkwMNKoBVFEiC
2025-11-25T19:43:40.917-03:00  INFO 2472 --- [A3Back] [           main] A.p.A3Back.service.ScamRetrievalService  : Successfully retrieved 1 scam report(s) for company: szEDvLGeSEMUqvLegdkcBDaOkwMNKoBVFEiC
2025-11-25T19:43:40.919-03:00  INFO 2472 --- [A3Back] [           main] A.p.A3Back.service.ScamRetrievalService  : Retrieving scam reports for company: fNO
2025-11-25T19:43:40.919-03:00  INFO 2472 --- [A3Back] [           main] A.p.A3Back.service.ScamRetrievalService  : Successfully retrieved 1 scam report(s) for company: fNO
2025-11-25T19:43:40.923-03:00  INFO 2472 --- [A3Back] [           main] A.p.A3Back.service.ScamRetrievalService  : Retrieving scam reports for company: lUGjRHFcLlVA
2025-11-25T19:43:40.923-03:00  INFO 2472 --- [A3Back] [           main] A.p.A3Back.service.ScamRetrievalService  : Successfully retrieved 1 scam report(s) for company: lUGjRHFcLlVA
2025-11-25T19:43:40.932-03:00  INFO 2472 --- [A3Back] [           main] A.p.A3Back.service.ScamRetrievalService  : Retrieving scam reports for company: OwVWWfbVV
2025-11-25T19:43:40.932-03:00  INFO 2472 --- [A3Back] [           main] A.p.A3Back.service.ScamRetrievalService  : Successfully retrieved 1 scam report(s) for company: OwVWWfbVV
2025-11-25T19:43:40.932-03:00  INFO 2472 --- [A3Back] [           main] A.p.A3Back.service.ScamRetrievalService  : Retrieving scam reports for company: iWGJoPOhIxr
2025-11-25T19:43:40.934-03:00  INFO 2472 --- [A3Back] [           main] A.p.A3Back.service.ScamRetrievalService  : Successfully retrieved 1 scam report(s) for company: iWGJoPOhIxr
2025-11-25T19:43:40.934-03:00  INFO 2472 --- [A3Back] [           main] A.p.A3Back.service.ScamRetrievalService  : Retrieving scam reports for company: jelqN
2025-11-25T19:43:40.936-03:00  INFO 2472 --- [A3Back] [           main] A.p.A3Back.service.ScamRetrievalService  : Successfully retrieved 1 scam report(s) for company: jelqN
2025-11-25T19:43:40.936-03:00  INFO 2472 --- [A3Back] [           main] A.p.A3Back.service.ScamRetrievalService  : Retrieving scam reports for company: aPBIbriadiCKnRjX
2025-11-25T19:43:40.936-03:00  INFO 2472 --- [A3Back] [           main] A.p.A3Back.service.ScamRetrievalService  : Successfully retrieved 1 scam report(s) for company: aPBIbriadiCKnRjX
2025-11-25T19:43:40.939-03:00  INFO 2472 --- [A3Back] [           main] A.p.A3Back.service.ScamRetrievalService  : Retrieving scam reports for company: yhzNkf
2025-11-25T19:43:40.939-03:00  INFO 2472 --- [A3Back] [           main] A.p.A3Back.service.ScamRetrievalService  : Successfully retrieved 1 scam report(s) for company: yhzNkf
2025-11-25T19:43:40.941-03:00  INFO 2472 --- [A3Back] [           main] A.p.A3Back.service.ScamRetrievalService  : Retrieving scam reports for company: IDX
2025-11-25T19:43:40.941-03:00  INFO 2472 --- [A3Back] [           main] A.p.A3Back.service.ScamRetrievalService  : Successfully retrieved 1 scam report(s) for company: IDX
2025-11-25T19:43:40.943-03:00  INFO 2472 --- [A3Back] [           main] A.p.A3Back.service.ScamRetrievalService  : Retrieving scam reports for company: iNKxqcPHuLqVP
2025-11-25T19:43:40.943-03:00  INFO 2472 --- [A3Back] [           main] A.p.A3Back.service.ScamRetrievalService  : Successfully retrieved 1 scam report(s) for company: iNKxqcPHuLqVP
2025-11-25T19:43:40.943-03:00  INFO 2472 --- [A3Back] [           main] A.p.A3Back.service.ScamRetrievalService  : Retrieving scam reports for company: TCvyWSimHmXwthPcsJKrjSRAjurxqMHIyKnsSDg
2025-11-25T19:43:40.943-03:00  INFO 2472 --- [A3Back] [           main] A.p.A3Back.service.ScamRetrievalService  : Successfully retrieved 1 scam report(s) for company: TCvyWSimHmXwthPcsJKrjSRAjurxqMHIyKnsSDg
2025-11-25T19:43:40.949-03:00  INFO 2472 --- [A3Back] [           main] A.p.A3Back.service.ScamRetrievalService  : Retrieving scam reports for company: oGeOqSTg
2025-11-25T19:43:40.949-03:00  INFO 2472 --- [A3Back] [           main] A.p.A3Back.service.ScamRetrievalService  : Successfully retrieved 1 scam report(s) for company: oGeOqSTg
2025-11-25T19:43:40.951-03:00  INFO 2472 --- [A3Back] [           main] A.p.A3Back.service.ScamRetrievalService  : Retrieving scam reports for company: WvM
2025-11-25T19:43:40.951-03:00  INFO 2472 --- [A3Back] [           main] A.p.A3Back.service.ScamRetrievalService  : Successfully retrieved 1 scam report(s) for company: WvM
2025-11-25T19:43:40.955-03:00  INFO 2472 --- [A3Back] [           main] A.p.A3Back.service.ScamRetrievalService  : Retrieving scam reports for company: CjaAwe
2025-11-25T19:43:40.957-03:00  INFO 2472 --- [A3Back] [           main] A.p.A3Back.service.ScamRetrievalService  : Successfully retrieved 1 scam report(s) for company: CjaAwe
2025-11-25T19:43:40.957-03:00  INFO 2472 --- [A3Back] [           main] A.p.A3Back.service.ScamRetrievalService  : Retrieving scam reports for company: ZBWlHirjukP
2025-11-25T19:43:40.957-03:00  INFO 2472 --- [A3Back] [           main] A.p.A3Back.service.ScamRetrievalService  : Successfully retrieved 1 scam report(s) for company: ZBWlHirjukP
2025-11-25T19:43:40.981-03:00  INFO 2472 --- [A3Back] [           main] A.p.A3Back.service.ScamRetrievalService  : Retrieving scam reports for company: MUrL
2025-11-25T19:43:40.981-03:00  INFO 2472 --- [A3Back] [           main] A.p.A3Back.service.ScamRetrievalService  : Successfully retrieved 1 scam report(s) for company: MUrL
2025-11-25T19:43:40.983-03:00  INFO 2472 --- [A3Back] [           main] A.p.A3Back.service.ScamRetrievalService  : Retrieving scam reports for company: OMu
2025-11-25T19:43:40.983-03:00  INFO 2472 --- [A3Back] [           main] A.p.A3Back.service.ScamRetrievalService  : Successfully retrieved 1 scam report(s) for company: OMu
2025-11-25T19:43:40.985-03:00  INFO 2472 --- [A3Back] [           main] A.p.A3Back.service.ScamRetrievalService  : Retrieving scam reports for company: ALD
2025-11-25T19:43:40.987-03:00  INFO 2472 --- [A3Back] [           main] A.p.A3Back.service.ScamRetrievalService  : Successfully retrieved 1 scam report(s) for company: ALD
2025-11-25T19:43:40.989-03:00  INFO 2472 --- [A3Back] [           main] A.p.A3Back.service.ScamRetrievalService  : Retrieving scam reports for company: eqJZbToDvrHNmYPAIVhpFJHeZ
2025-11-25T19:43:40.995-03:00  INFO 2472 --- [A3Back] [           main] A.p.A3Back.service.ScamRetrievalService  : Successfully retrieved 1 scam report(s) for company: eqJZbToDvrHNmYPAIVhpFJHeZ
2025-11-25T19:43:40.997-03:00  INFO 2472 --- [A3Back] [           main] A.p.A3Back.service.ScamRetrievalService  : Retrieving scam reports for company: eNOYTTexvtED
2025-11-25T19:43:40.997-03:00  INFO 2472 --- [A3Back] [           main] A.p.A3Back.service.ScamRetrievalService  : Successfully retrieved 1 scam report(s) for company: eNOYTTexvtED
2025-11-25T19:43:40.997-03:00  INFO 2472 --- [A3Back] [           main] A.p.A3Back.service.ScamRetrievalService  : Retrieving scam reports for company: aiVzyjwUyiue
2025-11-25T19:43:40.999-03:00  INFO 2472 --- [A3Back] [           main] A.p.A3Back.service.ScamRetrievalService  : Successfully retrieved 1 scam report(s) for company: aiVzyjwUyiue
timestamp = 2025-11-25T19:43:40.999499, ScamRetrievalServicePropertyTest:usernameLoggingShouldOccurAtInfoLevel = 
                              |-----------------------jqwik-----------------------
tries = 100                   | # of calls to property
checks = 100                  | # of not rejected calls
generation = RANDOMIZED       | parameters are randomly generated
after-failure = SAMPLE_FIRST  | try previously failed sample, then previous seed
when-fixed-seed = ALLOW       | fixing the random seed is allowed
edge-cases#mode = MIXIN       | edge cases are mixed in
edge-cases#total = 4          | # of all combined edge cases
edge-cases#tried = 4          | # of edge cases tried in current run
seed = 4954282738897515105    | random seed to reproduce generated values


]]></system-out>
  </testcase>
  <testcase name="cpfShouldBeExcludedFromGolpeDTO" classname="ScamRetrievalServicePropertyTest" time="1.089">
    <system-out><![CDATA[2025-11-25T19:43:41.148-03:00  INFO 2472 --- [A3Back] [           main] A.p.A3Back.service.ScamRetrievalService  : Retrieving scam reports for company: gBXfRoqlc
2025-11-25T19:43:41.148-03:00  INFO 2472 --- [A3Back] [           main] A.p.A3Back.service.ScamRetrievalService  : Successfully retrieved 10 scam report(s) for company: gBXfRoqlc
2025-11-25T19:43:41.186-03:00  INFO 2472 --- [A3Back] [           main] A.p.A3Back.service.ScamRetrievalService  : Retrieving scam reports for company: AAA
2025-11-25T19:43:41.188-03:00  INFO 2472 --- [A3Back] [           main] A.p.A3Back.service.ScamRetrievalService  : Successfully retrieved 8 scam report(s) for company: AAA
2025-11-25T19:43:41.189-03:00  INFO 2472 --- [A3Back] [           main] A.p.A3Back.service.ScamRetrievalService  : Retrieving scam reports for company: cXaJABbTR
2025-11-25T19:43:41.191-03:00  INFO 2472 --- [A3Back] [           main] A.p.A3Back.service.ScamRetrievalService  : Successfully retrieved 3 scam report(s) for company: cXaJABbTR
2025-11-25T19:43:41.193-03:00  INFO 2472 --- [A3Back] [           main] A.p.A3Back.service.ScamRetrievalService  : Retrieving scam reports for company: MrfgvtjAvM
2025-11-25T19:43:41.193-03:00  INFO 2472 --- [A3Back] [           main] A.p.A3Back.service.ScamRetrievalService  : Successfully retrieved 2 scam report(s) for company: MrfgvtjAvM
2025-11-25T19:43:41.210-03:00  INFO 2472 --- [A3Back] [           main] A.p.A3Back.service.ScamRetrievalService  : Retrieving scam reports for company: bINUUAAyNiUjy
2025-11-25T19:43:41.210-03:00  INFO 2472 --- [A3Back] [           main] A.p.A3Back.service.ScamRetrievalService  : Successfully retrieved 5 scam report(s) for company: bINUUAAyNiUjy
2025-11-25T19:43:41.240-03:00  INFO 2472 --- [A3Back] [           main] A.p.A3Back.service.ScamRetrievalService  : Retrieving scam reports for company: nCFzHK
2025-11-25T19:43:41.243-03:00  INFO 2472 --- [A3Back] [           main] A.p.A3Back.service.ScamRetrievalService  : Successfully retrieved 8 scam report(s) for company: nCFzHK
2025-11-25T19:43:41.293-03:00  INFO 2472 --- [A3Back] [           main] A.p.A3Back.service.ScamRetrievalService  : Retrieving scam reports for company: khevCj
2025-11-25T19:43:41.296-03:00  INFO 2472 --- [A3Back] [           main] A.p.A3Back.service.ScamRetrievalService  : Successfully retrieved 5 scam report(s) for company: khevCj
2025-11-25T19:43:41.304-03:00  INFO 2472 --- [A3Back] [           main] A.p.A3Back.service.ScamRetrievalService  : Retrieving scam reports for company: pmpaGVJrb
2025-11-25T19:43:41.304-03:00  INFO 2472 --- [A3Back] [           main] A.p.A3Back.service.ScamRetrievalService  : Successfully retrieved 4 scam report(s) for company: pmpaGVJrb
2025-11-25T19:43:41.309-03:00  INFO 2472 --- [A3Back] [           main] A.p.A3Back.service.ScamRetrievalService  : Retrieving scam reports for company: webzkHzK
2025-11-25T19:43:41.309-03:00  INFO 2472 --- [A3Back] [           main] A.p.A3Back.service.ScamRetrievalService  : Successfully retrieved 2 scam report(s) for company: webzkHzK
2025-11-25T19:43:41.310-03:00  INFO 2472 --- [A3Back] [           main] A.p.A3Back.service.ScamRetrievalService  : Retrieving scam reports for company: iMsXxfiONhnBH
2025-11-25T19:43:41.312-03:00  INFO 2472 --- [A3Back] [           main] A.p.A3Back.service.ScamRetrievalService  : Successfully retrieved 3 scam report(s) for company: iMsXxfiONhnBH
2025-11-25T19:43:41.325-03:00  INFO 2472 --- [A3Back] [           main] A.p.A3Back.service.ScamRetrievalService  : Retrieving scam reports for company: jORabtAKng
2025-11-25T19:43:41.327-03:00  INFO 2472 --- [A3Back] [           main] A.p.A3Back.service.ScamRetrievalService  : Successfully retrieved 7 scam report(s) for company: jORabtAKng
2025-11-25T19:43:41.350-03:00  INFO 2472 --- [A3Back] [           main] A.p.A3Back.service.ScamRetrievalService  : Retrieving scam reports for company: OcVycBsuNQDAHWZFLcVcKTSEnOuXlzBHEcrwGTKzQfL
2025-11-25T19:43:41.350-03:00  INFO 2472 --- [A3Back] [           main] A.p.A3Back.service.ScamRetrievalService  : Successfully retrieved 2 scam report(s) for company: OcVycBsuNQDAHWZFLcVcKTSEnOuXlzBHEcrwGTKzQfL
2025-11-25T19:43:41.360-03:00  INFO 2472 --- [A3Back] [           main] A.p.A3Back.service.ScamRetrievalService  : Retrieving scam reports for company: QuXsQMnOMOWHl
2025-11-25T19:43:41.360-03:00  INFO 2472 --- [A3Back] [           main] A.p.A3Back.service.ScamRetrievalService  : Successfully retrieved 1 scam report(s) for company: QuXsQMnOMOWHl
2025-11-25T19:43:41.432-03:00  INFO 2472 --- [A3Back] [           main] A.p.A3Back.service.ScamRetrievalService  : Retrieving scam reports for company: tTzeRhbneV
2025-11-25T19:43:41.432-03:00  INFO 2472 --- [A3Back] [           main] A.p.A3Back.service.ScamRetrievalService  : Successfully retrieved 6 scam report(s) for company: tTzeRhbneV
2025-11-25T19:43:41.436-03:00  INFO 2472 --- [A3Back] [           main] A.p.A3Back.service.ScamRetrievalService  : Retrieving scam reports for company: BEhfI
2025-11-25T19:43:41.436-03:00  INFO 2472 --- [A3Back] [           main] A.p.A3Back.service.ScamRetrievalService  : Successfully retrieved 3 scam report(s) for company: BEhfI
2025-11-25T19:43:41.438-03:00  INFO 2472 --- [A3Back] [           main] A.p.A3Back.service.ScamRetrievalService  : Retrieving scam reports for company: AAA
2025-11-25T19:43:41.438-03:00  INFO 2472 --- [A3Back] [           main] A.p.A3Back.service.ScamRetrievalService  : Successfully retrieved 2 scam report(s) for company: AAA
2025-11-25T19:43:41.440-03:00  INFO 2472 --- [A3Back] [           main] A.p.A3Back.service.ScamRetrievalService  : Retrieving scam reports for company: AAA
2025-11-25T19:43:41.440-03:00  INFO 2472 --- [A3Back] [           main] A.p.A3Back.service.ScamRetrievalService  : Successfully retrieved 1 scam report(s) for company: AAA
2025-11-25T19:43:41.440-03:00  INFO 2472 --- [A3Back] [           main] A.p.A3Back.service.ScamRetrievalService  : Retrieving scam reports for company: zrM
2025-11-25T19:43:41.442-03:00  INFO 2472 --- [A3Back] [           main] A.p.A3Back.service.ScamRetrievalService  : Successfully retrieved 2 scam report(s) for company: zrM
2025-11-25T19:43:41.446-03:00  INFO 2472 --- [A3Back] [           main] A.p.A3Back.service.ScamRetrievalService  : Retrieving scam reports for company: AAA
2025-11-25T19:43:41.448-03:00  INFO 2472 --- [A3Back] [           main] A.p.A3Back.service.ScamRetrievalService  : Successfully retrieved 10 scam report(s) for company: AAA
2025-11-25T19:43:41.482-03:00  INFO 2472 --- [A3Back] [           main] A.p.A3Back.service.ScamRetrievalService  : Retrieving scam reports for company: ppPnFbwtMV
2025-11-25T19:43:41.482-03:00  INFO 2472 --- [A3Back] [           main] A.p.A3Back.service.ScamRetrievalService  : Successfully retrieved 10 scam report(s) for company: ppPnFbwtMV
2025-11-25T19:43:41.488-03:00  INFO 2472 --- [A3Back] [           main] A.p.A3Back.service.ScamRetrievalService  : Retrieving scam reports for company: TBVEADDErV
2025-11-25T19:43:41.488-03:00  INFO 2472 --- [A3Back] [           main] A.p.A3Back.service.ScamRetrievalService  : Successfully retrieved 6 scam report(s) for company: TBVEADDErV
2025-11-25T19:43:41.492-03:00  INFO 2472 --- [A3Back] [           main] A.p.A3Back.service.ScamRetrievalService  : Retrieving scam reports for company: PdUWcMoN
2025-11-25T19:43:41.492-03:00  INFO 2472 --- [A3Back] [           main] A.p.A3Back.service.ScamRetrievalService  : Successfully retrieved 8 scam report(s) for company: PdUWcMoN
2025-11-25T19:43:41.494-03:00  INFO 2472 --- [A3Back] [           main] A.p.A3Back.service.ScamRetrievalService  : Retrieving scam reports for company: yeCgtuBTGAnPX
2025-11-25T19:43:41.494-03:00  INFO 2472 --- [A3Back] [           main] A.p.A3Back.service.ScamRetrievalService  : Successfully retrieved 4 scam report(s) for company: yeCgtuBTGAnPX
2025-11-25T19:43:41.496-03:00  INFO 2472 --- [A3Back] [           main] A.p.A3Back.service.ScamRetrievalService  : Retrieving scam reports for company: raQiymPTbTrUhQnXKaS
2025-11-25T19:43:41.496-03:00  INFO 2472 --- [A3Back] [           main] A.p.A3Back.service.ScamRetrievalService  : Successfully retrieved 2 scam report(s) for company: raQiymPTbTrUhQnXKaS
2025-11-25T19:43:41.498-03:00  INFO 2472 --- [A3Back] [           main] A.p.A3Back.service.ScamRetrievalService  : Retrieving scam reports for company: kaMeblflQw
2025-11-25T19:43:41.498-03:00  INFO 2472 --- [A3Back] [           main] A.p.A3Back.service.ScamRetrievalService  : Successfully retrieved 9 scam report(s) for company: kaMeblflQw
2025-11-25T19:43:41.500-03:00  INFO 2472 --- [A3Back] [           main] A.p.A3Back.service.ScamRetrievalService  : Retrieving scam reports for company: SdaeeA
2025-11-25T19:43:41.500-03:00  INFO 2472 --- [A3Back] [           main] A.p.A3Back.service.ScamRetrievalService  : Successfully retrieved 10 scam report(s) for company: SdaeeA
2025-11-25T19:43:41.504-03:00  INFO 2472 --- [A3Back] [           main] A.p.A3Back.service.ScamRetrievalService  : Retrieving scam reports for company: AAA
2025-11-25T19:43:41.504-03:00  INFO 2472 --- [A3Back] [           main] A.p.A3Back.service.ScamRetrievalService  : Successfully retrieved 9 scam report(s) for company: AAA
2025-11-25T19:43:41.506-03:00  INFO 2472 --- [A3Back] [           main] A.p.A3Back.service.ScamRetrievalService  : Retrieving scam reports for company: qbDIheOXw
2025-11-25T19:43:41.508-03:00  INFO 2472 --- [A3Back] [           main] A.p.A3Back.service.ScamRetrievalService  : Successfully retrieved 6 scam report(s) for company: qbDIheOXw
2025-11-25T19:43:41.518-03:00  INFO 2472 --- [A3Back] [           main] A.p.A3Back.service.ScamRetrievalService  : Retrieving scam reports for company: xfEPKYNF
2025-11-25T19:43:41.518-03:00  INFO 2472 --- [A3Back] [           main] A.p.A3Back.service.ScamRetrievalService  : Successfully retrieved 7 scam report(s) for company: xfEPKYNF
2025-11-25T19:43:41.528-03:00  INFO 2472 --- [A3Back] [           main] A.p.A3Back.service.ScamRetrievalService  : Retrieving scam reports for company: puFUQr
2025-11-25T19:43:41.531-03:00  INFO 2472 --- [A3Back] [           main] A.p.A3Back.service.ScamRetrievalService  : Successfully retrieved 9 scam report(s) for company: puFUQr
2025-11-25T19:43:41.533-03:00  INFO 2472 --- [A3Back] [           main] A.p.A3Back.service.ScamRetrievalService  : Retrieving scam reports for company: SAEyqBMqDlOZE
2025-11-25T19:43:41.533-03:00  INFO 2472 --- [A3Back] [           main] A.p.A3Back.service.ScamRetrievalService  : Successfully retrieved 5 scam report(s) for company: SAEyqBMqDlOZE
2025-11-25T19:43:41.536-03:00  INFO 2472 --- [A3Back] [           main] A.p.A3Back.service.ScamRetrievalService  : Retrieving scam reports for company: ZZZ
2025-11-25T19:43:41.536-03:00  INFO 2472 --- [A3Back] [           main] A.p.A3Back.service.ScamRetrievalService  : Successfully retrieved 2 scam report(s) for company: ZZZ
2025-11-25T19:43:41.538-03:00  INFO 2472 --- [A3Back] [           main] A.p.A3Back.service.ScamRetrievalService  : Retrieving scam reports for company: kTT
2025-11-25T19:43:41.539-03:00  INFO 2472 --- [A3Back] [           main] A.p.A3Back.service.ScamRetrievalService  : Successfully retrieved 5 scam report(s) for company: kTT
2025-11-25T19:43:41.541-03:00  INFO 2472 --- [A3Back] [           main] A.p.A3Back.service.ScamRetrievalService  : Retrieving scam reports for company: SnwnOleN
2025-11-25T19:43:41.541-03:00  INFO 2472 --- [A3Back] [           main] A.p.A3Back.service.ScamRetrievalService  : Successfully retrieved 7 scam report(s) for company: SnwnOleN
2025-11-25T19:43:41.547-03:00  INFO 2472 --- [A3Back] [           main] A.p.A3Back.service.ScamRetrievalService  : Retrieving scam reports for company: XtRty
2025-11-25T19:43:41.549-03:00  INFO 2472 --- [A3Back] [           main] A.p.A3Back.service.ScamRetrievalService  : Successfully retrieved 7 scam report(s) for company: XtRty
2025-11-25T19:43:41.551-03:00  INFO 2472 --- [A3Back] [           main] A.p.A3Back.service.ScamRetrievalService  : Retrieving scam reports for company: ZZZ
2025-11-25T19:43:41.551-03:00  INFO 2472 --- [A3Back] [           main] A.p.A3Back.service.ScamRetrievalService  : Successfully retrieved 6 scam report(s) for company: ZZZ
2025-11-25T19:43:41.562-03:00  INFO 2472 --- [A3Back] [           main] A.p.A3Back.service.ScamRetrievalService  : Retrieving scam reports for company: ShV
2025-11-25T19:43:41.563-03:00  INFO 2472 --- [A3Back] [           main] A.p.A3Back.service.ScamRetrievalService  : Successfully retrieved 10 scam report(s) for company: ShV
2025-11-25T19:43:41.573-03:00  INFO 2472 --- [A3Back] [           main] A.p.A3Back.service.ScamRetrievalService  : Retrieving scam reports for company: AAA
2025-11-25T19:43:41.573-03:00  INFO 2472 --- [A3Back] [           main] A.p.A3Back.service.ScamRetrievalService  : Successfully retrieved 8 scam report(s) for company: AAA
2025-11-25T19:43:41.575-03:00  INFO 2472 --- [A3Back] [           main] A.p.A3Back.service.ScamRetrievalService  : Retrieving scam reports for company: RcvDLLZxzW
2025-11-25T19:43:41.577-03:00  INFO 2472 --- [A3Back] [           main] A.p.A3Back.service.ScamRetrievalService  : Successfully retrieved 4 scam report(s) for company: RcvDLLZxzW
2025-11-25T19:43:41.579-03:00  INFO 2472 --- [A3Back] [           main] A.p.A3Back.service.ScamRetrievalService  : Retrieving scam reports for company: Piv
2025-11-25T19:43:41.581-03:00  INFO 2472 --- [A3Back] [           main] A.p.A3Back.service.ScamRetrievalService  : Successfully retrieved 7 scam report(s) for company: Piv
2025-11-25T19:43:41.583-03:00  INFO 2472 --- [A3Back] [           main] A.p.A3Back.service.ScamRetrievalService  : Retrieving scam reports for company: TzTjWHX
2025-11-25T19:43:41.583-03:00  INFO 2472 --- [A3Back] [           main] A.p.A3Back.service.ScamRetrievalService  : Successfully retrieved 5 scam report(s) for company: TzTjWHX
2025-11-25T19:43:41.583-03:00  INFO 2472 --- [A3Back] [           main] A.p.A3Back.service.ScamRetrievalService  : Retrieving scam reports for company: VOVz
2025-11-25T19:43:41.585-03:00  INFO 2472 --- [A3Back] [           main] A.p.A3Back.service.ScamRetrievalService  : Successfully retrieved 4 scam report(s) for company: VOVz
2025-11-25T19:43:41.585-03:00  INFO 2472 --- [A3Back] [           main] A.p.A3Back.service.ScamRetrievalService  : Retrieving scam reports for company: ZZZ
2025-11-25T19:43:41.585-03:00  INFO 2472 --- [A3Back] [           main] A.p.A3Back.service.ScamRetrievalService  : Successfully retrieved 1 scam report(s) for company: ZZZ
2025-11-25T19:43:41.587-03:00  INFO 2472 --- [A3Back] [           main] A.p.A3Back.service.ScamRetrievalService  : Retrieving scam reports for company: lIpT
2025-11-25T19:43:41.587-03:00  INFO 2472 --- [A3Back] [           main] A.p.A3Back.service.ScamRetrievalService  : Successfully retrieved 5 scam report(s) for company: lIpT
2025-11-25T19:43:41.590-03:00  INFO 2472 --- [A3Back] [           main] A.p.A3Back.service.ScamRetrievalService  : Retrieving scam reports for company: Uqbx
2025-11-25T19:43:41.590-03:00  INFO 2472 --- [A3Back] [           main] A.p.A3Back.service.ScamRetrievalService  : Successfully retrieved 4 scam report(s) for company: Uqbx
2025-11-25T19:43:41.590-03:00  INFO 2472 --- [A3Back] [           main] A.p.A3Back.service.ScamRetrievalService  : Retrieving scam reports for company: pipTF
2025-11-25T19:43:41.592-03:00  INFO 2472 --- [A3Back] [           main] A.p.A3Back.service.ScamRetrievalService  : Successfully retrieved 6 scam report(s) for company: pipTF
2025-11-25T19:43:41.594-03:00  INFO 2472 --- [A3Back] [           main] A.p.A3Back.service.ScamRetrievalService  : Retrieving scam reports for company: ZZZ
2025-11-25T19:43:41.594-03:00  INFO 2472 --- [A3Back] [           main] A.p.A3Back.service.ScamRetrievalService  : Successfully retrieved 10 scam report(s) for company: ZZZ
2025-11-25T19:43:41.597-03:00  INFO 2472 --- [A3Back] [           main] A.p.A3Back.service.ScamRetrievalService  : Retrieving scam reports for company: NTSOeGqCfiX
2025-11-25T19:43:41.597-03:00  INFO 2472 --- [A3Back] [           main] A.p.A3Back.service.ScamRetrievalService  : Successfully retrieved 1 scam report(s) for company: NTSOeGqCfiX
2025-11-25T19:43:41.598-03:00  INFO 2472 --- [A3Back] [           main] A.p.A3Back.service.ScamRetrievalService  : Retrieving scam reports for company: ZZZ
2025-11-25T19:43:41.598-03:00  INFO 2472 --- [A3Back] [           main] A.p.A3Back.service.ScamRetrievalService  : Successfully retrieved 9 scam report(s) for company: ZZZ
2025-11-25T19:43:41.608-03:00  INFO 2472 --- [A3Back] [           main] A.p.A3Back.service.ScamRetrievalService  : Retrieving scam reports for company: Qeapeb
2025-11-25T19:43:41.608-03:00  INFO 2472 --- [A3Back] [           main] A.p.A3Back.service.ScamRetrievalService  : Successfully retrieved 4 scam report(s) for company: Qeapeb
2025-11-25T19:43:41.608-03:00  INFO 2472 --- [A3Back] [           main] A.p.A3Back.service.ScamRetrievalService  : Retrieving scam reports for company: CJScJMiw
2025-11-25T19:43:41.610-03:00  INFO 2472 --- [A3Back] [           main] A.p.A3Back.service.ScamRetrievalService  : Successfully retrieved 1 scam report(s) for company: CJScJMiw
2025-11-25T19:43:41.615-03:00  INFO 2472 --- [A3Back] [           main] A.p.A3Back.service.ScamRetrievalService  : Retrieving scam reports for company: NXWUnvXHKvkZR
2025-11-25T19:43:41.615-03:00  INFO 2472 --- [A3Back] [           main] A.p.A3Back.service.ScamRetrievalService  : Successfully retrieved 5 scam report(s) for company: NXWUnvXHKvkZR
2025-11-25T19:43:41.625-03:00  INFO 2472 --- [A3Back] [           main] A.p.A3Back.service.ScamRetrievalService  : Retrieving scam reports for company: hloSIfokkNDXGMgAaslXsQAcMIkOvrEqWJSFu
2025-11-25T19:43:41.625-03:00  INFO 2472 --- [A3Back] [           main] A.p.A3Back.service.ScamRetrievalService  : Successfully retrieved 10 scam report(s) for company: hloSIfokkNDXGMgAaslXsQAcMIkOvrEqWJSFu
2025-11-25T19:43:41.628-03:00  INFO 2472 --- [A3Back] [           main] A.p.A3Back.service.ScamRetrievalService  : Retrieving scam reports for company: sFCOlnvDwP
2025-11-25T19:43:41.630-03:00  INFO 2472 --- [A3Back] [           main] A.p.A3Back.service.ScamRetrievalService  : Successfully retrieved 8 scam report(s) for company: sFCOlnvDwP
2025-11-25T19:43:41.630-03:00  INFO 2472 --- [A3Back] [           main] A.p.A3Back.service.ScamRetrievalService  : Retrieving scam reports for company: WJgrN
2025-11-25T19:43:41.632-03:00  INFO 2472 --- [A3Back] [           main] A.p.A3Back.service.ScamRetrievalService  : Successfully retrieved 8 scam report(s) for company: WJgrN
2025-11-25T19:43:41.632-03:00  INFO 2472 --- [A3Back] [           main] A.p.A3Back.service.ScamRetrievalService  : Retrieving scam reports for company: ZZZ
2025-11-25T19:43:41.632-03:00  INFO 2472 --- [A3Back] [           main] A.p.A3Back.service.ScamRetrievalService  : Successfully retrieved 1 scam report(s) for company: ZZZ
2025-11-25T19:43:41.634-03:00  INFO 2472 --- [A3Back] [           main] A.p.A3Back.service.ScamRetrievalService  : Retrieving scam reports for company: UIBZxpZx
2025-11-25T19:43:41.634-03:00  INFO 2472 --- [A3Back] [           main] A.p.A3Back.service.ScamRetrievalService  : Successfully retrieved 9 scam report(s) for company: UIBZxpZx
2025-11-25T19:43:41.636-03:00  INFO 2472 --- [A3Back] [           main] A.p.A3Back.service.ScamRetrievalService  : Retrieving scam reports for company: TPOgHhIs
2025-11-25T19:43:41.636-03:00  INFO 2472 --- [A3Back] [           main] A.p.A3Back.service.ScamRetrievalService  : Successfully retrieved 10 scam report(s) for company: TPOgHhIs
2025-11-25T19:43:41.638-03:00  INFO 2472 --- [A3Back] [           main] A.p.A3Back.service.ScamRetrievalService  : Retrieving scam reports for company: aaa
2025-11-25T19:43:41.638-03:00  INFO 2472 --- [A3Back] [           main] A.p.A3Back.service.ScamRetrievalService  : Successfully retrieved 2 scam report(s) for company: aaa
2025-11-25T19:43:41.640-03:00  INFO 2472 --- [A3Back] [           main] A.p.A3Back.service.ScamRetrievalService  : Retrieving scam reports for company: GYJWfKwKCQUmP
2025-11-25T19:43:41.640-03:00  INFO 2472 --- [A3Back] [           main] A.p.A3Back.service.ScamRetrievalService  : Successfully retrieved 7 scam report(s) for company: GYJWfKwKCQUmP
2025-11-25T19:43:41.643-03:00  INFO 2472 --- [A3Back] [           main] A.p.A3Back.service.ScamRetrievalService  : Retrieving scam reports for company: yKuiYWWTOhEzl
2025-11-25T19:43:41.643-03:00  INFO 2472 --- [A3Back] [           main] A.p.A3Back.service.ScamRetrievalService  : Successfully retrieved 1 scam report(s) for company: yKuiYWWTOhEzl
2025-11-25T19:43:41.645-03:00  INFO 2472 --- [A3Back] [           main] A.p.A3Back.service.ScamRetrievalService  : Retrieving scam reports for company: lfqz
2025-11-25T19:43:41.645-03:00  INFO 2472 --- [A3Back] [           main] A.p.A3Back.service.ScamRetrievalService  : Successfully retrieved 10 scam report(s) for company: lfqz
2025-11-25T19:43:41.647-03:00  INFO 2472 --- [A3Back] [           main] A.p.A3Back.service.ScamRetrievalService  : Retrieving scam reports for company: rSiWRyPDNZZTazfaiTPQyEYXyQrPqNXFdARPjhAgKQSSAX
2025-11-25T19:43:41.647-03:00  INFO 2472 --- [A3Back] [           main] A.p.A3Back.service.ScamRetrievalService  : Successfully retrieved 6 scam report(s) for company: rSiWRyPDNZZTazfaiTPQyEYXyQrPqNXFdARPjhAgKQSSAX
2025-11-25T19:43:41.694-03:00  INFO 2472 --- [A3Back] [           main] A.p.A3Back.service.ScamRetrievalService  : Retrieving scam reports for company: ZZZ
2025-11-25T19:43:41.694-03:00  INFO 2472 --- [A3Back] [           main] A.p.A3Back.service.ScamRetrievalService  : Successfully retrieved 10 scam report(s) for company: ZZZ
2025-11-25T19:43:41.704-03:00  INFO 2472 --- [A3Back] [           main] A.p.A3Back.service.ScamRetrievalService  : Retrieving scam reports for company: clYoUBdXrOQ
2025-11-25T19:43:41.769-03:00  INFO 2472 --- [A3Back] [           main] A.p.A3Back.service.ScamRetrievalService  : Successfully retrieved 4 scam report(s) for company: clYoUBdXrOQ
2025-11-25T19:43:41.804-03:00  INFO 2472 --- [A3Back] [           main] A.p.A3Back.service.ScamRetrievalService  : Retrieving scam reports for company: HHFsqvsQKR
2025-11-25T19:43:41.806-03:00  INFO 2472 --- [A3Back] [           main] A.p.A3Back.service.ScamRetrievalService  : Successfully retrieved 6 scam report(s) for company: HHFsqvsQKR
2025-11-25T19:43:41.808-03:00  INFO 2472 --- [A3Back] [           main] A.p.A3Back.service.ScamRetrievalService  : Retrieving scam reports for company: vPNZvrKLOUi
2025-11-25T19:43:41.808-03:00  INFO 2472 --- [A3Back] [           main] A.p.A3Back.service.ScamRetrievalService  : Successfully retrieved 10 scam report(s) for company: vPNZvrKLOUi
2025-11-25T19:43:41.810-03:00  INFO 2472 --- [A3Back] [           main] A.p.A3Back.service.ScamRetrievalService  : Retrieving scam reports for company: UKXDfvOHoSY
2025-11-25T19:43:41.810-03:00  INFO 2472 --- [A3Back] [           main] A.p.A3Back.service.ScamRetrievalService  : Successfully retrieved 8 scam report(s) for company: UKXDfvOHoSY
2025-11-25T19:43:41.835-03:00  INFO 2472 --- [A3Back] [           main] A.p.A3Back.service.ScamRetrievalService  : Retrieving scam reports for company: ViQOtutvEvNJyWvgbIBOvjBLeZrJhteXReJYksaWiCSUTJBMRV
2025-11-25T19:43:41.835-03:00  INFO 2472 --- [A3Back] [           main] A.p.A3Back.service.ScamRetrievalService  : Successfully retrieved 10 scam report(s) for company: ViQOtutvEvNJyWvgbIBOvjBLeZrJhteXReJYksaWiCSUTJBMRV
2025-11-25T19:43:41.837-03:00  INFO 2472 --- [A3Back] [           main] A.p.A3Back.service.ScamRetrievalService  : Retrieving scam reports for company: aaa
2025-11-25T19:43:41.837-03:00  INFO 2472 --- [A3Back] [           main] A.p.A3Back.service.ScamRetrievalService  : Successfully retrieved 1 scam report(s) for company: aaa
2025-11-25T19:43:41.839-03:00  INFO 2472 --- [A3Back] [           main] A.p.A3Back.service.ScamRetrievalService  : Retrieving scam reports for company: aaa
2025-11-25T19:43:41.839-03:00  INFO 2472 --- [A3Back] [           main] A.p.A3Back.service.ScamRetrievalService  : Successfully retrieved 10 scam report(s) for company: aaa
2025-11-25T19:43:41.857-03:00  INFO 2472 --- [A3Back] [           main] A.p.A3Back.service.ScamRetrievalService  : Retrieving scam reports for company: lSNkbFwVsIaGVepYkQryxYwjlqJzeaUNm
2025-11-25T19:43:41.857-03:00  INFO 2472 --- [A3Back] [           main] A.p.A3Back.service.ScamRetrievalService  : Successfully retrieved 9 scam report(s) for company: lSNkbFwVsIaGVepYkQryxYwjlqJzeaUNm
2025-11-25T19:43:41.859-03:00  INFO 2472 --- [A3Back] [           main] A.p.A3Back.service.ScamRetrievalService  : Retrieving scam reports for company: opKZPND
2025-11-25T19:43:41.859-03:00  INFO 2472 --- [A3Back] [           main] A.p.A3Back.service.ScamRetrievalService  : Successfully retrieved 2 scam report(s) for company: opKZPND
2025-11-25T19:43:41.865-03:00  INFO 2472 --- [A3Back] [           main] A.p.A3Back.service.ScamRetrievalService  : Retrieving scam reports for company: aaa
2025-11-25T19:43:41.865-03:00  INFO 2472 --- [A3Back] [           main] A.p.A3Back.service.ScamRetrievalService  : Successfully retrieved 2 scam report(s) for company: aaa
2025-11-25T19:43:41.890-03:00  INFO 2472 --- [A3Back] [           main] A.p.A3Back.service.ScamRetrievalService  : Retrieving scam reports for company: mfEb
2025-11-25T19:43:41.890-03:00  INFO 2472 --- [A3Back] [           main] A.p.A3Back.service.ScamRetrievalService  : Successfully retrieved 10 scam report(s) for company: mfEb
2025-11-25T19:43:41.921-03:00  INFO 2472 --- [A3Back] [           main] A.p.A3Back.service.ScamRetrievalService  : Retrieving scam reports for company: EMBpBrhDjyxHVyzMRuJRJoAniouvEAHQcqzAqvpMDqXFaWcwpX
2025-11-25T19:43:41.921-03:00  INFO 2472 --- [A3Back] [           main] A.p.A3Back.service.ScamRetrievalService  : Successfully retrieved 10 scam report(s) for company: EMBpBrhDjyxHVyzMRuJRJoAniouvEAHQcqzAqvpMDqXFaWcwpX
2025-11-25T19:43:41.923-03:00  INFO 2472 --- [A3Back] [           main] A.p.A3Back.service.ScamRetrievalService  : Retrieving scam reports for company: HGgFRpQUqTh
2025-11-25T19:43:41.923-03:00  INFO 2472 --- [A3Back] [           main] A.p.A3Back.service.ScamRetrievalService  : Successfully retrieved 1 scam report(s) for company: HGgFRpQUqTh
2025-11-25T19:43:41.946-03:00  INFO 2472 --- [A3Back] [           main] A.p.A3Back.service.ScamRetrievalService  : Retrieving scam reports for company: PFQkcg
2025-11-25T19:43:41.948-03:00  INFO 2472 --- [A3Back] [           main] A.p.A3Back.service.ScamRetrievalService  : Successfully retrieved 9 scam report(s) for company: PFQkcg
2025-11-25T19:43:41.948-03:00  INFO 2472 --- [A3Back] [           main] A.p.A3Back.service.ScamRetrievalService  : Retrieving scam reports for company: lBij
2025-11-25T19:43:41.948-03:00  INFO 2472 --- [A3Back] [           main] A.p.A3Back.service.ScamRetrievalService  : Successfully retrieved 5 scam report(s) for company: lBij
2025-11-25T19:43:41.951-03:00  INFO 2472 --- [A3Back] [           main] A.p.A3Back.service.ScamRetrievalService  : Retrieving scam reports for company: phbhAuM
2025-11-25T19:43:41.953-03:00  INFO 2472 --- [A3Back] [           main] A.p.A3Back.service.ScamRetrievalService  : Successfully retrieved 1 scam report(s) for company: phbhAuM
2025-11-25T19:43:41.966-03:00  INFO 2472 --- [A3Back] [           main] A.p.A3Back.service.ScamRetrievalService  : Retrieving scam reports for company: VQha
2025-11-25T19:43:41.966-03:00  INFO 2472 --- [A3Back] [           main] A.p.A3Back.service.ScamRetrievalService  : Successfully retrieved 9 scam report(s) for company: VQha
2025-11-25T19:43:41.968-03:00  INFO 2472 --- [A3Back] [           main] A.p.A3Back.service.ScamRetrievalService  : Retrieving scam reports for company: zWjtsuDbwtYLz
2025-11-25T19:43:41.968-03:00  INFO 2472 --- [A3Back] [           main] A.p.A3Back.service.ScamRetrievalService  : Successfully retrieved 2 scam report(s) for company: zWjtsuDbwtYLz
2025-11-25T19:43:41.970-03:00  INFO 2472 --- [A3Back] [           main] A.p.A3Back.service.ScamRetrievalService  : Retrieving scam reports for company: CohSNKMWlIEaAIxAGuTYiWjNybsjhrlYphAQDJXPzHoTP
2025-11-25T19:43:41.970-03:00  INFO 2472 --- [A3Back] [           main] A.p.A3Back.service.ScamRetrievalService  : Successfully retrieved 5 scam report(s) for company: CohSNKMWlIEaAIxAGuTYiWjNybsjhrlYphAQDJXPzHoTP
2025-11-25T19:43:41.974-03:00  INFO 2472 --- [A3Back] [           main] A.p.A3Back.service.ScamRetrievalService  : Retrieving scam reports for company: TnZTUUJCTnFEvvzkwoQiQVFGntnAuDNmLtMAfEVArYcGK
2025-11-25T19:43:41.976-03:00  INFO 2472 --- [A3Back] [           main] A.p.A3Back.service.ScamRetrievalService  : Successfully retrieved 6 scam report(s) for company: TnZTUUJCTnFEvvzkwoQiQVFGntnAuDNmLtMAfEVArYcGK
2025-11-25T19:43:41.979-03:00  INFO 2472 --- [A3Back] [           main] A.p.A3Back.service.ScamRetrievalService  : Retrieving scam reports for company: qVwKyuji
2025-11-25T19:43:41.979-03:00  INFO 2472 --- [A3Back] [           main] A.p.A3Back.service.ScamRetrievalService  : Successfully retrieved 5 scam report(s) for company: qVwKyuji
2025-11-25T19:43:41.981-03:00  INFO 2472 --- [A3Back] [           main] A.p.A3Back.service.ScamRetrievalService  : Retrieving scam reports for company: JLcHdvJubg
2025-11-25T19:43:41.981-03:00  INFO 2472 --- [A3Back] [           main] A.p.A3Back.service.ScamRetrievalService  : Successfully retrieved 8 scam report(s) for company: JLcHdvJubg
2025-11-25T19:43:41.983-03:00  INFO 2472 --- [A3Back] [           main] A.p.A3Back.service.ScamRetrievalService  : Retrieving scam reports for company: aaa
2025-11-25T19:43:41.983-03:00  INFO 2472 --- [A3Back] [           main] A.p.A3Back.service.ScamRetrievalService  : Successfully retrieved 9 scam report(s) for company: aaa
2025-11-25T19:43:42.009-03:00  INFO 2472 --- [A3Back] [           main] A.p.A3Back.service.ScamRetrievalService  : Retrieving scam reports for company: qtIXHMezx
2025-11-25T19:43:42.009-03:00  INFO 2472 --- [A3Back] [           main] A.p.A3Back.service.ScamRetrievalService  : Successfully retrieved 8 scam report(s) for company: qtIXHMezx
2025-11-25T19:43:42.011-03:00  INFO 2472 --- [A3Back] [           main] A.p.A3Back.service.ScamRetrievalService  : Retrieving scam reports for company: TflI
2025-11-25T19:43:42.011-03:00  INFO 2472 --- [A3Back] [           main] A.p.A3Back.service.ScamRetrievalService  : Successfully retrieved 6 scam report(s) for company: TflI
2025-11-25T19:43:42.013-03:00  INFO 2472 --- [A3Back] [           main] A.p.A3Back.service.ScamRetrievalService  : Retrieving scam reports for company: mtDbyTlycuD
2025-11-25T19:43:42.013-03:00  INFO 2472 --- [A3Back] [           main] A.p.A3Back.service.ScamRetrievalService  : Successfully retrieved 5 scam report(s) for company: mtDbyTlycuD
2025-11-25T19:43:42.013-03:00  INFO 2472 --- [A3Back] [           main] A.p.A3Back.service.ScamRetrievalService  : Retrieving scam reports for company: OFadlCphDb
2025-11-25T19:43:42.015-03:00  INFO 2472 --- [A3Back] [           main] A.p.A3Back.service.ScamRetrievalService  : Successfully retrieved 8 scam report(s) for company: OFadlCphDb
2025-11-25T19:43:42.015-03:00  INFO 2472 --- [A3Back] [           main] A.p.A3Back.service.ScamRetrievalService  : Retrieving scam reports for company: uQEdvQASkE
2025-11-25T19:43:42.015-03:00  INFO 2472 --- [A3Back] [           main] A.p.A3Back.service.ScamRetrievalService  : Successfully retrieved 3 scam report(s) for company: uQEdvQASkE
2025-11-25T19:43:42.017-03:00  INFO 2472 --- [A3Back] [           main] A.p.A3Back.service.ScamRetrievalService  : Retrieving scam reports for company: zzz
2025-11-25T19:43:42.017-03:00  INFO 2472 --- [A3Back] [           main] A.p.A3Back.service.ScamRetrievalService  : Successfully retrieved 2 scam report(s) for company: zzz
2025-11-25T19:43:42.021-03:00  INFO 2472 --- [A3Back] [           main] A.p.A3Back.service.ScamRetrievalService  : Retrieving scam reports for company: WOz
2025-11-25T19:43:42.023-03:00  INFO 2472 --- [A3Back] [           main] A.p.A3Back.service.ScamRetrievalService  : Successfully retrieved 10 scam report(s) for company: WOz
2025-11-25T19:43:42.033-03:00  INFO 2472 --- [A3Back] [           main] A.p.A3Back.service.ScamRetrievalService  : Retrieving scam reports for company: SKeg
2025-11-25T19:43:42.033-03:00  INFO 2472 --- [A3Back] [           main] A.p.A3Back.service.ScamRetrievalService  : Successfully retrieved 10 scam report(s) for company: SKeg
2025-11-25T19:43:42.035-03:00  INFO 2472 --- [A3Back] [           main] A.p.A3Back.service.ScamRetrievalService  : Retrieving scam reports for company: fQwHpEugp
2025-11-25T19:43:42.035-03:00  INFO 2472 --- [A3Back] [           main] A.p.A3Back.service.ScamRetrievalService  : Successfully retrieved 3 scam report(s) for company: fQwHpEugp
2025-11-25T19:43:42.039-03:00  INFO 2472 --- [A3Back] [           main] A.p.A3Back.service.ScamRetrievalService  : Retrieving scam reports for company: NFIaipuWoIDNwEznfFqwxumJWrVPAPwQBsCNXaBSfGQikpRZdX
2025-11-25T19:43:42.039-03:00  INFO 2472 --- [A3Back] [           main] A.p.A3Back.service.ScamRetrievalService  : Successfully retrieved 10 scam report(s) for company: NFIaipuWoIDNwEznfFqwxumJWrVPAPwQBsCNXaBSfGQikpRZdX
2025-11-25T19:43:42.041-03:00  INFO 2472 --- [A3Back] [           main] A.p.A3Back.service.ScamRetrievalService  : Retrieving scam reports for company: bCcOrATaEYqGNweKIDdWfJimxHusZnkSoUFlzvXtjPgLMyRBhV
2025-11-25T19:43:42.041-03:00  INFO 2472 --- [A3Back] [           main] A.p.A3Back.service.ScamRetrievalService  : Successfully retrieved 7 scam report(s) for company: bCcOrATaEYqGNweKIDdWfJimxHusZnkSoUFlzvXtjPgLMyRBhV
2025-11-25T19:43:42.043-03:00  INFO 2472 --- [A3Back] [           main] A.p.A3Back.service.ScamRetrievalService  : Retrieving scam reports for company: fJXKF
2025-11-25T19:43:42.046-03:00  INFO 2472 --- [A3Back] [           main] A.p.A3Back.service.ScamRetrievalService  : Successfully retrieved 9 scam report(s) for company: fJXKF
2025-11-25T19:43:42.067-03:00  INFO 2472 --- [A3Back] [           main] A.p.A3Back.service.ScamRetrievalService  : Retrieving scam reports for company: kMzwdokC
2025-11-25T19:43:42.067-03:00  INFO 2472 --- [A3Back] [           main] A.p.A3Back.service.ScamRetrievalService  : Successfully retrieved 4 scam report(s) for company: kMzwdokC
timestamp = 2025-11-25T19:43:42.092388, ScamRetrievalServicePropertyTest:cpfShouldBeExcludedFromGolpeDTO = 
                              |-----------------------jqwik-----------------------
tries = 100                   | # of calls to property
checks = 100                  | # of not rejected calls
generation = RANDOMIZED       | parameters are randomly generated
after-failure = SAMPLE_FIRST  | try previously failed sample, then previous seed
when-fixed-seed = ALLOW       | fixing the random seed is allowed
edge-cases#mode = MIXIN       | edge cases are mixed in
edge-cases#total = 16         | # of all combined edge cases
edge-cases#tried = 13         | # of edge cases tried in current run
seed = -1569443876351527571   | random seed to reproduce generated values


]]></system-out>
  </testcase>
  <testcase name="caseInsensitiveMatchingShouldWork" classname="ScamRetrievalServicePropertyTest" time="0.736">
    <system-out><![CDATA[2025-11-25T19:43:42.213-03:00  INFO 2472 --- [A3Back] [           main] A.p.A3Back.service.ScamRetrievalService  : Retrieving scam reports for company: EJGHQF
2025-11-25T19:43:42.215-03:00  INFO 2472 --- [A3Back] [           main] A.p.A3Back.service.ScamRetrievalService  : Successfully retrieved 4 scam report(s) for company: EJGHQF
2025-11-25T19:43:42.219-03:00  INFO 2472 --- [A3Back] [           main] A.p.A3Back.service.ScamRetrievalService  : Retrieving scam reports for company: ejghqf
2025-11-25T19:43:42.219-03:00  INFO 2472 --- [A3Back] [           main] A.p.A3Back.service.ScamRetrievalService  : Successfully retrieved 4 scam report(s) for company: ejghqf
2025-11-25T19:43:42.221-03:00  INFO 2472 --- [A3Back] [           main] A.p.A3Back.service.ScamRetrievalService  : Retrieving scam reports for company: SWSBJ
2025-11-25T19:43:42.221-03:00  INFO 2472 --- [A3Back] [           main] A.p.A3Back.service.ScamRetrievalService  : Successfully retrieved 4 scam report(s) for company: SWSBJ
2025-11-25T19:43:42.223-03:00  INFO 2472 --- [A3Back] [           main] A.p.A3Back.service.ScamRetrievalService  : Retrieving scam reports for company: swsbj
2025-11-25T19:43:42.223-03:00  INFO 2472 --- [A3Back] [           main] A.p.A3Back.service.ScamRetrievalService  : Successfully retrieved 4 scam report(s) for company: swsbj
2025-11-25T19:43:42.223-03:00  INFO 2472 --- [A3Back] [           main] A.p.A3Back.service.ScamRetrievalService  : Retrieving scam reports for company: JWOXKWIRNGAD
2025-11-25T19:43:42.223-03:00  INFO 2472 --- [A3Back] [           main] A.p.A3Back.service.ScamRetrievalService  : Successfully retrieved 4 scam report(s) for company: JWOXKWIRNGAD
2025-11-25T19:43:42.223-03:00  INFO 2472 --- [A3Back] [           main] A.p.A3Back.service.ScamRetrievalService  : Retrieving scam reports for company: jwoxkwirngad
2025-11-25T19:43:42.223-03:00  INFO 2472 --- [A3Back] [           main] A.p.A3Back.service.ScamRetrievalService  : Successfully retrieved 4 scam report(s) for company: jwoxkwirngad
2025-11-25T19:43:42.225-03:00  INFO 2472 --- [A3Back] [           main] A.p.A3Back.service.ScamRetrievalService  : Retrieving scam reports for company: NDGIQWQWN
2025-11-25T19:43:42.225-03:00  INFO 2472 --- [A3Back] [           main] A.p.A3Back.service.ScamRetrievalService  : Successfully retrieved 1 scam report(s) for company: NDGIQWQWN
2025-11-25T19:43:42.225-03:00  INFO 2472 --- [A3Back] [           main] A.p.A3Back.service.ScamRetrievalService  : Retrieving scam reports for company: ndgiqwqwn
2025-11-25T19:43:42.225-03:00  INFO 2472 --- [A3Back] [           main] A.p.A3Back.service.ScamRetrievalService  : Successfully retrieved 1 scam report(s) for company: ndgiqwqwn
2025-11-25T19:43:42.227-03:00  INFO 2472 --- [A3Back] [           main] A.p.A3Back.service.ScamRetrievalService  : Retrieving scam reports for company: ZZZ
2025-11-25T19:43:42.227-03:00  INFO 2472 --- [A3Back] [           main] A.p.A3Back.service.ScamRetrievalService  : Successfully retrieved 1 scam report(s) for company: ZZZ
2025-11-25T19:43:42.227-03:00  INFO 2472 --- [A3Back] [           main] A.p.A3Back.service.ScamRetrievalService  : Retrieving scam reports for company: zzz
2025-11-25T19:43:42.227-03:00  INFO 2472 --- [A3Back] [           main] A.p.A3Back.service.ScamRetrievalService  : Successfully retrieved 1 scam report(s) for company: zzz
2025-11-25T19:43:42.227-03:00  INFO 2472 --- [A3Back] [           main] A.p.A3Back.service.ScamRetrievalService  : Retrieving scam reports for company: MSNDIHID
2025-11-25T19:43:42.227-03:00  INFO 2472 --- [A3Back] [           main] A.p.A3Back.service.ScamRetrievalService  : Successfully retrieved 3 scam report(s) for company: MSNDIHID
2025-11-25T19:43:42.227-03:00  INFO 2472 --- [A3Back] [           main] A.p.A3Back.service.ScamRetrievalService  : Retrieving scam reports for company: msndihid
2025-11-25T19:43:42.227-03:00  INFO 2472 --- [A3Back] [           main] A.p.A3Back.service.ScamRetrievalService  : Successfully retrieved 3 scam report(s) for company: msndihid
2025-11-25T19:43:42.229-03:00  INFO 2472 --- [A3Back] [           main] A.p.A3Back.service.ScamRetrievalService  : Retrieving scam reports for company: DKGYNHMMCZ
2025-11-25T19:43:42.229-03:00  INFO 2472 --- [A3Back] [           main] A.p.A3Back.service.ScamRetrievalService  : Successfully retrieved 2 scam report(s) for company: DKGYNHMMCZ
2025-11-25T19:43:42.229-03:00  INFO 2472 --- [A3Back] [           main] A.p.A3Back.service.ScamRetrievalService  : Retrieving scam reports for company: dkgynhmmcz
2025-11-25T19:43:42.229-03:00  INFO 2472 --- [A3Back] [           main] A.p.A3Back.service.ScamRetrievalService  : Successfully retrieved 2 scam report(s) for company: dkgynhmmcz
2025-11-25T19:43:42.229-03:00  INFO 2472 --- [A3Back] [           main] A.p.A3Back.service.ScamRetrievalService  : Retrieving scam reports for company: BERGLITDAFGLDZ
2025-11-25T19:43:42.229-03:00  INFO 2472 --- [A3Back] [           main] A.p.A3Back.service.ScamRetrievalService  : Successfully retrieved 1 scam report(s) for company: BERGLITDAFGLDZ
2025-11-25T19:43:42.229-03:00  INFO 2472 --- [A3Back] [           main] A.p.A3Back.service.ScamRetrievalService  : Retrieving scam reports for company: berglitdafgldz
2025-11-25T19:43:42.229-03:00  INFO 2472 --- [A3Back] [           main] A.p.A3Back.service.ScamRetrievalService  : Successfully retrieved 1 scam report(s) for company: berglitdafgldz
2025-11-25T19:43:42.231-03:00  INFO 2472 --- [A3Back] [           main] A.p.A3Back.service.ScamRetrievalService  : Retrieving scam reports for company: WFPMIAKMDPZ
2025-11-25T19:43:42.231-03:00  INFO 2472 --- [A3Back] [           main] A.p.A3Back.service.ScamRetrievalService  : Successfully retrieved 3 scam report(s) for company: WFPMIAKMDPZ
2025-11-25T19:43:42.231-03:00  INFO 2472 --- [A3Back] [           main] A.p.A3Back.service.ScamRetrievalService  : Retrieving scam reports for company: wfpmiakmdpz
2025-11-25T19:43:42.231-03:00  INFO 2472 --- [A3Back] [           main] A.p.A3Back.service.ScamRetrievalService  : Successfully retrieved 3 scam report(s) for company: wfpmiakmdpz
2025-11-25T19:43:42.231-03:00  INFO 2472 --- [A3Back] [           main] A.p.A3Back.service.ScamRetrievalService  : Retrieving scam reports for company: MXZ
2025-11-25T19:43:42.231-03:00  INFO 2472 --- [A3Back] [           main] A.p.A3Back.service.ScamRetrievalService  : Successfully retrieved 3 scam report(s) for company: MXZ
2025-11-25T19:43:42.231-03:00  INFO 2472 --- [A3Back] [           main] A.p.A3Back.service.ScamRetrievalService  : Retrieving scam reports for company: mxz
2025-11-25T19:43:42.231-03:00  INFO 2472 --- [A3Back] [           main] A.p.A3Back.service.ScamRetrievalService  : Successfully retrieved 3 scam report(s) for company: mxz
2025-11-25T19:43:42.233-03:00  INFO 2472 --- [A3Back] [           main] A.p.A3Back.service.ScamRetrievalService  : Retrieving scam reports for company: OJYQLSY
2025-11-25T19:43:42.233-03:00  INFO 2472 --- [A3Back] [           main] A.p.A3Back.service.ScamRetrievalService  : Successfully retrieved 1 scam report(s) for company: OJYQLSY
2025-11-25T19:43:42.233-03:00  INFO 2472 --- [A3Back] [           main] A.p.A3Back.service.ScamRetrievalService  : Retrieving scam reports for company: ojyqlsy
2025-11-25T19:43:42.233-03:00  INFO 2472 --- [A3Back] [           main] A.p.A3Back.service.ScamRetrievalService  : Successfully retrieved 1 scam report(s) for company: ojyqlsy
2025-11-25T19:43:42.233-03:00  INFO 2472 --- [A3Back] [           main] A.p.A3Back.service.ScamRetrievalService  : Retrieving scam reports for company: QJDUHM
2025-11-25T19:43:42.235-03:00  INFO 2472 --- [A3Back] [           main] A.p.A3Back.service.ScamRetrievalService  : Successfully retrieved 4 scam report(s) for company: QJDUHM
2025-11-25T19:43:42.235-03:00  INFO 2472 --- [A3Back] [           main] A.p.A3Back.service.ScamRetrievalService  : Retrieving scam reports for company: qjduhm
2025-11-25T19:43:42.235-03:00  INFO 2472 --- [A3Back] [           main] A.p.A3Back.service.ScamRetrievalService  : Successfully retrieved 4 scam report(s) for company: qjduhm
2025-11-25T19:43:42.235-03:00  INFO 2472 --- [A3Back] [           main] A.p.A3Back.service.ScamRetrievalService  : Retrieving scam reports for company: ZTBYE
2025-11-25T19:43:42.235-03:00  INFO 2472 --- [A3Back] [           main] A.p.A3Back.service.ScamRetrievalService  : Successfully retrieved 4 scam report(s) for company: ZTBYE
2025-11-25T19:43:42.235-03:00  INFO 2472 --- [A3Back] [           main] A.p.A3Back.service.ScamRetrievalService  : Retrieving scam reports for company: ztbye
2025-11-25T19:43:42.238-03:00  INFO 2472 --- [A3Back] [           main] A.p.A3Back.service.ScamRetrievalService  : Successfully retrieved 4 scam report(s) for company: ztbye
2025-11-25T19:43:42.240-03:00  INFO 2472 --- [A3Back] [           main] A.p.A3Back.service.ScamRetrievalService  : Retrieving scam reports for company: FHS
[...]
2025-11-25T19:43:46.058-03:00  INFO 2472 --- [A3Back] [           main] A.p.A3Back.service.ScamRetrievalService  : Retrieving scam reports for company: IQfRkrUfmAv
2025-11-25T19:43:46.058-03:00  INFO 2472 --- [A3Back] [           main] A.p.A3Back.service.ScamRetrievalService  : Successfully retrieved 1 scam report(s) for company: IQfRkrUfmAv
2025-11-25T19:43:46.058-03:00  INFO 2472 --- [A3Back] [           main] A.p.A3Back.service.ScamRetrievalService  : Retrieving scam reports for company: lRU
2025-11-25T19:43:46.058-03:00  INFO 2472 --- [A3Back] [           main] A.p.A3Back.service.ScamRetrievalService  : Successfully retrieved 8 scam report(s) for company: lRU
2025-11-25T19:43:46.111-03:00  INFO 2472 --- [A3Back] [           main] A.p.A3Back.service.ScamRetrievalService  : Retrieving scam reports for company: qyLfQOdVY
2025-11-25T19:43:46.111-03:00  INFO 2472 --- [A3Back] [           main] A.p.A3Back.service.ScamRetrievalService  : Successfully retrieved 4 scam report(s) for company: qyLfQOdVY
2025-11-25T19:43:46.154-03:00  INFO 2472 --- [A3Back] [           main] A.p.A3Back.service.ScamRetrievalService  : Retrieving scam reports for company: aaa
2025-11-25T19:43:46.160-03:00  INFO 2472 --- [A3Back] [           main] A.p.A3Back.service.ScamRetrievalService  : Successfully retrieved 0 scam report(s) for company: aaa
2025-11-25T19:43:46.163-03:00  INFO 2472 --- [A3Back] [           main] A.p.A3Back.service.ScamRetrievalService  : Retrieving scam reports for company: VYMNISE
2025-11-25T19:43:46.163-03:00  INFO 2472 --- [A3Back] [           main] A.p.A3Back.service.ScamRetrievalService  : Successfully retrieved 10 scam report(s) for company: VYMNISE
2025-11-25T19:43:46.192-03:00  INFO 2472 --- [A3Back] [           main] A.p.A3Back.service.ScamRetrievalService  : Retrieving scam reports for company: EfZmrqEbF
2025-11-25T19:43:46.192-03:00  INFO 2472 --- [A3Back] [           main] A.p.A3Back.service.ScamRetrievalService  : Successfully retrieved 6 scam report(s) for company: EfZmrqEbF
2025-11-25T19:43:46.196-03:00  INFO 2472 --- [A3Back] [           main] A.p.A3Back.service.ScamRetrievalService  : Retrieving scam reports for company: ZZZ
2025-11-25T19:43:46.199-03:00  INFO 2472 --- [A3Back] [           main] A.p.A3Back.service.ScamRetrievalService  : Successfully retrieved 1 scam report(s) for company: ZZZ
2025-11-25T19:43:46.201-03:00  INFO 2472 --- [A3Back] [           main] A.p.A3Back.service.ScamRetrievalService  : Retrieving scam reports for company: twqOC
2025-11-25T19:43:46.201-03:00  INFO 2472 --- [A3Back] [           main] A.p.A3Back.service.ScamRetrievalService  : Successfully retrieved 7 scam report(s) for company: twqOC
2025-11-25T19:43:46.203-03:00  INFO 2472 --- [A3Back] [           main] A.p.A3Back.service.ScamRetrievalService  : Retrieving scam reports for company: zoFCcdjaBUnfB
2025-11-25T19:43:46.203-03:00  INFO 2472 --- [A3Back] [           main] A.p.A3Back.service.ScamRetrievalService  : Successfully retrieved 8 scam report(s) for company: zoFCcdjaBUnfB
2025-11-25T19:43:46.204-03:00  INFO 2472 --- [A3Back] [           main] A.p.A3Back.service.ScamRetrievalService  : Retrieving scam reports for company: IEJqlcM
2025-11-25T19:43:46.204-03:00  INFO 2472 --- [A3Back] [           main] A.p.A3Back.service.ScamRetrievalService  : Successfully retrieved 5 scam report(s) for company: IEJqlcM
2025-11-25T19:43:46.206-03:00  INFO 2472 --- [A3Back] [           main] A.p.A3Back.service.ScamRetrievalService  : Retrieving scam reports for company: mnMLT
2025-11-25T19:43:46.206-03:00  INFO 2472 --- [A3Back] [           main] A.p.A3Back.service.ScamRetrievalService  : Successfully retrieved 6 scam report(s) for company: mnMLT
2025-11-25T19:43:46.210-03:00  INFO 2472 --- [A3Back] [           main] A.p.A3Back.service.ScamRetrievalService  : Retrieving scam reports for company: QLXzLXiGQ
2025-11-25T19:43:46.210-03:00  INFO 2472 --- [A3Back] [           main] A.p.A3Back.service.ScamRetrievalService  : Successfully retrieved 5 scam report(s) for company: QLXzLXiGQ
2025-11-25T19:43:46.237-03:00  INFO 2472 --- [A3Back] [           main] A.p.A3Back.service.ScamRetrievalService  : Retrieving scam reports for company: AhqiYeVWVV
2025-11-25T19:43:46.237-03:00  INFO 2472 --- [A3Back] [           main] A.p.A3Back.service.ScamRetrievalService  : Successfully retrieved 7 scam report(s) for company: AhqiYeVWVV
2025-11-25T19:43:46.237-03:00  INFO 2472 --- [A3Back] [           main] A.p.A3Back.service.ScamRetrievalService  : Retrieving scam reports for company: cSWuJjTDo
2025-11-25T19:43:46.237-03:00  INFO 2472 --- [A3Back] [           main] A.p.A3Back.service.ScamRetrievalService  : Successfully retrieved 9 scam report(s) for company: cSWuJjTDo
2025-11-25T19:43:46.239-03:00  INFO 2472 --- [A3Back] [           main] A.p.A3Back.service.ScamRetrievalService  : Retrieving scam reports for company: ZJLLGHMwA
2025-11-25T19:43:46.239-03:00  INFO 2472 --- [A3Back] [           main] A.p.A3Back.service.ScamRetrievalService  : Successfully retrieved 8 scam report(s) for company: ZJLLGHMwA
2025-11-25T19:43:46.241-03:00  INFO 2472 --- [A3Back] [           main] A.p.A3Back.service.ScamRetrievalService  : Retrieving scam reports for company: HkylzU
2025-11-25T19:43:46.243-03:00  INFO 2472 --- [A3Back] [           main] A.p.A3Back.service.ScamRetrievalService  : Successfully retrieved 8 scam report(s) for company: HkylzU
2025-11-25T19:43:46.245-03:00  INFO 2472 --- [A3Back] [           main] A.p.A3Back.service.ScamRetrievalService  : Retrieving scam reports for company: CKBSGwAKG
2025-11-25T19:43:46.246-03:00  INFO 2472 --- [A3Back] [           main] A.p.A3Back.service.ScamRetrievalService  : Successfully retrieved 9 scam report(s) for company: CKBSGwAKG
2025-11-25T19:43:46.248-03:00  INFO 2472 --- [A3Back] [           main] A.p.A3Back.service.ScamRetrievalService  : Retrieving scam reports for company: DWClMsWl
2025-11-25T19:43:46.250-03:00  INFO 2472 --- [A3Back] [           main] A.p.A3Back.service.ScamRetrievalService  : Successfully retrieved 8 scam report(s) for company: DWClMsWl
2025-11-25T19:43:46.250-03:00  INFO 2472 --- [A3Back] [           main] A.p.A3Back.service.ScamRetrievalService  : Retrieving scam reports for company: umlAKCTRqOv
2025-11-25T19:43:46.250-03:00  INFO 2472 --- [A3Back] [           main] A.p.A3Back.service.ScamRetrievalService  : Successfully retrieved 8 scam report(s) for company: umlAKCTRqOv
2025-11-25T19:43:46.252-03:00  INFO 2472 --- [A3Back] [           main] A.p.A3Back.service.ScamRetrievalService  : Retrieving scam reports for company: hDlBOnW
2025-11-25T19:43:46.252-03:00  INFO 2472 --- [A3Back] [           main] A.p.A3Back.service.ScamRetrievalService  : Successfully retrieved 3 scam report(s) for company: hDlBOnW
2025-11-25T19:43:46.252-03:00  INFO 2472 --- [A3Back] [           main] A.p.A3Back.service.ScamRetrievalService  : Retrieving scam reports for company: ZNHlbPwRDytsr
2025-11-25T19:43:46.252-03:00  INFO 2472 --- [A3Back] [           main] A.p.A3Back.service.ScamRetrievalService  : Successfully retrieved 1 scam report(s) for company: ZNHlbPwRDytsr
2025-11-25T19:43:46.254-03:00  INFO 2472 --- [A3Back] [           main] A.p.A3Back.service.ScamRetrievalService  : Retrieving scam reports for company: pDTrvajIXPgjLHeTFOjvJvhjWgtWyBBHRVKyuhdAE
2025-11-25T19:43:46.254-03:00  INFO 2472 --- [A3Back] [           main] A.p.A3Back.service.ScamRetrievalService  : Successfully retrieved 9 scam report(s) for company: pDTrvajIXPgjLHeTFOjvJvhjWgtWyBBHRVKyuhdAE
2025-11-25T19:43:46.255-03:00  INFO 2472 --- [A3Back] [           main] A.p.A3Back.service.ScamRetrievalService  : Retrieving scam reports for company: aDNzXHwUFXluH
2025-11-25T19:43:46.255-03:00  INFO 2472 --- [A3Back] [           main] A.p.A3Back.service.ScamRetrievalService  : Successfully retrieved 4 scam report(s) for company: aDNzXHwUFXluH
2025-11-25T19:43:46.257-03:00  INFO 2472 --- [A3Back] [           main] A.p.A3Back.service.ScamRetrievalService  : Retrieving scam reports for company: xqWrAjY
2025-11-25T19:43:46.257-03:00  INFO 2472 --- [A3Back] [           main] A.p.A3Back.service.ScamRetrievalService  : Successfully retrieved 2 scam report(s) for company: xqWrAjY
2025-11-25T19:43:46.257-03:00  INFO 2472 --- [A3Back] [           main] A.p.A3Back.service.ScamRetrievalService  : Retrieving scam reports for company: NCDse
2025-11-25T19:43:46.257-03:00  INFO 2472 --- [A3Back] [           main] A.p.A3Back.service.ScamRetrievalService  : Successfully retrieved 1 scam report(s) for company: NCDse
2025-11-25T19:43:46.260-03:00  INFO 2472 --- [A3Back] [           main] A.p.A3Back.service.ScamRetrievalService  : Retrieving scam reports for company: ZZZ
2025-11-25T19:43:46.260-03:00  INFO 2472 --- [A3Back] [           main] A.p.A3Back.service.ScamRetrievalService  : Successfully retrieved 2 scam report(s) for company: ZZZ
2025-11-25T19:43:46.260-03:00  INFO 2472 --- [A3Back] [           main] A.p.A3Back.service.ScamRetrievalService  : Retrieving scam reports for company: PBW
2025-11-25T19:43:46.260-03:00  INFO 2472 --- [A3Back] [           main] A.p.A3Back.service.ScamRetrievalService  : Successfully retrieved 2 scam report(s) for company: PBW
2025-11-25T19:43:46.264-03:00  INFO 2472 --- [A3Back] [           main] A.p.A3Back.service.ScamRetrievalService  : Retrieving scam reports for company: AfssPzU
2025-11-25T19:43:46.264-03:00  INFO 2472 --- [A3Back] [           main] A.p.A3Back.service.ScamRetrievalService  : Successfully retrieved 9 scam report(s) for company: AfssPzU
2025-11-25T19:43:46.266-03:00  INFO 2472 --- [A3Back] [           main] A.p.A3Back.service.ScamRetrievalService  : Retrieving scam reports for company: iIJyjboT
2025-11-25T19:43:46.266-03:00  INFO 2472 --- [A3Back] [           main] A.p.A3Back.service.ScamRetrievalService  : Successfully retrieved 1 scam report(s) for company: iIJyjboT
2025-11-25T19:43:46.268-03:00  INFO 2472 --- [A3Back] [           main] A.p.A3Back.service.ScamRetrievalService  : Retrieving scam reports for company: hkhRX
2025-11-25T19:43:46.268-03:00  INFO 2472 --- [A3Back] [           main] A.p.A3Back.service.ScamRetrievalService  : Successfully retrieved 6 scam report(s) for company: hkhRX
2025-11-25T19:43:46.268-03:00  INFO 2472 --- [A3Back] [           main] A.p.A3Back.service.ScamRetrievalService  : Retrieving scam reports for company: zWMjjuwpCq
2025-11-25T19:43:46.268-03:00  INFO 2472 --- [A3Back] [           main] A.p.A3Back.service.ScamRetrievalService  : Successfully retrieved 5 scam report(s) for company: zWMjjuwpCq
2025-11-25T19:43:46.270-03:00  INFO 2472 --- [A3Back] [           main] A.p.A3Back.service.ScamRetrievalService  : Retrieving scam reports for company: lLHRZqtfzh
2025-11-25T19:43:46.270-03:00  INFO 2472 --- [A3Back] [           main] A.p.A3Back.service.ScamRetrievalService  : Successfully retrieved 5 scam report(s) for company: lLHRZqtfzh
2025-11-25T19:43:46.270-03:00  INFO 2472 --- [A3Back] [           main] A.p.A3Back.service.ScamRetrievalService  : Retrieving scam reports for company: Rafe
2025-11-25T19:43:46.270-03:00  INFO 2472 --- [A3Back] [           main] A.p.A3Back.service.ScamRetrievalService  : Successfully retrieved 5 scam report(s) for company: Rafe
2025-11-25T19:43:46.272-03:00  INFO 2472 --- [A3Back] [           main] A.p.A3Back.service.ScamRetrievalService  : Retrieving scam reports for company: ZZZ
2025-11-25T19:43:46.272-03:00  INFO 2472 --- [A3Back] [           main] A.p.A3Back.service.ScamRetrievalService  : Successfully retrieved 10 scam report(s) for company: ZZZ
2025-11-25T19:43:46.272-03:00  INFO 2472 --- [A3Back] [           main] A.p.A3Back.service.ScamRetrievalService  : Retrieving scam reports for company: zzz
2025-11-25T19:43:46.274-03:00  INFO 2472 --- [A3Back] [           main] A.p.A3Back.service.ScamRetrievalService  : Successfully retrieved 8 scam report(s) for company: zzz
2025-11-25T19:43:46.274-03:00  INFO 2472 --- [A3Back] [           main] A.p.A3Back.service.ScamRetrievalService  : Retrieving scam reports for company: RUPUKVj
2025-11-25T19:43:46.274-03:00  INFO 2472 --- [A3Back] [           main] A.p.A3Back.service.ScamRetrievalService  : Successfully retrieved 0 scam report(s) for company: RUPUKVj
2025-11-25T19:43:46.274-03:00  INFO 2472 --- [A3Back] [           main] A.p.A3Back.service.ScamRetrievalService  : Retrieving scam reports for company: safltWZSjXu
2025-11-25T19:43:46.276-03:00  INFO 2472 --- [A3Back] [           main] A.p.A3Back.service.ScamRetrievalService  : Successfully retrieved 7 scam report(s) for company: safltWZSjXu
2025-11-25T19:43:46.301-03:00  INFO 2472 --- [A3Back] [           main] A.p.A3Back.service.ScamRetrievalService  : Retrieving scam reports for company: IPEUSjpVbC
2025-11-25T19:43:46.301-03:00  INFO 2472 --- [A3Back] [           main] A.p.A3Back.service.ScamRetrievalService  : Successfully retrieved 7 scam report(s) for company: IPEUSjpVbC
2025-11-25T19:43:46.303-03:00  INFO 2472 --- [A3Back] [           main] A.p.A3Back.service.ScamRetrievalService  : Retrieving scam reports for company: SaU
2025-11-25T19:43:46.303-03:00  INFO 2472 --- [A3Back] [           main] A.p.A3Back.service.ScamRetrievalService  : Successfully retrieved 6 scam report(s) for company: SaU
2025-11-25T19:43:46.303-03:00  INFO 2472 --- [A3Back] [           main] A.p.A3Back.service.ScamRetrievalService  : Retrieving scam reports for company: uLwaYSkzRF
2025-11-25T19:43:46.303-03:00  INFO 2472 --- [A3Back] [           main] A.p.A3Back.service.ScamRetrievalService  : Successfully retrieved 6 scam report(s) for company: uLwaYSkzRF
2025-11-25T19:43:46.305-03:00  INFO 2472 --- [A3Back] [           main] A.p.A3Back.service.ScamRetrievalService  : Retrieving scam reports for company: yGJyTPcY
2025-11-25T19:43:46.305-03:00  INFO 2472 --- [A3Back] [           main] A.p.A3Back.service.ScamRetrievalService  : Successfully retrieved 9 scam report(s) for company: yGJyTPcY
2025-11-25T19:43:46.305-03:00  INFO 2472 --- [A3Back] [           main] A.p.A3Back.service.ScamRetrievalService  : Retrieving scam reports for company: ZZZ
2025-11-25T19:43:46.305-03:00  INFO 2472 --- [A3Back] [           main] A.p.A3Back.service.ScamRetrievalService  : Successfully retrieved 9 scam report(s) for company: ZZZ
2025-11-25T19:43:46.307-03:00  INFO 2472 --- [A3Back] [           main] A.p.A3Back.service.ScamRetrievalService  : Retrieving scam reports for company: aaa
2025-11-25T19:43:46.307-03:00  INFO 2472 --- [A3Back] [           main] A.p.A3Back.service.ScamRetrievalService  : Successfully retrieved 0 scam report(s) for company: aaa
2025-11-25T19:43:46.307-03:00  INFO 2472 --- [A3Back] [           main] A.p.A3Back.service.ScamRetrievalService  : Retrieving scam reports for company: RXpkyIxZh
2025-11-25T19:43:46.307-03:00  INFO 2472 --- [A3Back] [           main] A.p.A3Back.service.ScamRetrievalService  : Successfully retrieved 3 scam report(s) for company: RXpkyIxZh
2025-11-25T19:43:46.309-03:00  INFO 2472 --- [A3Back] [           main] A.p.A3Back.service.ScamRetrievalService  : Retrieving scam reports for company: inVALRaW
2025-11-25T19:43:46.311-03:00  INFO 2472 --- [A3Back] [           main] A.p.A3Back.service.ScamRetrievalService  : Successfully retrieved 9 scam report(s) for company: inVALRaW
2025-11-25T19:43:46.311-03:00  INFO 2472 --- [A3Back] [           main] A.p.A3Back.service.ScamRetrievalService  : Retrieving scam reports for company: aaa
2025-11-25T19:43:46.311-03:00  INFO 2472 --- [A3Back] [           main] A.p.A3Back.service.ScamRetrievalService  : Successfully retrieved 2 scam report(s) for company: aaa
2025-11-25T19:43:46.313-03:00  INFO 2472 --- [A3Back] [           main] A.p.A3Back.service.ScamRetrievalService  : Retrieving scam reports for company: oXyMBQEhVGSHHOYojJrySAWwebimwTZTtlAAXAWiXVSkFiwWhi
2025-11-25T19:43:46.313-03:00  INFO 2472 --- [A3Back] [           main] A.p.A3Back.service.ScamRetrievalService  : Successfully retrieved 7 scam report(s) for company: oXyMBQEhVGSHHOYojJrySAWwebimwTZTtlAAXAWiXVSkFiwWhi
2025-11-25T19:43:46.313-03:00  INFO 2472 --- [A3Back] [           main] A.p.A3Back.service.ScamRetrievalService  : Retrieving scam reports for company: GtSRBACwUv
2025-11-25T19:43:46.313-03:00  INFO 2472 --- [A3Back] [           main] A.p.A3Back.service.ScamRetrievalService  : Successfully retrieved 0 scam report(s) for company: GtSRBACwUv
2025-11-25T19:43:46.315-03:00  INFO 2472 --- [A3Back] [           main] A.p.A3Back.service.ScamRetrievalService  : Retrieving scam reports for company: FDQJHCDxvqIg
2025-11-25T19:43:46.315-03:00  INFO 2472 --- [A3Back] [           main] A.p.A3Back.service.ScamRetrievalService  : Successfully retrieved 9 scam report(s) for company: FDQJHCDxvqIg
2025-11-25T19:43:46.315-03:00  INFO 2472 --- [A3Back] [           main] A.p.A3Back.service.ScamRetrievalService  : Retrieving scam reports for company: uKjsKaTEJfEXCgDtpTcMSDxpmP
2025-11-25T19:43:46.315-03:00  INFO 2472 --- [A3Back] [           main] A.p.A3Back.service.ScamRetrievalService  : Successfully retrieved 6 scam report(s) for company: uKjsKaTEJfEXCgDtpTcMSDxpmP
2025-11-25T19:43:46.319-03:00  INFO 2472 --- [A3Back] [           main] A.p.A3Back.service.ScamRetrievalService  : Retrieving scam reports for company: aaa
2025-11-25T19:43:46.319-03:00  INFO 2472 --- [A3Back] [           main] A.p.A3Back.service.ScamRetrievalService  : Successfully retrieved 1 scam report(s) for company: aaa
2025-11-25T19:43:46.321-03:00  INFO 2472 --- [A3Back] [           main] A.p.A3Back.service.ScamRetrievalService  : Retrieving scam reports for company: OjSupuCZOkbc
2025-11-25T19:43:46.321-03:00  INFO 2472 --- [A3Back] [           main] A.p.A3Back.service.ScamRetrievalService  : Successfully retrieved 10 scam report(s) for company: OjSupuCZOkbc
2025-11-25T19:43:46.350-03:00  INFO 2472 --- [A3Back] [           main] A.p.A3Back.service.ScamRetrievalService  : Retrieving scam reports for company: UhQVvnXWDiK
2025-11-25T19:43:46.350-03:00  INFO 2472 --- [A3Back] [           main] A.p.A3Back.service.ScamRetrievalService  : Successfully retrieved 3 scam report(s) for company: UhQVvnXWDiK
2025-11-25T19:43:46.354-03:00  INFO 2472 --- [A3Back] [           main] A.p.A3Back.service.ScamRetrievalService  : Retrieving scam reports for company: ZswFb
2025-11-25T19:43:46.354-03:00  INFO 2472 --- [A3Back] [           main] A.p.A3Back.service.ScamRetrievalService  : Successfully retrieved 9 scam report(s) for company: ZswFb
2025-11-25T19:43:46.354-03:00  INFO 2472 --- [A3Back] [           main] A.p.A3Back.service.ScamRetrievalService  : Retrieving scam reports for company: aaa
2025-11-25T19:43:46.354-03:00  INFO 2472 --- [A3Back] [           main] A.p.A3Back.service.ScamRetrievalService  : Successfully retrieved 10 scam report(s) for company: aaa
2025-11-25T19:43:46.356-03:00  INFO 2472 --- [A3Back] [           main] A.p.A3Back.service.ScamRetrievalService  : Retrieving scam reports for company: MURUbj
2025-11-25T19:43:46.356-03:00  INFO 2472 --- [A3Back] [           main] A.p.A3Back.service.ScamRetrievalService  : Successfully retrieved 2 scam report(s) for company: MURUbj
timestamp = 2025-11-25T19:43:46.378188200, ScamRetrievalServicePropertyTest:successCountLoggingShouldOccurAtInfoLevel = 
                              |-----------------------jqwik-----------------------
tries = 100                   | # of calls to property
checks = 100                  | # of not rejected calls
generation = RANDOMIZED       | parameters are randomly generated
after-failure = SAMPLE_FIRST  | try previously failed sample, then previous seed
when-fixed-seed = ALLOW       | fixing the random seed is allowed
edge-cases#mode = MIXIN       | edge cases are mixed in
edge-cases#total = 20         | # of all combined edge cases
edge-cases#tried = 14         | # of edge cases tried in current run
seed = -3171326171242108124   | random seed to reproduce generated values


]]></system-out>
  </testcase>
</testsuite>