<?xml version="1.0" encoding="UTF-8"?>
<testsuite xmlns:xsi="http://www.w3.org/2001/XMLSchema-instance" xsi:noNamespaceSchemaLocation="https://maven.apache.org/surefire/maven-surefire-plugin/xsd/surefire-test-report.xsd" version="3.0.2" name="A3.projeto.A3Back.controller.SecureLoggingPropertyTest" time="28.839" tests="1" errors="0" skipped="0" failures="0">
  <properties>
[...]
</properties>
  <testcase name="logsShouldNotContainSensitiveAuthenticationData" classname="SecureLoggingPropertyTest" time="28.77">
    <system-out><![CDATA[2025-11-25T19:43:11.098-03:00  INFO 2472 --- [A3Back] [           main] A.p.A3Back.controller.AuthController     : Login attempt for user: twU
2025-11-25T19:43:11.200-03:00  INFO 2472 --- [A3Back] [           main] A.p.A3Back.controller.AuthController     : JWT token generated successfully for user: TWU
2025-11-25T19:43:11.333-03:00  INFO 2472 --- [A3Back] [           main] A.p.A3Back.controller.AuthController     : Login attempt for user: PMwedsyi
2025-11-25T19:43:11.444-03:00  INFO 2472 --- [A3Back] [           main] A.p.A3Back.controller.AuthController     : JWT token generated successfully for user: PMWEDSYI
2025-11-25T19:43:11.545-03:00  INFO 2472 --- [A3Back] [           main] A.p.A3Back.controller.AuthController     : Login attempt for user: ALdmZNhAcVOKPCw
2025-11-25T19:43:11.675-03:00  INFO 2472 --- [A3Back] [           main] A.p.A3Back.controller.AuthController     : JWT token generated successfully for user: ALDMZNHACVOKPCW
2025-11-25T19:43:11.866-03:00  INFO 2472 --- [A3Back] [           main] A.p.A3Back.controller.AuthController     : Login attempt for user: qlXepEylYDm
2025-11-25T19:43:11.971-03:00  INFO 2472 --- [A3Back] [           main] A.p.A3Back.controller.AuthController     : JWT token generated successfully for user: QLXEPEYLYDM
2025-11-25T19:43:12.076-03:00  INFO 2472 --- [A3Back] [           main] A.p.A3Back.controller.AuthController     : Login attempt for user: AdibnGTGslgrg
2025-11-25T19:43:12.178-03:00  INFO 2472 --- [A3Back] [           main] A.p.A3Back.controller.AuthController     : JWT token generated successfully for user: ADIBNGTGSLGRG
2025-11-25T19:43:12.286-03:00  INFO 2472 --- [A3Back] [           main] A.p.A3Back.controller.AuthController     : Login attempt for user: Uvd
2025-11-25T19:43:12.413-03:00  INFO 2472 --- [A3Back] [           main] A.p.A3Back.controller.AuthController     : JWT token generated successfully for user: UVD
2025-11-25T19:43:12.511-03:00  INFO 2472 --- [A3Back] [           main] A.p.A3Back.controller.AuthController     : Login attempt for user: AAA
2025-11-25T19:43:12.623-03:00  INFO 2472 --- [A3Back] [           main] A.p.A3Back.controller.AuthController     : JWT token generated successfully for user: AAA
2025-11-25T19:43:12.804-03:00  INFO 2472 --- [A3Back] [           main] A.p.A3Back.controller.AuthController     : Login attempt for user: AAA
2025-11-25T19:43:12.919-03:00  INFO 2472 --- [A3Back] [           main] A.p.A3Back.controller.AuthController     : JWT token generated successfully for user: AAA
2025-11-25T19:43:13.032-03:00  INFO 2472 --- [A3Back] [           main] A.p.A3Back.controller.AuthController     : Login attempt for user: RFosoybW
2025-11-25T19:43:13.146-03:00  INFO 2472 --- [A3Back] [           main] A.p.A3Back.controller.AuthController     : JWT token generated successfully for user: RFOSOYBW
2025-11-25T19:43:13.275-03:00  INFO 2472 --- [A3Back] [           main] A.p.A3Back.controller.AuthController     : Login attempt for user: iaxXOzZlbxGrplzRdtX
2025-11-25T19:43:13.407-03:00  INFO 2472 --- [A3Back] [           main] A.p.A3Back.controller.AuthController     : JWT token generated successfully for user: IAXXOZZLBXGRPLZRDTX
2025-11-25T19:43:13.519-03:00  INFO 2472 --- [A3Back] [           main] A.p.A3Back.controller.AuthController     : Login attempt for user: AAA
2025-11-25T19:43:13.636-03:00  INFO 2472 --- [A3Back] [           main] A.p.A3Back.controller.AuthController     : JWT token generated successfully for user: AAA
2025-11-25T19:43:13.757-03:00  INFO 2472 --- [A3Back] [           main] A.p.A3Back.controller.AuthController     : Login attempt for user: yJYu
2025-11-25T19:43:13.898-03:00  INFO 2472 --- [A3Back] [           main] A.p.A3Back.controller.AuthController     : JWT token generated successfully for user: YJYU
2025-11-25T19:43:14.017-03:00  INFO 2472 --- [A3Back] [           main] A.p.A3Back.controller.AuthController     : Login attempt for user: aaa
2025-11-25T19:43:14.130-03:00  INFO 2472 --- [A3Back] [           main] A.p.A3Back.controller.AuthController     : JWT token generated successfully for user: AAA
2025-11-25T19:43:14.248-03:00  INFO 2472 --- [A3Back] [           main] A.p.A3Back.controller.AuthController     : Login attempt for user: ivyDlHynCzvgI
2025-11-25T19:43:14.360-03:00  INFO 2472 --- [A3Back] [           main] A.p.A3Back.controller.AuthController     : JWT token generated successfully for user: IVYDLHYNCZVGI
2025-11-25T19:43:14.479-03:00  INFO 2472 --- [A3Back] [           main] A.p.A3Back.controller.AuthController     : Login attempt for user: wObThqmYxXscHUIALpj
2025-11-25T19:43:14.589-03:00  INFO 2472 --- [A3Back] [           main] A.p.A3Back.controller.AuthController     : JWT token generated successfully for user: WOBTHQMYXXSCHUIALPJ
2025-11-25T19:43:14.733-03:00  INFO 2472 --- [A3Back] [           main] A.p.A3Back.controller.AuthController     : Login attempt for user: AAA
2025-11-25T19:43:14.842-03:00  INFO 2472 --- [A3Back] [           main] A.p.A3Back.controller.AuthController     : JWT token generated successfully for user: AAA
2025-11-25T19:43:14.973-03:00  INFO 2472 --- [A3Back] [           main] A.p.A3Back.controller.AuthController     : Login attempt for user: ZZZ
2025-11-25T19:43:15.071-03:00  INFO 2472 --- [A3Back] [           main] A.p.A3Back.controller.AuthController     : JWT token generated successfully for user: ZZZ
2025-11-25T19:43:15.185-03:00  INFO 2472 --- [A3Back] [           main] A.p.A3Back.controller.AuthController     : Login attempt for user: ZZZ
2025-11-25T19:43:15.296-03:00  INFO 2472 --- [A3Back] [           main] A.p.A3Back.controller.AuthController     : JWT token generated successfully for user: ZZZ
2025-11-25T19:43:15.437-03:00  INFO 2472 --- [A3Back] [           main] A.p.A3Back.controller.AuthController     : Login attempt for user: QlnhVeeXyRyDkwOBl
2025-11-25T19:43:15.562-03:00  INFO 2472 --- [A3Back] [           main] A.p.A3Back.controller.AuthController     : JWT token generated successfully for user: QLNHVEEXYRYDKWOBL
2025-11-25T19:43:15.784-03:00  INFO 2472 --- [A3Back] [           main] A.p.A3Back.controller.AuthController     : Login attempt for user: OeoMxbfLjg
2025-11-25T19:43:15.993-03:00  INFO 2472 --- [A3Back] [           main] A.p.A3Back.controller.AuthController     : JWT token generated successfully for user: OEOMXBFLJG
2025-11-25T19:43:16.126-03:00  INFO 2472 --- [A3Back] [           main] A.p.A3Back.controller.AuthController     : Login attempt for user: XKhZefxPs
2025-11-25T19:43:16.239-03:00  INFO 2472 --- [A3Back] [           main] A.p.A3Back.controller.AuthController     : JWT token generated successfully for user: XKHZEFXPS
2025-11-25T19:43:16.349-03:00  INFO 2472 --- [A3Back] [           main] A.p.A3Back.controller.AuthController     : Login attempt for user: BXOPnliVoWkv
2025-11-25T19:43:16.481-03:00  INFO 2472 --- [A3Back] [           main] A.p.A3Back.controller.AuthController     : JWT token generated successfully for user: BXOPNLIVOWKV
2025-11-25T19:43:16.585-03:00  INFO 2472 --- [A3Back] [           main] A.p.A3Back.controller.AuthController     : Login attempt for user: wXCL
2025-11-25T19:43:16.705-03:00  INFO 2472 --- [A3Back] [           main] A.p.A3Back.controller.AuthController     : JWT token generated successfully for user: WXCL
2025-11-25T19:43:16.828-03:00  INFO 2472 --- [A3Back] [           main] A.p.A3Back.controller.AuthController     : Login attempt for user: SbCGAaEi
2025-11-25T19:43:16.993-03:00  INFO 2472 --- [A3Back] [           main] A.p.A3Back.controller.AuthController     : JWT token generated successfully for user: SBCGAAEI
2025-11-25T19:43:17.258-03:00  INFO 2472 --- [A3Back] [           main] A.p.A3Back.controller.AuthController     : Login attempt for user: IUqQO
2025-11-25T19:43:18.305-03:00  INFO 2472 --- [A3Back] [           main] A.p.A3Back.controller.AuthController     : JWT token generated successfully for user: IUQQO
2025-11-25T19:43:18.528-03:00  INFO 2472 --- [A3Back] [           main] A.p.A3Back.controller.AuthController     : Login attempt for user: RUFSyNl
2025-11-25T19:43:18.843-03:00  INFO 2472 --- [A3Back] [           main] A.p.A3Back.controller.AuthController     : JWT token generated successfully for user: RUFSYNL
2025-11-25T19:43:19.288-03:00  INFO 2472 --- [A3Back] [           main] A.p.A3Back.controller.AuthController     : Login attempt for user: SPoITfAyw
2025-11-25T19:43:20.274-03:00  INFO 2472 --- [A3Back] [           main] A.p.A3Back.controller.AuthController     : JWT token generated successfully for user: SPOITFAYW
2025-11-25T19:43:20.481-03:00  INFO 2472 --- [A3Back] [           main] A.p.A3Back.controller.AuthController     : Login attempt for user: hfmEipBSDyujhSmwjr
2025-11-25T19:43:20.643-03:00  INFO 2472 --- [A3Back] [           main] A.p.A3Back.controller.AuthController     : JWT token generated successfully for user: HFMEIPBSDYUJHSMWJR
2025-11-25T19:43:20.758-03:00  INFO 2472 --- [A3Back] [           main] A.p.A3Back.controller.AuthController     : Login attempt for user: CfH
2025-11-25T19:43:20.901-03:00  INFO 2472 --- [A3Back] [           main] A.p.A3Back.controller.AuthController     : JWT token generated successfully for user: CFH
2025-11-25T19:43:21.030-03:00  INFO 2472 --- [A3Back] [           main] A.p.A3Back.controller.AuthController     : Login attempt for user: XtZjToTAbLr
2025-11-25T19:43:21.160-03:00  INFO 2472 --- [A3Back] [           main] A.p.A3Back.controller.AuthController     : JWT token generated successfully for user: XTZJTOTABLR
2025-11-25T19:43:21.264-03:00  INFO 2472 --- [A3Back] [           main] A.p.A3Back.controller.AuthController     : Login attempt for user: NvDHSr
2025-11-25T19:43:21.366-03:00  INFO 2472 --- [A3Back] [           main] A.p.A3Back.controller.AuthController     : JWT token generated successfully for user: NVDHSR
2025-11-25T19:43:21.519-03:00  INFO 2472 --- [A3Back] [           main] A.p.A3Back.controller.AuthController     : Login attempt for user: RZtAZGWsJNzTC
2025-11-25T19:43:21.651-03:00  INFO 2472 --- [A3Back] [           main] A.p.A3Back.controller.AuthController     : JWT token generated successfully for user: RZTAZGWSJNZTC
2025-11-25T19:43:21.803-03:00  INFO 2472 --- [A3Back] [           main] A.p.A3Back.controller.AuthController     : Login attempt for user: ESfQtKepl
2025-11-25T19:43:21.901-03:00  INFO 2472 --- [A3Back] [           main] A.p.A3Back.controller.AuthController     : JWT token generated successfully for user: ESFQTKEPL
2025-11-25T19:43:22.015-03:00  INFO 2472 --- [A3Back] [           main] A.p.A3Back.controller.AuthController     : Login attempt for user: tIuqNZkW
2025-11-25T19:43:22.119-03:00  INFO 2472 --- [A3Back] [           main] A.p.A3Back.controller.AuthController     : JWT token generated successfully for user: TIUQNZKW
2025-11-25T19:43:22.250-03:00  INFO 2472 --- [A3Back] [           main] A.p.A3Back.controller.AuthController     : Login attempt for user: ZZZ
2025-11-25T19:43:22.377-03:00  INFO 2472 --- [A3Back] [           main] A.p.A3Back.controller.AuthController     : JWT token generated successfully for user: ZZZ
2025-11-25T19:43:22.483-03:00  INFO 2472 --- [A3Back] [           main] A.p.A3Back.controller.AuthController     : Login attempt for user: sttgC
2025-11-25T19:43:22.588-03:00  INFO 2472 --- [A3Back] [           main] A.p.A3Back.controller.AuthController     : JWT token generated successfully for user: STTGC
2025-11-25T19:43:22.720-03:00  INFO 2472 --- [A3Back] [           main] A.p.A3Back.controller.AuthController     : Login attempt for user: pyxfsvKdGgM
2025-11-25T19:43:22.832-03:00  INFO 2472 --- [A3Back] [           main] A.p.A3Back.controller.AuthController     : JWT token generated successfully for user: PYXFSVKDGGM
2025-11-25T19:43:22.944-03:00  INFO 2472 --- [A3Back] [           main] A.p.A3Back.controller.AuthController     : Login attempt for user: ZZZ
2025-11-25T19:43:23.050-03:00  INFO 2472 --- [A3Back] [           main] A.p.A3Back.controller.AuthController     : JWT token generated successfully for user: ZZZ
2025-11-25T19:43:23.169-03:00  INFO 2472 --- [A3Back] [           main] A.p.A3Back.controller.AuthController     : Login attempt for user: dYVQhchP
2025-11-25T19:43:23.304-03:00  INFO 2472 --- [A3Back] [           main] A.p.A3Back.controller.AuthController     : JWT token generated successfully for user: DYVQHCHP
2025-11-25T19:43:23.429-03:00  INFO 2472 --- [A3Back] [           main] A.p.A3Back.controller.AuthController     : Login attempt for user: Rdfvryv
2025-11-25T19:43:23.533-03:00  INFO 2472 --- [A3Back] [           main] A.p.A3Back.controller.AuthController     : JWT token generated successfully for user: RDFVRYV
2025-11-25T19:43:23.647-03:00  INFO 2472 --- [A3Back] [           main] A.p.A3Back.controller.AuthController     : Login attempt for user: eIov
2025-11-25T19:43:23.769-03:00  INFO 2472 --- [A3Back] [           main] A.p.A3Back.controller.AuthController     : JWT token generated successfully for user: EIOV
2025-11-25T19:43:23.880-03:00  INFO 2472 --- [A3Back] [           main] A.p.A3Back.controller.AuthController     : Login attempt for user: LJdPNSwfHXYiDHM
2025-11-25T19:43:23.990-03:00  INFO 2472 --- [A3Back] [           main] A.p.A3Back.controller.AuthController     : JWT token generated successfully for user: LJDPNSWFHXYIDHM
2025-11-25T19:43:24.096-03:00  INFO 2472 --- [A3Back] [           main] A.p.A3Back.controller.AuthController     : Login attempt for user: yuQKxVx
2025-11-25T19:43:24.207-03:00  INFO 2472 --- [A3Back] [           main] A.p.A3Back.controller.AuthController     : JWT token generated successfully for user: YUQKXVX
2025-11-25T19:43:24.331-03:00  INFO 2472 --- [A3Back] [           main] A.p.A3Back.controller.AuthController     : Login attempt for user: zzz
2025-11-25T19:43:24.446-03:00  INFO 2472 --- [A3Back] [           main] A.p.A3Back.controller.AuthController     : JWT token generated successfully for user: ZZZ
2025-11-25T19:43:24.558-03:00  INFO 2472 --- [A3Back] [           main] A.p.A3Back.controller.AuthController     : Login attempt for user: VTcWvfzu
2025-11-25T19:43:24.666-03:00  INFO 2472 --- [A3Back] [           main] A.p.A3Back.controller.AuthController     : JWT token generated successfully for user: VTCWVFZU
2025-11-25T19:43:24.785-03:00  INFO 2472 --- [A3Back] [           main] A.p.A3Back.controller.AuthController     : Login attempt for user: hUFbtwPTh
2025-11-25T19:43:24.887-03:00  INFO 2472 --- [A3Back] [           main] A.p.A3Back.controller.AuthController     : JWT token generated successfully for user: HUFBTWPTH
2025-11-25T19:43:24.993-03:00  INFO 2472 --- [A3Back] [           main] A.p.A3Back.controller.AuthController     : Login attempt for user: VEgBvfkTWCcZnAW
2025-11-25T19:43:25.105-03:00  INFO 2472 --- [A3Back] [           main] A.p.A3Back.controller.AuthController     : JWT token generated successfully for user: VEGBVFKTWCCZNAW
2025-11-25T19:43:25.242-03:00  INFO 2472 --- [A3Back] [           main] A.p.A3Back.controller.AuthController     : Login attempt for user: IwA
2025-11-25T19:43:25.376-03:00  INFO 2472 --- [A3Back] [           main] A.p.A3Back.controller.AuthController     : JWT token generated successfully for user: IWA
2025-11-25T19:43:25.496-03:00  INFO 2472 --- [A3Back] [           main] A.p.A3Back.controller.AuthController     : Login attempt for user: dLHVII
2025-11-25T19:43:25.639-03:00  INFO 2472 --- [A3Back] [           main] A.p.A3Back.controller.AuthController     : JWT token generated successfully for user: DLHVII
2025-11-25T19:43:25.839-03:00  INFO 2472 --- [A3Back] [           main] A.p.A3Back.controller.AuthController     : Login attempt for user: qRxcbYRrJiXphf
2025-11-25T19:43:25.962-03:00  INFO 2472 --- [A3Back] [           main] A.p.A3Back.controller.AuthController     : JWT token generated successfully for user: QRXCBYRRJIXPHF
2025-11-25T19:43:26.106-03:00  INFO 2472 --- [A3Back] [           main] A.p.A3Back.controller.AuthController     : Login attempt for user: QEdYi
2025-11-25T19:43:26.210-03:00  INFO 2472 --- [A3Back] [           main] A.p.A3Back.controller.AuthController     : JWT token generated successfully for user: QEDYI
2025-11-25T19:43:26.361-03:00  INFO 2472 --- [A3Back] [           main] A.p.A3Back.controller.AuthController     : Login attempt for user: ZDcLxMWyA
2025-11-25T19:43:26.491-03:00  INFO 2472 --- [A3Back] [           main] A.p.A3Back.controller.AuthController     : JWT token generated successfully for user: ZDCLXMWYA
2025-11-25T19:43:26.604-03:00  INFO 2472 --- [A3Back] [           main] A.p.A3Back.controller.AuthController     : Login attempt for user: SAqFFEBW
2025-11-25T19:43:26.704-03:00  INFO 2472 --- [A3Back] [           main] A.p.A3Back.controller.AuthController     : JWT token generated successfully for user: SAQFFEBW
2025-11-25T19:43:26.824-03:00  INFO 2472 --- [A3Back] [           main] A.p.A3Back.controller.AuthController     : Login attempt for user: kCvyvZDoiLVjLU
2025-11-25T19:43:26.930-03:00  INFO 2472 --- [A3Back] [           main] A.p.A3Back.controller.AuthController     : JWT token generated successfully for user: KCVYVZDOILVJLU
2025-11-25T19:43:27.102-03:00  INFO 2472 --- [A3Back] [           main] A.p.A3Back.controller.AuthController     : Login attempt for user: ThbvAUBNltIxo
2025-11-25T19:43:27.233-03:00  INFO 2472 --- [A3Back] [           main] A.p.A3Back.controller.AuthController     : JWT token generated successfully for user: THBVAUBNLTIXO
2025-11-25T19:43:27.369-03:00  INFO 2472 --- [A3Back] [           main] A.p.A3Back.controller.AuthController     : Login attempt for user: fOIFLDIRhOiLi
2025-11-25T19:43:27.488-03:00  INFO 2472 --- [A3Back] [           main] A.p.A3Back.controller.AuthController     : JWT token generated successfully for user: FOIFLDIRHOILI
2025-11-25T19:43:27.622-03:00  INFO 2472 --- [A3Back] [           main] A.p.A3Back.controller.AuthController     : Login attempt for user: xTBcWjAcHs
2025-11-25T19:43:27.822-03:00  INFO 2472 --- [A3Back] [           main] A.p.A3Back.controller.AuthController     : JWT token generated successfully for user: XTBCWJACHS
2025-11-25T19:43:28.046-03:00  INFO 2472 --- [A3Back] [           main] A.p.A3Back.controller.AuthController     : Login attempt for user: oSegWFAfhTQA
2025-11-25T19:43:28.283-03:00  INFO 2472 --- [A3Back] [           main] A.p.A3Back.controller.AuthController     : JWT token generated successfully for user: OSEGWFAFHTQA
2025-11-25T19:43:28.668-03:00  INFO 2472 --- [A3Back] [           main] A.p.A3Back.controller.AuthController     : Login attempt for user: uvccubqi
2025-11-25T19:43:28.778-03:00  INFO 2472 --- [A3Back] [           main] A.p.A3Back.controller.AuthController     : JWT token generated successfully for user: UVCCUBQI
2025-11-25T19:43:28.901-03:00  INFO 2472 --- [A3Back] [           main] A.p.A3Back.controller.AuthController     : Login attempt for user: KuESgLKCApvg
2025-11-25T19:43:29.000-03:00  INFO 2472 --- [A3Back] [           main] A.p.A3Back.controller.AuthController     : JWT token generated successfully for user: KUESGLKCAPVG
2025-11-25T19:43:29.103-03:00  INFO 2472 --- [A3Back] [           main] A.p.A3Back.controller.AuthController     : Login attempt for user: cmrOjMknO
2025-11-25T19:43:29.208-03:00  INFO 2472 --- [A3Back] [           main] A.p.A3Back.controller.AuthController     : JWT token generated successfully for user: CMROJMKNO
2025-11-25T19:43:29.339-03:00  INFO 2472 --- [A3Back] [           main] A.p.A3Back.controller.AuthController     : Login attempt for user: kxvIgaYssBmWR
2025-11-25T19:43:29.458-03:00  INFO 2472 --- [A3Back] [           main] A.p.A3Back.controller.AuthController     : JWT token generated successfully for user: KXVIGAYSSBMWR
2025-11-25T19:43:29.558-03:00  INFO 2472 --- [A3Back] [           main] A.p.A3Back.controller.AuthController     : Login attempt for user: aaa
2025-11-25T19:43:29.670-03:00  INFO 2472 --- [A3Back] [           main] A.p.A3Back.controller.AuthController     : JWT token generated successfully for user: AAA
2025-11-25T19:43:29.775-03:00  INFO 2472 --- [A3Back] [           main] A.p.A3Back.controller.AuthController     : Login attempt for user: gsHfcuM
2025-11-25T19:43:29.879-03:00  INFO 2472 --- [A3Back] [           main] A.p.A3Back.controller.AuthController     : JWT token generated successfully for user: GSHFCUM
2025-11-25T19:43:30.021-03:00  INFO 2472 --- [A3Back] [           main] A.p.A3Back.controller.AuthController     : Login attempt for user: pPAIEjj
2025-11-25T19:43:30.120-03:00  INFO 2472 --- [A3Back] [           main] A.p.A3Back.controller.AuthController     : JWT token generated successfully for user: PPAIEJJ
2025-11-25T19:43:30.226-03:00  INFO 2472 --- [A3Back] [           main] A.p.A3Back.controller.AuthController     : Login attempt for user: Qymh
2025-11-25T19:43:30.334-03:00  INFO 2472 --- [A3Back] [           main] A.p.A3Back.controller.AuthController     : JWT token generated successfully for user: QYMH
2025-11-25T19:43:30.476-03:00  INFO 2472 --- [A3Back] [           main] A.p.A3Back.controller.AuthController     : Login attempt for user: cEyA
2025-11-25T19:43:30.587-03:00  INFO 2472 --- [A3Back] [           main] A.p.A3Back.controller.AuthController     : JWT token generated successfully for user: CEYA
2025-11-25T19:43:30.705-03:00  INFO 2472 --- [A3Back] [           main] A.p.A3Back.controller.AuthController     : Login attempt for user: ukmDVA
2025-11-25T19:43:30.818-03:00  INFO 2472 --- [A3Back] [           main] A.p.A3Back.controller.AuthController     : JWT token generated successfully for user: UKMDVA
2025-11-25T19:43:30.960-03:00  INFO 2472 --- [A3Back] [           main] A.p.A3Back.controller.AuthController     : Login attempt for user: ATSuZdrM
2025-11-25T19:43:31.118-03:00  INFO 2472 --- [A3Back] [           main] A.p.A3Back.controller.AuthController     : JWT token generated successfully for user: ATSUZDRM
2025-11-25T19:43:31.261-03:00  INFO 2472 --- [A3Back] [           main] A.p.A3Back.controller.AuthController     : Login attempt for user: LfFRcdjj
2025-11-25T19:43:31.365-03:00  INFO 2472 --- [A3Back] [           main] A.p.A3Back.controller.AuthController     : JWT token generated successfully for user: LFFRCDJJ
2025-11-25T19:43:31.557-03:00  INFO 2472 --- [A3Back] [           main] A.p.A3Back.controller.AuthController     : Login attempt for user: aaa
2025-11-25T19:43:31.689-03:00  INFO 2472 --- [A3Back] [           main] A.p.A3Back.controller.AuthController     : JWT token generated successfully for user: AAA
2025-11-25T19:43:31.824-03:00  INFO 2472 --- [A3Back] [           main] A.p.A3Back.controller.AuthController     : Login attempt for user: gdNcPebxthoi
2025-11-25T19:43:31.951-03:00  INFO 2472 --- [A3Back] [           main] A.p.A3Back.controller.AuthController     : JWT token generated successfully for user: GDNCPEBXTHOI
2025-11-25T19:43:32.058-03:00  INFO 2472 --- [A3Back] [           main] A.p.A3Back.controller.AuthController     : Login attempt for user: GmKw
2025-11-25T19:43:32.166-03:00  INFO 2472 --- [A3Back] [           main] A.p.A3Back.controller.AuthController     : JWT token generated successfully for user: GMKW
2025-11-25T19:43:32.272-03:00  INFO 2472 --- [A3Back] [           main] A.p.A3Back.controller.AuthController     : Login attempt for user: AokRikg
2025-11-25T19:43:32.377-03:00  INFO 2472 --- [A3Back] [           main] A.p.A3Back.controller.AuthController     : JWT token generated successfully for user: AOKRIKG
2025-11-25T19:43:32.496-03:00  INFO 2472 --- [A3Back] [           main] A.p.A3Back.controller.AuthController     : Login attempt for user: eqLeGzRRMZAl
2025-11-25T19:43:32.604-03:00  INFO 2472 --- [A3Back] [           main] A.p.A3Back.controller.AuthController     : JWT token generated successfully for user: EQLEGZRRMZAL
2025-11-25T19:43:32.722-03:00  INFO 2472 --- [A3Back] [           main] A.p.A3Back.controller.AuthController     : Login attempt for user: aVDDrXmk
2025-11-25T19:43:32.819-03:00  INFO 2472 --- [A3Back] [           main] A.p.A3Back.controller.AuthController     : JWT token generated successfully for user: AVDDRXMK
2025-11-25T19:43:32.925-03:00  INFO 2472 --- [A3Back] [           main] A.p.A3Back.controller.AuthController     : Login attempt for user: aShphBJRHBQxVewPjEzc
2025-11-25T19:43:33.039-03:00  INFO 2472 --- [A3Back] [           main] A.p.A3Back.controller.AuthController     : JWT token generated successfully for user: ASHPHBJRHBQXVEWPJEZC
2025-11-25T19:43:33.145-03:00  INFO 2472 --- [A3Back] [           main] A.p.A3Back.controller.AuthController     : Login attempt for user: mxgEoGHVd
2025-11-25T19:43:33.249-03:00  INFO 2472 --- [A3Back] [           main] A.p.A3Back.controller.AuthController     : JWT token generated successfully for user: MXGEOGHVD
2025-11-25T19:43:33.354-03:00  INFO 2472 --- [A3Back] [           main] A.p.A3Back.controller.AuthController     : Login attempt for user: AKkOeRWBTx
2025-11-25T19:43:33.470-03:00  INFO 2472 --- [A3Back] [           main] A.p.A3Back.controller.AuthController     : JWT token generated successfully for user: AKKOERWBTX
2025-11-25T19:43:33.594-03:00  INFO 2472 --- [A3Back] [           main] A.p.A3Back.controller.AuthController     : Login attempt for user: aaa
2025-11-25T19:43:33.720-03:00  INFO 2472 --- [A3Back] [           main] A.p.A3Back.controller.AuthController     : JWT token generated successfully for user: AAA
2025-11-25T19:43:33.825-03:00  INFO 2472 --- [A3Back] [           main] A.p.A3Back.controller.AuthController     : Login attempt for user: bpeByi
2025-11-25T19:43:33.983-03:00  INFO 2472 --- [A3Back] [           main] A.p.A3Back.controller.AuthController     : JWT token generated successfully for user: BPEBYI
2025-11-25T19:43:34.122-03:00  INFO 2472 --- [A3Back] [           main] A.p.A3Back.controller.AuthController     : Login attempt for user: CRwLun
2025-11-25T19:43:34.223-03:00  INFO 2472 --- [A3Back] [           main] A.p.A3Back.controller.AuthController     : JWT token generated successfully for user: CRWLUN
2025-11-25T19:43:34.368-03:00  INFO 2472 --- [A3Back] [           main] A.p.A3Back.controller.AuthController     : Login attempt for user: ZAJXuV
2025-11-25T19:43:34.496-03:00  INFO 2472 --- [A3Back] [           main] A.p.A3Back.controller.AuthController     : JWT token generated successfully for user: ZAJXUV
2025-11-25T19:43:34.611-03:00  INFO 2472 --- [A3Back] [           main] A.p.A3Back.controller.AuthController     : Login attempt for user: aaa
2025-11-25T19:43:34.721-03:00  INFO 2472 --- [A3Back] [           main] A.p.A3Back.controller.AuthController     : JWT token generated successfully for user: AAA
2025-11-25T19:43:34.849-03:00  INFO 2472 --- [A3Back] [           main] A.p.A3Back.controller.AuthController     : Login attempt for user: RzjyeKXwZaSsm
2025-11-25T19:43:35.013-03:00  INFO 2472 --- [A3Back] [           main] A.p.A3Back.controller.AuthController     : JWT token generated successfully for user: RZJYEKXWZASSM
2025-11-25T19:43:35.111-03:00  INFO 2472 --- [A3Back] [           main] A.p.A3Back.controller.AuthController     : Login attempt for user: WDJZCSv
2025-11-25T19:43:35.220-03:00  INFO 2472 --- [A3Back] [           main] A.p.A3Back.controller.AuthController     : JWT token generated successfully for user: WDJZCSV
2025-11-25T19:43:35.329-03:00  INFO 2472 --- [A3Back] [           main] A.p.A3Back.controller.AuthController     : Login attempt for user: aaa
2025-11-25T19:43:35.433-03:00  INFO 2472 --- [A3Back] [           main] A.p.A3Back.controller.AuthController     : JWT token generated successfully for user: AAA
2025-11-25T19:43:35.552-03:00  INFO 2472 --- [A3Back] [           main] A.p.A3Back.controller.AuthController     : Login attempt for user: zzz
2025-11-25T19:43:35.695-03:00  INFO 2472 --- [A3Back] [           main] A.p.A3Back.controller.AuthController     : JWT token generated successfully for user: ZZZ
2025-11-25T19:43:35.811-03:00  INFO 2472 --- [A3Back] [           main] A.p.A3Back.controller.AuthController     : Login attempt for user: AAA
2025-11-25T19:43:35.922-03:00  INFO 2472 --- [A3Back] [           main] A.p.A3Back.controller.AuthController     : JWT token generated successfully for user: AAA
2025-11-25T19:43:36.069-03:00  INFO 2472 --- [A3Back] [           main] A.p.A3Back.controller.AuthController     : Login attempt for user: HSDWiflkCIutm
2025-11-25T19:43:36.183-03:00  INFO 2472 --- [A3Back] [           main] A.p.A3Back.controller.AuthController     : JWT token generated successfully for user: HSDWIFLKCIUTM
2025-11-25T19:43:36.301-03:00  INFO 2472 --- [A3Back] [           main] A.p.A3Back.controller.AuthController     : Login attempt for user: nCSGKbjeKsbYukCeis
2025-11-25T19:43:36.417-03:00  INFO 2472 --- [A3Back] [           main] A.p.A3Back.controller.AuthController     : JWT token generated successfully for user: NCSGKBJEKSBYUKCEIS
2025-11-25T19:43:36.538-03:00  INFO 2472 --- [A3Back] [           main] A.p.A3Back.controller.AuthController     : Login attempt for user: EPy
2025-11-25T19:43:36.646-03:00  INFO 2472 --- [A3Back] [           main] A.p.A3Back.controller.AuthController     : JWT token generated successfully for user: EPY
2025-11-25T19:43:36.753-03:00  INFO 2472 --- [A3Back] [           main] A.p.A3Back.controller.AuthController     : Login attempt for user: zzz
2025-11-25T19:43:36.860-03:00  INFO 2472 --- [A3Back] [           main] A.p.A3Back.controller.AuthController     : JWT token generated successfully for user: ZZZ
2025-11-25T19:43:36.969-03:00  INFO 2472 --- [A3Back] [           main] A.p.A3Back.controller.AuthController     : Login attempt for user: MPjGTSiRlyNfg
2025-11-25T19:43:37.121-03:00  INFO 2472 --- [A3Back] [           main] A.p.A3Back.controller.AuthController     : JWT token generated successfully for user: MPJGTSIRLYNFG
2025-11-25T19:43:37.229-03:00  INFO 2472 --- [A3Back] [           main] A.p.A3Back.controller.AuthController     : Login attempt for user: zLczpYkLLjw
2025-11-25T19:43:37.352-03:00  INFO 2472 --- [A3Back] [           main] A.p.A3Back.controller.AuthController     : JWT token generated successfully for user: ZLCZPYKLLJW
2025-11-25T19:43:37.459-03:00  INFO 2472 --- [A3Back] [           main] A.p.A3Back.controller.AuthController     : Login attempt for user: BSUWyPjdnZ
2025-11-25T19:43:37.583-03:00  INFO 2472 --- [A3Back] [           main] A.p.A3Back.controller.AuthController     : JWT token generated successfully for user: BSUWYPJDNZ
2025-11-25T19:43:37.698-03:00  INFO 2472 --- [A3Back] [           main] A.p.A3Back.controller.AuthController     : Login attempt for user: iPZwzInVa
2025-11-25T19:43:37.808-03:00  INFO 2472 --- [A3Back] [           main] A.p.A3Back.controller.AuthController     : JWT token generated successfully for user: IPZWZINVA
2025-11-25T19:43:37.914-03:00  INFO 2472 --- [A3Back] [           main] A.p.A3Back.controller.AuthController     : Login attempt for user: zwTE
2025-11-25T19:43:38.033-03:00  INFO 2472 --- [A3Back] [           main] A.p.A3Back.controller.AuthController     : JWT token generated successfully for user: ZWTE
2025-11-25T19:43:38.155-03:00  INFO 2472 --- [A3Back] [           main] A.p.A3Back.controller.AuthController     : Login attempt for user: IFjxLoAzF
2025-11-25T19:43:38.272-03:00  INFO 2472 --- [A3Back] [           main] A.p.A3Back.controller.AuthController     : JWT token generated successfully for user: IFJXLOAZF
2025-11-25T19:43:38.382-03:00  INFO 2472 --- [A3Back] [           main] A.p.A3Back.controller.AuthController     : Login attempt for user: TjGQuqQoxttsvgewFxeL
2025-11-25T19:43:38.498-03:00  INFO 2472 --- [A3Back] [           main] A.p.A3Back.controller.AuthController     : JWT token generated successfully for user: TJGQUQQOXTTSVGEWFXEL
timestamp = 2025-11-25T19:43:38.518592900, SecureLoggingPropertyTest:logsShouldNotContainSensitiveAuthenticationData = 
                              |-----------------------jqwik-----------------------
tries = 100                   | # of calls to property
checks = 100                  | # of not rejected calls
generation = RANDOMIZED       | parameters are randomly generated
after-failure = SAMPLE_FIRST  | try previously failed sample, then previous seed
when-fixed-seed = ALLOW       | fixing the random seed is allowed
edge-cases#mode = MIXIN       | edge cases are mixed in
edge-cases#total = 16         | # of all combined edge cases
edge-cases#tried = 14         | # of edge cases tried in current run
seed = -4910758559632825936   | random seed to reproduce generated values


]]></system-out>
  </testcase>
</testsuite>