<?xml version="1.0" encoding="UTF-8"?>
<testsuite xmlns:xsi="http://www.w3.org/2001/XMLSchema-instance" xsi:noNamespaceSchemaLocation="https://maven.apache.org/surefire/maven-surefire-plugin/xsd/surefire-test-report.xsd" version="3.0.2" name="A3.projeto.A3Back.integration.ScamRetrievalIntegrationTest" time="14.952" tests="8" errors="0" skipped="0" failures="0">
  <properties>
[...]
</properties>
  <testcase name="testEmptyScamReportsWhenNoMatchesFound" classname="A3.projeto.A3Back.integration.ScamRetrievalIntegrationTest" time="1.85">
    <system-out><![CDATA[2025-11-25T19:39:59.313-03:00  INFO 2472 --- [A3Back] [           main] t.c.s.AnnotationConfigContextLoaderUtils : Could not detect default configuration classes for test class [A3.projeto.A3Back.integration.ScamRetrievalIntegrationTest]: ScamRetrievalIntegrationTest does not declare any static, non-private, non-final, nested classes annotated with @Configuration.
2025-11-25T19:39:59.592-03:00  INFO 2472 --- [A3Back] [           main] .b.t.c.SpringBootTestContextBootstrapper : Found @SpringBootConfiguration A3.projeto.A3Back.A3BackApplication for test class A3.projeto.A3Back.integration.ScamRetrievalIntegrationTest
2025-11-25T19:39:59.705-03:00  INFO 2472 --- [A3Back] [           main] o.s.b.d.r.RestartApplicationListener     : Restart disabled due to context in which it is running

  .   ____          _            __ _ _
 /\\ / ___'_ __ _ _(_)_ __  __ _ \ \ \ \
( ( )\___ | '_ | '_| | '_ \/ _` | \ \ \ \
 \\/  ___)| |_)| | | | | || (_| |  ) ) ) )
  '  |____| .__|_| |_|_| |_\__, | / / / /
 =========|_|==============|___/=/_/_/_/

 :: Spring Boot ::                (v3.5.6)

2025-11-25T19:40:00.603-03:00  INFO 2472 --- [A3Back] [           main] A.p.A.i.ScamRetrievalIntegrationTest     : Starting ScamRetrievalIntegrationTest using Java 21.0.9 with PID 2472 (started by rayan in C:\Users\rayan\OneDrive\Documents\MircroservicoGolpe\empresa_service)
2025-11-25T19:40:00.603-03:00  INFO 2472 --- [A3Back] [           main] A.p.A.i.ScamRetrievalIntegrationTest     : No active profile set, falling back to 1 default profile: "default"
2025-11-25T19:40:00.612-03:00 DEBUG 2472 --- [A3Back] [           main] o.s.w.c.s.GenericWebApplicationContext   : Refreshing org.springframework.web.context.support.GenericWebApplicationContext@46199519
2025-11-25T19:40:01.775-03:00  INFO 2472 --- [A3Back] [           main] .s.d.r.c.RepositoryConfigurationDelegate : Bootstrapping Spring Data JPA repositories in DEFAULT mode.
2025-11-25T19:40:01.891-03:00  INFO 2472 --- [A3Back] [           main] .s.d.r.c.RepositoryConfigurationDelegate : Finished Spring Data repository scanning in 101 ms. Found 1 JPA repository interface.
2025-11-25T19:40:02.540-03:00  INFO 2472 --- [A3Back] [           main] o.hibernate.jpa.internal.util.LogHelper  : HHH000204: Processing PersistenceUnitInfo [name: default]
2025-11-25T19:40:02.549-03:00  INFO 2472 --- [A3Back] [           main] o.h.c.internal.RegionFactoryInitiator    : HHH000026: Second-level cache disabled
2025-11-25T19:40:02.607-03:00  INFO 2472 --- [A3Back] [           main] o.s.o.j.p.SpringPersistenceUnitInfo      : No LoadTimeWeaver setup: ignoring JPA class transformer
2025-11-25T19:40:02.613-03:00  INFO 2472 --- [A3Back] [           main] com.zaxxer.hikari.HikariDataSource       : HikariPool-2 - Starting...
2025-11-25T19:40:02.774-03:00  INFO 2472 --- [A3Back] [           main] com.zaxxer.hikari.pool.HikariPool        : HikariPool-2 - Added connection com.mysql.cj.jdbc.ConnectionImpl@38e1442a
2025-11-25T19:40:02.774-03:00  INFO 2472 --- [A3Back] [           main] com.zaxxer.hikari.HikariDataSource       : HikariPool-2 - Start completed.
2025-11-25T19:40:02.776-03:00  WARN 2472 --- [A3Back] [           main] org.hibernate.orm.deprecation            : HHH90000025: MySQL8Dialect does not need to be specified explicitly using 'hibernate.dialect' (remove the property setting and it will be selected by default)
2025-11-25T19:40:02.776-03:00  WARN 2472 --- [A3Back] [           main] org.hibernate.orm.deprecation            : HHH90000026: MySQL8Dialect has been deprecated; use org.hibernate.dialect.MySQLDialect instead
2025-11-25T19:40:02.778-03:00  INFO 2472 --- [A3Back] [           main] org.hibernate.orm.connections.pooling    : HHH10001005: Database info:
	Database JDBC URL [Connecting through datasource 'HikariDataSource (HikariPool-2)']
	Database driver: undefined/unknown
	Database version: 8.0
	Autocommit mode: undefined/unknown
	Isolation level: undefined/unknown
	Minimum pool size: undefined/unknown
	Maximum pool size: undefined/unknown
2025-11-25T19:40:03.092-03:00  INFO 2472 --- [A3Back] [           main] o.h.e.t.j.p.i.JtaPlatformInitiator       : HHH000489: No JTA platform available (set 'hibernate.transaction.jta.platform' to enable JTA platform integration)
2025-11-25T19:40:03.139-03:00  INFO 2472 --- [A3Back] [           main] j.LocalContainerEntityManagerFactoryBean : Initialized JPA EntityManagerFactory for persistence unit 'default'
2025-11-25T19:40:05.013-03:00  INFO 2472 --- [A3Back] [           main] r$InitializeUserDetailsManagerConfigurer : Global AuthenticationManager configured with UserDetailsService bean with name empresaUserDetailsService
2025-11-25T19:40:05.210-03:00  WARN 2472 --- [A3Back] [           main] JpaBaseConfiguration$JpaWebConfiguration : spring.jpa.open-in-view is enabled by default. Therefore, database queries may be performed during view rendering. Explicitly configure spring.jpa.open-in-view to disable this warning
2025-11-25T19:40:05.730-03:00 DEBUG 2472 --- [A3Back] [           main] s.w.s.m.m.a.RequestMappingHandlerMapping : 15 mappings in 'requestMappingHandlerMapping'
2025-11-25T19:40:06.234-03:00 DEBUG 2472 --- [A3Back] [           main] o.s.w.s.handler.SimpleUrlHandlerMapping  : Patterns [/webjars/**, /**] in 'resourceHandlerMapping'
2025-11-25T19:40:06.382-03:00 DEBUG 2472 --- [A3Back] [           main] o.s.s.web.DefaultSecurityFilterChain     : Will secure any request with filters: DisableEncodeUrlFilter, WebAsyncManagerIntegrationFilter, SecurityContextHolderFilter, HeaderWriterFilter, CorsFilter, LogoutFilter, SecurityConfig$$Lambda/0x0000024a019e4eb0, JwtAuthFilter, RequestCacheAwareFilter, SecurityContextHolderAwareRequestFilter, AnonymousAuthenticationFilter, SessionManagementFilter, ExceptionTranslationFilter, AuthorizationFilter
2025-11-25T19:40:06.918-03:00 DEBUG 2472 --- [A3Back] [           main] s.w.s.m.m.a.RequestMappingHandlerAdapter : ControllerAdvice beans: 0 @ModelAttribute, 0 @InitBinder, 1 RequestBodyAdvice, 1 ResponseBodyAdvice
2025-11-25T19:40:07.009-03:00 DEBUG 2472 --- [A3Back] [           main] .m.m.a.ExceptionHandlerExceptionResolver : ControllerAdvice beans: 0 @ExceptionHandler, 1 ResponseBodyAdvice
2025-11-25T19:40:07.921-03:00  INFO 2472 --- [A3Back] [           main] o.s.b.t.m.w.SpringBootMockServletContext : Initializing Spring TestDispatcherServlet ''
2025-11-25T19:40:07.930-03:00  INFO 2472 --- [A3Back] [           main] o.s.t.web.servlet.TestDispatcherServlet  : Initializing Servlet ''
2025-11-25T19:40:07.936-03:00  INFO 2472 --- [A3Back] [           main] o.s.t.web.servlet.TestDispatcherServlet  : Completed initialization in 6 ms
2025-11-25T19:40:08.193-03:00  INFO 2472 --- [A3Back] [           main] A.p.A.i.ScamRetrievalIntegrationTest     : Started ScamRetrievalIntegrationTest in 8.489 seconds (process running for 53.622)
Hibernate: select em1_0.id,em1_0.ativo,em1_0.cnpj,em1_0.created_at,em1_0.password_hash,em1_0.role,em1_0.updated_at,em1_0.usuario from empresas em1_0 where em1_0.usuario=?
Hibernate: select em1_0.id,em1_0.ativo,em1_0.cnpj,em1_0.created_at,em1_0.password_hash,em1_0.role,em1_0.updated_at,em1_0.usuario from empresas em1_0
Hibernate: delete from empresas where id=?
Hibernate: delete from empresas where id=?
Hibernate: insert into empresas (ativo,cnpj,created_at,password_hash,role,updated_at,usuario) values (?,?,?,?,?,?,?)
2025-11-25T19:40:09.236-03:00 DEBUG 2472 --- [A3Back] [           main] o.s.security.web.FilterChainProxy        : Securing POST /api/auth/login
>>> [Security] Requisição recebida: POST /api/auth/login
2025-11-25T19:40:09.257-03:00 DEBUG 2472 --- [A3Back] [           main] o.s.s.w.a.AnonymousAuthenticationFilter  : Set SecurityContextHolder to anonymous SecurityContext
2025-11-25T19:40:09.264-03:00 DEBUG 2472 --- [A3Back] [           main] o.s.security.web.FilterChainProxy        : Secured POST /api/auth/login
2025-11-25T19:40:09.306-03:00 DEBUG 2472 --- [A3Back] [           main] s.w.s.m.m.a.RequestMappingHandlerMapping : Mapped to A3.projeto.A3Back.controller.AuthController#login(AuthRequest)
2025-11-25T19:40:09.658-03:00 DEBUG 2472 --- [A3Back] [           main] m.m.a.RequestResponseBodyMethodProcessor : Read "application/json;charset=UTF-8" to [A3.projeto.A3Back.DTO.AuthRequest@c82f6bd]
2025-11-25T19:40:09.672-03:00  INFO 2472 --- [A3Back] [           main] A.p.A3Back.controller.AuthController     : Login attempt for user: testcompany
Hibernate: select em1_0.id,em1_0.ativo,em1_0.cnpj,em1_0.created_at,em1_0.password_hash,em1_0.role,em1_0.updated_at,em1_0.usuario from empresas em1_0 where em1_0.usuario=?
2025-11-25T19:40:09.984-03:00  INFO 2472 --- [A3Back] [           main] A.p.A3Back.controller.AuthController     : JWT token generated successfully for user: TESTCOMPANY
2025-11-25T19:40:09.984-03:00  INFO 2472 --- [A3Back] [           main] A.p.A3Back.service.ScamRetrievalService  : Retrieving scam reports for company: TESTCOMPANY
2025-11-25T19:40:09.996-03:00 DEBUG 2472 --- [A3Back] [           main] o.s.web.client.RestTemplate              : HTTP GET http://localhost:8081/api/empresa/TESTCOMPANY
2025-11-25T19:40:10.012-03:00 DEBUG 2472 --- [A3Back] [           main] o.s.web.client.RestTemplate              : Accept=[application/json, application/*+json]
2025-11-25T19:40:10.017-03:00 DEBUG 2472 --- [A3Back] [           main] o.s.web.client.RestTemplate              : Response 200 OK
2025-11-25T19:40:10.017-03:00 DEBUG 2472 --- [A3Back] [           main] o.s.web.client.RestTemplate              : Reading to [java.util.List<A3.projeto.A3Back.service.ScamRetrievalService$GolpeResponse>]
2025-11-25T19:40:10.028-03:00  INFO 2472 --- [A3Back] [           main] A.p.A3Back.service.ScamRetrievalService  : Successfully retrieved 0 scam report(s) for company: TESTCOMPANY
2025-11-25T19:40:10.052-03:00 DEBUG 2472 --- [A3Back] [           main] o.s.w.s.m.m.a.HttpEntityMethodProcessor  : Using 'application/json', given [*/*] and supported [application/json, application/*+json]
2025-11-25T19:40:10.054-03:00 DEBUG 2472 --- [A3Back] [           main] o.s.w.s.m.m.a.HttpEntityMethodProcessor  : Writing [A3.projeto.A3Back.DTO.AuthResponse@3f27a95b]
]]></system-out>
  </testcase>
  <testcase name="testCPFPrivacyWithMultipleScamReports" classname="A3.projeto.A3Back.integration.ScamRetrievalIntegrationTest" time="0.522">
    <system-out><![CDATA[Hibernate: select em1_0.id,em1_0.ativo,em1_0.cnpj,em1_0.created_at,em1_0.password_hash,em1_0.role,em1_0.updated_at,em1_0.usuario from empresas em1_0
Hibernate: delete from empresas where id=?
Hibernate: insert into empresas (ativo,cnpj,created_at,password_hash,role,updated_at,usuario) values (?,?,?,?,?,?,?)
2025-11-25T19:40:10.464-03:00 DEBUG 2472 --- [A3Back] [           main] o.s.security.web.FilterChainProxy        : Securing POST /api/auth/login
>>> [Security] Requisição recebida: POST /api/auth/login
2025-11-25T19:40:10.468-03:00 DEBUG 2472 --- [A3Back] [           main] o.s.s.w.a.AnonymousAuthenticationFilter  : Set SecurityContextHolder to anonymous SecurityContext
2025-11-25T19:40:10.468-03:00 DEBUG 2472 --- [A3Back] [           main] o.s.security.web.FilterChainProxy        : Secured POST /api/auth/login
2025-11-25T19:40:10.468-03:00 DEBUG 2472 --- [A3Back] [           main] s.w.s.m.m.a.RequestMappingHandlerMapping : Mapped to A3.projeto.A3Back.controller.AuthController#login(AuthRequest)
2025-11-25T19:40:10.468-03:00 DEBUG 2472 --- [A3Back] [           main] m.m.a.RequestResponseBodyMethodProcessor : Read "application/json;charset=UTF-8" to [A3.projeto.A3Back.DTO.AuthRequest@6c8a806c]
2025-11-25T19:40:10.468-03:00  INFO 2472 --- [A3Back] [           main] A.p.A3Back.controller.AuthController     : Login attempt for user: testcompany
Hibernate: select em1_0.id,em1_0.ativo,em1_0.cnpj,em1_0.created_at,em1_0.password_hash,em1_0.role,em1_0.updated_at,em1_0.usuario from empresas em1_0 where em1_0.usuario=?
2025-11-25T19:40:10.647-03:00  INFO 2472 --- [A3Back] [           main] A.p.A3Back.controller.AuthController     : JWT token generated successfully for user: TESTCOMPANY
2025-11-25T19:40:10.649-03:00  INFO 2472 --- [A3Back] [           main] A.p.A3Back.service.ScamRetrievalService  : Retrieving scam reports for company: TESTCOMPANY
2025-11-25T19:40:10.649-03:00 DEBUG 2472 --- [A3Back] [           main] o.s.web.client.RestTemplate              : HTTP GET http://localhost:8081/api/empresa/TESTCOMPANY
2025-11-25T19:40:10.651-03:00 DEBUG 2472 --- [A3Back] [           main] o.s.web.client.RestTemplate              : Accept=[application/json, application/*+json]
2025-11-25T19:40:10.667-03:00 DEBUG 2472 --- [A3Back] [           main] o.s.web.client.RestTemplate              : Response 200 OK
2025-11-25T19:40:10.669-03:00 DEBUG 2472 --- [A3Back] [           main] o.s.web.client.RestTemplate              : Reading to [java.util.List<A3.projeto.A3Back.service.ScamRetrievalService$GolpeResponse>]
2025-11-25T19:40:10.680-03:00  INFO 2472 --- [A3Back] [           main] A.p.A3Back.service.ScamRetrievalService  : Successfully retrieved 2 scam report(s) for company: TESTCOMPANY
2025-11-25T19:40:10.680-03:00 DEBUG 2472 --- [A3Back] [           main] o.s.w.s.m.m.a.HttpEntityMethodProcessor  : Using 'application/json', given [*/*] and supported [application/json, application/*+json]
2025-11-25T19:40:10.680-03:00 DEBUG 2472 --- [A3Back] [           main] o.s.w.s.m.m.a.HttpEntityMethodProcessor  : Writing [A3.projeto.A3Back.DTO.AuthResponse@348523f2]
]]></system-out>
  </testcase>
  <testcase name="testMultipleScamReportsAreAllReturned" classname="A3.projeto.A3Back.integration.ScamRetrievalIntegrationTest" time="0.503">
    <system-out><![CDATA[Hibernate: select em1_0.id,em1_0.ativo,em1_0.cnpj,em1_0.created_at,em1_0.password_hash,em1_0.role,em1_0.updated_at,em1_0.usuario from empresas em1_0
Hibernate: delete from empresas where id=?
Hibernate: insert into empresas (ativo,cnpj,created_at,password_hash,role,updated_at,usuario) values (?,?,?,?,?,?,?)
2025-11-25T19:40:11.032-03:00 DEBUG 2472 --- [A3Back] [           main] o.s.security.web.FilterChainProxy        : Securing POST /api/auth/login
>>> [Security] Requisição recebida: POST /api/auth/login
2025-11-25T19:40:11.034-03:00 DEBUG 2472 --- [A3Back] [           main] o.s.s.w.a.AnonymousAuthenticationFilter  : Set SecurityContextHolder to anonymous SecurityContext
2025-11-25T19:40:11.036-03:00 DEBUG 2472 --- [A3Back] [           main] o.s.security.web.FilterChainProxy        : Secured POST /api/auth/login
2025-11-25T19:40:11.036-03:00 DEBUG 2472 --- [A3Back] [           main] s.w.s.m.m.a.RequestMappingHandlerMapping : Mapped to A3.projeto.A3Back.controller.AuthController#login(AuthRequest)
2025-11-25T19:40:11.040-03:00 DEBUG 2472 --- [A3Back] [           main] m.m.a.RequestResponseBodyMethodProcessor : Read "application/json;charset=UTF-8" to [A3.projeto.A3Back.DTO.AuthRequest@7efcdcde]
2025-11-25T19:40:11.040-03:00  INFO 2472 --- [A3Back] [           main] A.p.A3Back.controller.AuthController     : Login attempt for user: testcompany
Hibernate: select em1_0.id,em1_0.ativo,em1_0.cnpj,em1_0.created_at,em1_0.password_hash,em1_0.role,em1_0.updated_at,em1_0.usuario from empresas em1_0 where em1_0.usuario=?
2025-11-25T19:40:11.188-03:00  INFO 2472 --- [A3Back] [           main] A.p.A3Back.controller.AuthController     : JWT token generated successfully for user: TESTCOMPANY
2025-11-25T19:40:11.190-03:00  INFO 2472 --- [A3Back] [           main] A.p.A3Back.service.ScamRetrievalService  : Retrieving scam reports for company: TESTCOMPANY
2025-11-25T19:40:11.192-03:00 DEBUG 2472 --- [A3Back] [           main] o.s.web.client.RestTemplate              : HTTP GET http://localhost:8081/api/empresa/TESTCOMPANY
2025-11-25T19:40:11.192-03:00 DEBUG 2472 --- [A3Back] [           main] o.s.web.client.RestTemplate              : Accept=[application/json, application/*+json]
2025-11-25T19:40:11.192-03:00 DEBUG 2472 --- [A3Back] [           main] o.s.web.client.RestTemplate              : Response 200 OK
2025-11-25T19:40:11.192-03:00 DEBUG 2472 --- [A3Back] [           main] o.s.web.client.RestTemplate              : Reading to [java.util.List<A3.projeto.A3Back.service.ScamRetrievalService$GolpeResponse>]
2025-11-25T19:40:11.192-03:00  INFO 2472 --- [A3Back] [           main] A.p.A3Back.service.ScamRetrievalService  : Successfully retrieved 3 scam report(s) for company: TESTCOMPANY
2025-11-25T19:40:11.192-03:00 DEBUG 2472 --- [A3Back] [           main] o.s.w.s.m.m.a.HttpEntityMethodProcessor  : Using 'application/json', given [*/*] and supported [application/json, application/*+json]
2025-11-25T19:40:11.192-03:00 DEBUG 2472 --- [A3Back] [           main] o.s.w.s.m.m.a.HttpEntityMethodProcessor  : Writing [A3.projeto.A3Back.DTO.AuthResponse@2395c168]
]]></system-out>
  </testcase>
  <testcase name="testCaseInsensitiveMatchingWithMixedCase" classname="A3.projeto.A3Back.integration.ScamRetrievalIntegrationTest" time="0.565">
    <system-out><![CDATA[Hibernate: select em1_0.id,em1_0.ativo,em1_0.cnpj,em1_0.created_at,em1_0.password_hash,em1_0.role,em1_0.updated_at,em1_0.usuario from empresas em1_0
Hibernate: delete from empresas where id=?
Hibernate: insert into empresas (ativo,cnpj,created_at,password_hash,role,updated_at,usuario) values (?,?,?,?,?,?,?)
2025-11-25T19:40:11.602-03:00 DEBUG 2472 --- [A3Back] [           main] o.s.security.web.FilterChainProxy        : Securing POST /api/auth/login
>>> [Security] Requisição recebida: POST /api/auth/login
2025-11-25T19:40:11.604-03:00 DEBUG 2472 --- [A3Back] [           main] o.s.s.w.a.AnonymousAuthenticationFilter  : Set SecurityContextHolder to anonymous SecurityContext
2025-11-25T19:40:11.604-03:00 DEBUG 2472 --- [A3Back] [           main] o.s.security.web.FilterChainProxy        : Secured POST /api/auth/login
2025-11-25T19:40:11.604-03:00 DEBUG 2472 --- [A3Back] [           main] s.w.s.m.m.a.RequestMappingHandlerMapping : Mapped to A3.projeto.A3Back.controller.AuthController#login(AuthRequest)
2025-11-25T19:40:11.606-03:00 DEBUG 2472 --- [A3Back] [           main] m.m.a.RequestResponseBodyMethodProcessor : Read "application/json;charset=UTF-8" to [A3.projeto.A3Back.DTO.AuthRequest@e73787]
2025-11-25T19:40:11.606-03:00  INFO 2472 --- [A3Back] [           main] A.p.A3Back.controller.AuthController     : Login attempt for user: TeStCoMpAnY
Hibernate: select em1_0.id,em1_0.ativo,em1_0.cnpj,em1_0.created_at,em1_0.password_hash,em1_0.role,em1_0.updated_at,em1_0.usuario from empresas em1_0 where em1_0.usuario=?
2025-11-25T19:40:11.789-03:00  INFO 2472 --- [A3Back] [           main] A.p.A3Back.controller.AuthController     : JWT token generated successfully for user: TESTCOMPANY
2025-11-25T19:40:11.789-03:00  INFO 2472 --- [A3Back] [           main] A.p.A3Back.service.ScamRetrievalService  : Retrieving scam reports for company: TESTCOMPANY
2025-11-25T19:40:11.789-03:00 DEBUG 2472 --- [A3Back] [           main] o.s.web.client.RestTemplate              : HTTP GET http://localhost:8081/api/empresa/TESTCOMPANY
2025-11-25T19:40:11.789-03:00 DEBUG 2472 --- [A3Back] [           main] o.s.web.client.RestTemplate              : Accept=[application/json, application/*+json]
2025-11-25T19:40:11.789-03:00 DEBUG 2472 --- [A3Back] [           main] o.s.web.client.RestTemplate              : Response 200 OK
2025-11-25T19:40:11.789-03:00 DEBUG 2472 --- [A3Back] [           main] o.s.web.client.RestTemplate              : Reading to [java.util.List<A3.projeto.A3Back.service.ScamRetrievalService$GolpeResponse>]
2025-11-25T19:40:11.795-03:00  INFO 2472 --- [A3Back] [           main] A.p.A3Back.service.ScamRetrievalService  : Successfully retrieved 1 scam report(s) for company: TESTCOMPANY
2025-11-25T19:40:11.797-03:00 DEBUG 2472 --- [A3Back] [           main] o.s.w.s.m.m.a.HttpEntityMethodProcessor  : Using 'application/json', given [*/*] and supported [application/json, application/*+json]
2025-11-25T19:40:11.797-03:00 DEBUG 2472 --- [A3Back] [           main] o.s.w.s.m.m.a.HttpEntityMethodProcessor  : Writing [A3.projeto.A3Back.DTO.AuthResponse@b09df69]
]]></system-out>
  </testcase>
  <testcase name="testCaseInsensitiveMatchingWorksEndToEnd" classname="A3.projeto.A3Back.integration.ScamRetrievalIntegrationTest" time="0.67">
    <system-out><![CDATA[Hibernate: select em1_0.id,em1_0.ativo,em1_0.cnpj,em1_0.created_at,em1_0.password_hash,em1_0.role,em1_0.updated_at,em1_0.usuario from empresas em1_0
Hibernate: delete from empresas where id=?
Hibernate: insert into empresas (ativo,cnpj,created_at,password_hash,role,updated_at,usuario) values (?,?,?,?,?,?,?)
2025-11-25T19:40:12.160-03:00 DEBUG 2472 --- [A3Back] [           main] o.s.security.web.FilterChainProxy        : Securing POST /api/auth/login
>>> [Security] Requisição recebida: POST /api/auth/login
2025-11-25T19:40:12.160-03:00 DEBUG 2472 --- [A3Back] [           main] o.s.s.w.a.AnonymousAuthenticationFilter  : Set SecurityContextHolder to anonymous SecurityContext
2025-11-25T19:40:12.160-03:00 DEBUG 2472 --- [A3Back] [           main] o.s.security.web.FilterChainProxy        : Secured POST /api/auth/login
2025-11-25T19:40:12.162-03:00 DEBUG 2472 --- [A3Back] [           main] s.w.s.m.m.a.RequestMappingHandlerMapping : Mapped to A3.projeto.A3Back.controller.AuthController#login(AuthRequest)
2025-11-25T19:40:12.166-03:00 DEBUG 2472 --- [A3Back] [           main] m.m.a.RequestResponseBodyMethodProcessor : Read "application/json;charset=UTF-8" to [A3.projeto.A3Back.DTO.AuthRequest@416dd4d8]
2025-11-25T19:40:12.166-03:00  INFO 2472 --- [A3Back] [           main] A.p.A3Back.controller.AuthController     : Login attempt for user: testcompany
Hibernate: select em1_0.id,em1_0.ativo,em1_0.cnpj,em1_0.created_at,em1_0.password_hash,em1_0.role,em1_0.updated_at,em1_0.usuario from empresas em1_0 where em1_0.usuario=?
2025-11-25T19:40:12.313-03:00  INFO 2472 --- [A3Back] [           main] A.p.A3Back.controller.AuthController     : JWT token generated successfully for user: TESTCOMPANY
2025-11-25T19:40:12.316-03:00  INFO 2472 --- [A3Back] [           main] A.p.A3Back.service.ScamRetrievalService  : Retrieving scam reports for company: TESTCOMPANY
2025-11-25T19:40:12.316-03:00 DEBUG 2472 --- [A3Back] [           main] o.s.web.client.RestTemplate              : HTTP GET http://localhost:8081/api/empresa/TESTCOMPANY
2025-11-25T19:40:12.316-03:00 DEBUG 2472 --- [A3Back] [           main] o.s.web.client.RestTemplate              : Accept=[application/json, application/*+json]
2025-11-25T19:40:12.318-03:00 DEBUG 2472 --- [A3Back] [           main] o.s.web.client.RestTemplate              : Response 200 OK
2025-11-25T19:40:12.318-03:00 DEBUG 2472 --- [A3Back] [           main] o.s.web.client.RestTemplate              : Reading to [java.util.List<A3.projeto.A3Back.service.ScamRetrievalService$GolpeResponse>]
2025-11-25T19:40:12.318-03:00  INFO 2472 --- [A3Back] [           main] A.p.A3Back.service.ScamRetrievalService  : Successfully retrieved 1 scam report(s) for company: TESTCOMPANY
2025-11-25T19:40:12.324-03:00 DEBUG 2472 --- [A3Back] [           main] o.s.w.s.m.m.a.HttpEntityMethodProcessor  : Using 'application/json', given [*/*] and supported [application/json, application/*+json]
2025-11-25T19:40:12.326-03:00 DEBUG 2472 --- [A3Back] [           main] o.s.w.s.m.m.a.HttpEntityMethodProcessor  : Writing [A3.projeto.A3Back.DTO.AuthResponse@22816de1]
]]></system-out>
  </testcase>
  <testcase name="testCPFFieldIsExcludedInActualHttpResponse" classname="A3.projeto.A3Back.integration.ScamRetrievalIntegrationTest" time="0.659">
    <system-out><![CDATA[Hibernate: select em1_0.id,em1_0.ativo,em1_0.cnpj,em1_0.created_at,em1_0.password_hash,em1_0.role,em1_0.updated_at,em1_0.usuario from empresas em1_0
Hibernate: delete from empresas where id=?
Hibernate: insert into empresas (ativo,cnpj,created_at,password_hash,role,updated_at,usuario) values (?,?,?,?,?,?,?)
2025-11-25T19:40:13.071-03:00 DEBUG 2472 --- [A3Back] [           main] o.s.security.web.FilterChainProxy        : Securing POST /api/auth/login
>>> [Security] Requisição recebida: POST /api/auth/login
2025-11-25T19:40:13.073-03:00 DEBUG 2472 --- [A3Back] [           main] o.s.s.w.a.AnonymousAuthenticationFilter  : Set SecurityContextHolder to anonymous SecurityContext
2025-11-25T19:40:13.075-03:00 DEBUG 2472 --- [A3Back] [           main] o.s.security.web.FilterChainProxy        : Secured POST /api/auth/login
2025-11-25T19:40:13.075-03:00 DEBUG 2472 --- [A3Back] [           main] s.w.s.m.m.a.RequestMappingHandlerMapping : Mapped to A3.projeto.A3Back.controller.AuthController#login(AuthRequest)
2025-11-25T19:40:13.077-03:00 DEBUG 2472 --- [A3Back] [           main] m.m.a.RequestResponseBodyMethodProcessor : Read "application/json;charset=UTF-8" to [A3.projeto.A3Back.DTO.AuthRequest@7e34570]
2025-11-25T19:40:13.079-03:00  INFO 2472 --- [A3Back] [           main] A.p.A3Back.controller.AuthController     : Login attempt for user: testcompany
Hibernate: select em1_0.id,em1_0.ativo,em1_0.cnpj,em1_0.created_at,em1_0.password_hash,em1_0.role,em1_0.updated_at,em1_0.usuario from empresas em1_0 where em1_0.usuario=?
2025-11-25T19:40:13.203-03:00  INFO 2472 --- [A3Back] [           main] A.p.A3Back.controller.AuthController     : JWT token generated successfully for user: TESTCOMPANY
2025-11-25T19:40:13.203-03:00  INFO 2472 --- [A3Back] [           main] A.p.A3Back.service.ScamRetrievalService  : Retrieving scam reports for company: TESTCOMPANY
2025-11-25T19:40:13.203-03:00 DEBUG 2472 --- [A3Back] [           main] o.s.web.client.RestTemplate              : HTTP GET http://localhost:8081/api/empresa/TESTCOMPANY
2025-11-25T19:40:13.209-03:00 DEBUG 2472 --- [A3Back] [           main] o.s.web.client.RestTemplate              : Accept=[application/json, application/*+json]
2025-11-25T19:40:13.209-03:00 DEBUG 2472 --- [A3Back] [           main] o.s.web.client.RestTemplate              : Response 200 OK
2025-11-25T19:40:13.209-03:00 DEBUG 2472 --- [A3Back] [           main] o.s.web.client.RestTemplate              : Reading to [java.util.List<A3.projeto.A3Back.service.ScamRetrievalService$GolpeResponse>]
2025-11-25T19:40:13.211-03:00  INFO 2472 --- [A3Back] [           main] A.p.A3Back.service.ScamRetrievalService  : Successfully retrieved 1 scam report(s) for company: TESTCOMPANY
2025-11-25T19:40:13.211-03:00 DEBUG 2472 --- [A3Back] [           main] o.s.w.s.m.m.a.HttpEntityMethodProcessor  : Using 'application/json', given [*/*] and supported [application/json, application/*+json]
2025-11-25T19:40:13.211-03:00 DEBUG 2472 --- [A3Back] [           main] o.s.w.s.m.m.a.HttpEntityMethodProcessor  : Writing [A3.projeto.A3Back.DTO.AuthResponse@2b5a659f]
]]></system-out>
  </testcase>
  <testcase name="testScamServiceUnavailableScenario" classname="A3.projeto.A3Back.integration.ScamRetrievalIntegrationTest" time="0.386">
    <system-out><![CDATA[Hibernate: select em1_0.id,em1_0.ativo,em1_0.cnpj,em1_0.created_at,em1_0.password_hash,em1_0.role,em1_0.updated_at,em1_0.usuario from empresas em1_0
Hibernate: delete from empresas where id=?
Hibernate: insert into empresas (ativo,cnpj,created_at,password_hash,role,updated_at,usuario) values (?,?,?,?,?,?,?)
2025-11-25T19:40:13.457-03:00 DEBUG 2472 --- [A3Back] [           main] o.s.security.web.FilterChainProxy        : Securing POST /api/auth/login
>>> [Security] Requisição recebida: POST /api/auth/login
2025-11-25T19:40:13.457-03:00 DEBUG 2472 --- [A3Back] [           main] o.s.s.w.a.AnonymousAuthenticationFilter  : Set SecurityContextHolder to anonymous SecurityContext
2025-11-25T19:40:13.459-03:00 DEBUG 2472 --- [A3Back] [           main] o.s.security.web.FilterChainProxy        : Secured POST /api/auth/login
2025-11-25T19:40:13.459-03:00 DEBUG 2472 --- [A3Back] [           main] s.w.s.m.m.a.RequestMappingHandlerMapping : Mapped to A3.projeto.A3Back.controller.AuthController#login(AuthRequest)
2025-11-25T19:40:13.460-03:00 DEBUG 2472 --- [A3Back] [           main] m.m.a.RequestResponseBodyMethodProcessor : Read "application/json;charset=UTF-8" to [A3.projeto.A3Back.DTO.AuthRequest@2f9a7d6f]
2025-11-25T19:40:13.460-03:00  INFO 2472 --- [A3Back] [           main] A.p.A3Back.controller.AuthController     : Login attempt for user: testcompany
Hibernate: select em1_0.id,em1_0.ativo,em1_0.cnpj,em1_0.created_at,em1_0.password_hash,em1_0.role,em1_0.updated_at,em1_0.usuario from empresas em1_0 where em1_0.usuario=?
2025-11-25T19:40:13.599-03:00  INFO 2472 --- [A3Back] [           main] A.p.A3Back.controller.AuthController     : JWT token generated successfully for user: TESTCOMPANY
2025-11-25T19:40:13.599-03:00  INFO 2472 --- [A3Back] [           main] A.p.A3Back.service.ScamRetrievalService  : Retrieving scam reports for company: TESTCOMPANY
2025-11-25T19:40:13.599-03:00 DEBUG 2472 --- [A3Back] [           main] o.s.web.client.RestTemplate              : HTTP GET http://localhost:8081/api/empresa/TESTCOMPANY
2025-11-25T19:40:13.599-03:00 DEBUG 2472 --- [A3Back] [           main] o.s.web.client.RestTemplate              : Accept=[application/json, application/*+json]
2025-11-25T19:40:13.599-03:00  WARN 2472 --- [A3Back] [           main] A.p.A3Back.service.ScamRetrievalService  : Failed to connect to scam service for company TESTCOMPANY: Connection refused
2025-11-25T19:40:13.599-03:00 DEBUG 2472 --- [A3Back] [           main] o.s.w.s.m.m.a.HttpEntityMethodProcessor  : Using 'application/json', given [*/*] and supported [application/json, application/*+json]
2025-11-25T19:40:13.599-03:00 DEBUG 2472 --- [A3Back] [           main] o.s.w.s.m.m.a.HttpEntityMethodProcessor  : Writing [A3.projeto.A3Back.DTO.AuthResponse@458044df]
]]></system-out>
  </testcase>
  <testcase name="testCompleteAuthenticationFlowWithRealHttpCall" classname="A3.projeto.A3Back.integration.ScamRetrievalIntegrationTest" time="0.486">
    <system-out><![CDATA[Hibernate: select em1_0.id,em1_0.ativo,em1_0.cnpj,em1_0.created_at,em1_0.password_hash,em1_0.role,em1_0.updated_at,em1_0.usuario from empresas em1_0
Hibernate: delete from empresas where id=?
Hibernate: insert into empresas (ativo,cnpj,created_at,password_hash,role,updated_at,usuario) values (?,?,?,?,?,?,?)
2025-11-25T19:40:13.928-03:00 DEBUG 2472 --- [A3Back] [           main] o.s.security.web.FilterChainProxy        : Securing POST /api/auth/login
>>> [Security] Requisição recebida: POST /api/auth/login
2025-11-25T19:40:13.928-03:00 DEBUG 2472 --- [A3Back] [           main] o.s.s.w.a.AnonymousAuthenticationFilter  : Set SecurityContextHolder to anonymous SecurityContext
2025-11-25T19:40:13.928-03:00 DEBUG 2472 --- [A3Back] [           main] o.s.security.web.FilterChainProxy        : Secured POST /api/auth/login
2025-11-25T19:40:13.928-03:00 DEBUG 2472 --- [A3Back] [           main] s.w.s.m.m.a.RequestMappingHandlerMapping : Mapped to A3.projeto.A3Back.controller.AuthController#login(AuthRequest)
2025-11-25T19:40:13.930-03:00 DEBUG 2472 --- [A3Back] [           main] m.m.a.RequestResponseBodyMethodProcessor : Read "application/json;charset=UTF-8" to [A3.projeto.A3Back.DTO.AuthRequest@6c37b0de]
2025-11-25T19:40:13.930-03:00  INFO 2472 --- [A3Back] [           main] A.p.A3Back.controller.AuthController     : Login attempt for user: testcompany
Hibernate: select em1_0.id,em1_0.ativo,em1_0.cnpj,em1_0.created_at,em1_0.password_hash,em1_0.role,em1_0.updated_at,em1_0.usuario from empresas em1_0 where em1_0.usuario=?
2025-11-25T19:40:14.077-03:00  INFO 2472 --- [A3Back] [           main] A.p.A3Back.controller.AuthController     : JWT token generated successfully for user: TESTCOMPANY
2025-11-25T19:40:14.092-03:00  INFO 2472 --- [A3Back] [           main] A.p.A3Back.service.ScamRetrievalService  : Retrieving scam reports for company: TESTCOMPANY
2025-11-25T19:40:14.094-03:00 DEBUG 2472 --- [A3Back] [           main] o.s.web.client.RestTemplate              : HTTP GET http://localhost:8081/api/empresa/TESTCOMPANY
2025-11-25T19:40:14.094-03:00 DEBUG 2472 --- [A3Back] [           main] o.s.web.client.RestTemplate              : Accept=[application/json, application/*+json]
2025-11-25T19:40:14.094-03:00 DEBUG 2472 --- [A3Back] [           main] o.s.web.client.RestTemplate              : Response 200 OK
2025-11-25T19:40:14.094-03:00 DEBUG 2472 --- [A3Back] [           main] o.s.web.client.RestTemplate              : Reading to [java.util.List<A3.projeto.A3Back.service.ScamRetrievalService$GolpeResponse>]
2025-11-25T19:40:14.096-03:00  INFO 2472 --- [A3Back] [           main] A.p.A3Back.service.ScamRetrievalService  : Successfully retrieved 1 scam report(s) for company: TESTCOMPANY
2025-11-25T19:40:14.096-03:00 DEBUG 2472 --- [A3Back] [           main] o.s.w.s.m.m.a.HttpEntityMethodProcessor  : Using 'application/json', given [*/*] and supported [application/json, application/*+json]
2025-11-25T19:40:14.100-03:00 DEBUG 2472 --- [A3Back] [           main] o.s.w.s.m.m.a.HttpEntityMethodProcessor  : Writing [A3.projeto.A3Back.DTO.AuthResponse@5331a22c]
]]></system-out>
  </testcase>
</testsuite>